2021-07-27 17:34:46,164 ERROR [http-nio-9999-exec-3] c.w.s.c.a.ExceptionAdvice [ExceptionAdvice.java:27] 服务器发生异常: Illegal file path: 27.png
[ErrorCode]: Unknown
[RequestId]: Unknown
2021-07-27 17:34:46,167 ERROR [http-nio-9999-exec-3] c.w.s.c.a.ExceptionAdvice [ExceptionAdvice.java:29] com.aliyun.oss.internal.OSSObjectOperation.writeObjectInternal(OSSObjectOperation.java:1081)
2021-07-27 17:34:46,167 ERROR [http-nio-9999-exec-3] c.w.s.c.a.ExceptionAdvice [ExceptionAdvice.java:29] com.aliyun.oss.internal.OSSObjectOperation.putObject(OSSObjectOperation.java:130)
2021-07-27 17:34:46,167 ERROR [http-nio-9999-exec-3] c.w.s.c.a.ExceptionAdvice [ExceptionAdvice.java:29] com.aliyun.oss.OSSClient.putObject(OSSClient.java:535)
2021-07-27 17:34:46,168 ERROR [http-nio-9999-exec-3] c.w.s.c.a.ExceptionAdvice [ExceptionAdvice.java:29] com.wu.studyniuke.controller.UserController.updateHeader(UserController.java:116)
2021-07-27 17:34:46,168 ERROR [http-nio-9999-exec-3] c.w.s.c.a.ExceptionAdvice [ExceptionAdvice.java:29] sun.reflect.NativeMethodAccessorImpl.invoke0(Native Method)
2021-07-27 17:34:46,169 ERROR [http-nio-9999-exec-3] c.w.s.c.a.ExceptionAdvice [ExceptionAdvice.java:29] sun.reflect.NativeMethodAccessorImpl.invoke(NativeMethodAccessorImpl.java:62)
2021-07-27 17:34:46,169 ERROR [http-nio-9999-exec-3] c.w.s.c.a.ExceptionAdvice [ExceptionAdvice.java:29] sun.reflect.DelegatingMethodAccessorImpl.invoke(DelegatingMethodAccessorImpl.java:43)
2021-07-27 17:34:46,170 ERROR [http-nio-9999-exec-3] c.w.s.c.a.ExceptionAdvice [ExceptionAdvice.java:29] java.lang.reflect.Method.invoke(Method.java:498)
2021-07-27 17:34:46,170 ERROR [http-nio-9999-exec-3] c.w.s.c.a.ExceptionAdvice [ExceptionAdvice.java:29] org.springframework.web.method.support.InvocableHandlerMethod.doInvoke(InvocableHandlerMethod.java:197)
2021-07-27 17:34:46,170 ERROR [http-nio-9999-exec-3] c.w.s.c.a.ExceptionAdvice [ExceptionAdvice.java:29] org.springframework.web.method.support.InvocableHandlerMethod.invokeForRequest(InvocableHandlerMethod.java:141)
2021-07-27 17:34:46,171 ERROR [http-nio-9999-exec-3] c.w.s.c.a.ExceptionAdvice [ExceptionAdvice.java:29] org.springframework.web.servlet.mvc.method.annotation.ServletInvocableHandlerMethod.invokeAndHandle(ServletInvocableHandlerMethod.java:106)
2021-07-27 17:34:46,171 ERROR [http-nio-9999-exec-3] c.w.s.c.a.ExceptionAdvice [ExceptionAdvice.java:29] org.springframework.web.servlet.mvc.method.annotation.RequestMappingHandlerAdapter.invokeHandlerMethod(RequestMappingHandlerAdapter.java:894)
2021-07-27 17:34:46,171 ERROR [http-nio-9999-exec-3] c.w.s.c.a.ExceptionAdvice [ExceptionAdvice.java:29] org.springframework.web.servlet.mvc.method.annotation.RequestMappingHandlerAdapter.handleInternal(RequestMappingHandlerAdapter.java:808)
2021-07-27 17:34:46,172 ERROR [http-nio-9999-exec-3] c.w.s.c.a.ExceptionAdvice [ExceptionAdvice.java:29] org.springframework.web.servlet.mvc.method.AbstractHandlerMethodAdapter.handle(AbstractHandlerMethodAdapter.java:87)
2021-07-27 17:34:46,172 ERROR [http-nio-9999-exec-3] c.w.s.c.a.ExceptionAdvice [ExceptionAdvice.java:29] org.springframework.web.servlet.DispatcherServlet.doDispatch(DispatcherServlet.java:1060)
2021-07-27 17:34:46,172 ERROR [http-nio-9999-exec-3] c.w.s.c.a.ExceptionAdvice [ExceptionAdvice.java:29] org.springframework.web.servlet.DispatcherServlet.doService(DispatcherServlet.java:962)
2021-07-27 17:34:46,172 ERROR [http-nio-9999-exec-3] c.w.s.c.a.ExceptionAdvice [ExceptionAdvice.java:29] org.springframework.web.servlet.FrameworkServlet.processRequest(FrameworkServlet.java:1006)
2021-07-27 17:34:46,173 ERROR [http-nio-9999-exec-3] c.w.s.c.a.ExceptionAdvice [ExceptionAdvice.java:29] org.springframework.web.servlet.FrameworkServlet.doPost(FrameworkServlet.java:909)
2021-07-27 17:34:46,173 ERROR [http-nio-9999-exec-3] c.w.s.c.a.ExceptionAdvice [ExceptionAdvice.java:29] javax.servlet.http.HttpServlet.service(HttpServlet.java:652)
2021-07-27 17:34:46,173 ERROR [http-nio-9999-exec-3] c.w.s.c.a.ExceptionAdvice [ExceptionAdvice.java:29] org.springframework.web.servlet.FrameworkServlet.service(FrameworkServlet.java:883)
2021-07-27 17:34:46,173 ERROR [http-nio-9999-exec-3] c.w.s.c.a.ExceptionAdvice [ExceptionAdvice.java:29] javax.servlet.http.HttpServlet.service(HttpServlet.java:733)
2021-07-27 17:34:46,173 ERROR [http-nio-9999-exec-3] c.w.s.c.a.ExceptionAdvice [ExceptionAdvice.java:29] org.apache.catalina.core.ApplicationFilterChain.internalDoFilter(ApplicationFilterChain.java:227)
2021-07-27 17:34:46,174 ERROR [http-nio-9999-exec-3] c.w.s.c.a.ExceptionAdvice [ExceptionAdvice.java:29] org.apache.catalina.core.ApplicationFilterChain.doFilter(ApplicationFilterChain.java:162)
2021-07-27 17:34:46,174 ERROR [http-nio-9999-exec-3] c.w.s.c.a.ExceptionAdvice [ExceptionAdvice.java:29] org.apache.tomcat.websocket.server.WsFilter.doFilter(WsFilter.java:53)
2021-07-27 17:34:46,174 ERROR [http-nio-9999-exec-3] c.w.s.c.a.ExceptionAdvice [ExceptionAdvice.java:29] org.apache.catalina.core.ApplicationFilterChain.internalDoFilter(ApplicationFilterChain.java:189)
2021-07-27 17:34:46,174 ERROR [http-nio-9999-exec-3] c.w.s.c.a.ExceptionAdvice [ExceptionAdvice.java:29] org.apache.catalina.core.ApplicationFilterChain.doFilter(ApplicationFilterChain.java:162)
2021-07-27 17:34:46,174 ERROR [http-nio-9999-exec-3] c.w.s.c.a.ExceptionAdvice [ExceptionAdvice.java:29] org.springframework.security.web.FilterChainProxy$VirtualFilterChain.doFilter(FilterChainProxy.java:327)
2021-07-27 17:34:46,175 ERROR [http-nio-9999-exec-3] c.w.s.c.a.ExceptionAdvice [ExceptionAdvice.java:29] org.springframework.security.web.access.intercept.FilterSecurityInterceptor.invoke(FilterSecurityInterceptor.java:115)
2021-07-27 17:34:46,175 ERROR [http-nio-9999-exec-3] c.w.s.c.a.ExceptionAdvice [ExceptionAdvice.java:29] org.springframework.security.web.access.intercept.FilterSecurityInterceptor.doFilter(FilterSecurityInterceptor.java:81)
2021-07-27 17:34:46,175 ERROR [http-nio-9999-exec-3] c.w.s.c.a.ExceptionAdvice [ExceptionAdvice.java:29] org.springframework.security.web.FilterChainProxy$VirtualFilterChain.doFilter(FilterChainProxy.java:336)
2021-07-27 17:34:46,175 ERROR [http-nio-9999-exec-3] c.w.s.c.a.ExceptionAdvice [ExceptionAdvice.java:29] org.springframework.security.web.access.ExceptionTranslationFilter.doFilter(ExceptionTranslationFilter.java:119)
2021-07-27 17:34:46,176 ERROR [http-nio-9999-exec-3] c.w.s.c.a.ExceptionAdvice [ExceptionAdvice.java:29] org.springframework.security.web.access.ExceptionTranslationFilter.doFilter(ExceptionTranslationFilter.java:113)
2021-07-27 17:34:46,176 ERROR [http-nio-9999-exec-3] c.w.s.c.a.ExceptionAdvice [ExceptionAdvice.java:29] org.springframework.security.web.FilterChainProxy$VirtualFilterChain.doFilter(FilterChainProxy.java:336)
2021-07-27 17:34:46,176 ERROR [http-nio-9999-exec-3] c.w.s.c.a.ExceptionAdvice [ExceptionAdvice.java:29] org.springframework.security.web.session.SessionManagementFilter.doFilter(SessionManagementFilter.java:126)
2021-07-27 17:34:46,176 ERROR [http-nio-9999-exec-3] c.w.s.c.a.ExceptionAdvice [ExceptionAdvice.java:29] org.springframework.security.web.session.SessionManagementFilter.doFilter(SessionManagementFilter.java:81)
2021-07-27 17:34:46,177 ERROR [http-nio-9999-exec-3] c.w.s.c.a.ExceptionAdvice [ExceptionAdvice.java:29] org.springframework.security.web.FilterChainProxy$VirtualFilterChain.doFilter(FilterChainProxy.java:336)
2021-07-27 17:34:46,177 ERROR [http-nio-9999-exec-3] c.w.s.c.a.ExceptionAdvice [ExceptionAdvice.java:29] org.springframework.security.web.authentication.AnonymousAuthenticationFilter.doFilter(AnonymousAuthenticationFilter.java:105)
2021-07-27 17:34:46,177 ERROR [http-nio-9999-exec-3] c.w.s.c.a.ExceptionAdvice [ExceptionAdvice.java:29] org.springframework.security.web.FilterChainProxy$VirtualFilterChain.doFilter(FilterChainProxy.java:336)
2021-07-27 17:34:46,177 ERROR [http-nio-9999-exec-3] c.w.s.c.a.ExceptionAdvice [ExceptionAdvice.java:29] org.springframework.security.web.servletapi.SecurityContextHolderAwareRequestFilter.doFilter(SecurityContextHolderAwareRequestFilter.java:149)
2021-07-27 17:34:46,177 ERROR [http-nio-9999-exec-3] c.w.s.c.a.ExceptionAdvice [ExceptionAdvice.java:29] org.springframework.security.web.FilterChainProxy$VirtualFilterChain.doFilter(FilterChainProxy.java:336)
2021-07-27 17:34:46,177 ERROR [http-nio-9999-exec-3] c.w.s.c.a.ExceptionAdvice [ExceptionAdvice.java:29] org.springframework.security.web.savedrequest.RequestCacheAwareFilter.doFilter(RequestCacheAwareFilter.java:63)
2021-07-27 17:34:46,178 ERROR [http-nio-9999-exec-3] c.w.s.c.a.ExceptionAdvice [ExceptionAdvice.java:29] org.springframework.security.web.FilterChainProxy$VirtualFilterChain.doFilter(FilterChainProxy.java:336)
2021-07-27 17:34:46,178 ERROR [http-nio-9999-exec-3] c.w.s.c.a.ExceptionAdvice [ExceptionAdvice.java:29] org.springframework.security.web.authentication.logout.LogoutFilter.doFilter(LogoutFilter.java:103)
2021-07-27 17:34:46,178 ERROR [http-nio-9999-exec-3] c.w.s.c.a.ExceptionAdvice [ExceptionAdvice.java:29] org.springframework.security.web.authentication.logout.LogoutFilter.doFilter(LogoutFilter.java:89)
2021-07-27 17:34:46,179 ERROR [http-nio-9999-exec-3] c.w.s.c.a.ExceptionAdvice [ExceptionAdvice.java:29] org.springframework.security.web.FilterChainProxy$VirtualFilterChain.doFilter(FilterChainProxy.java:336)
2021-07-27 17:34:46,179 ERROR [http-nio-9999-exec-3] c.w.s.c.a.ExceptionAdvice [ExceptionAdvice.java:29] org.springframework.security.web.header.HeaderWriterFilter.doHeadersAfter(HeaderWriterFilter.java:90)
2021-07-27 17:34:46,179 ERROR [http-nio-9999-exec-3] c.w.s.c.a.ExceptionAdvice [ExceptionAdvice.java:29] org.springframework.security.web.header.HeaderWriterFilter.doFilterInternal(HeaderWriterFilter.java:75)
2021-07-27 17:34:46,179 ERROR [http-nio-9999-exec-3] c.w.s.c.a.ExceptionAdvice [ExceptionAdvice.java:29] org.springframework.web.filter.OncePerRequestFilter.doFilter(OncePerRequestFilter.java:119)
2021-07-27 17:34:46,179 ERROR [http-nio-9999-exec-3] c.w.s.c.a.ExceptionAdvice [ExceptionAdvice.java:29] org.springframework.security.web.FilterChainProxy$VirtualFilterChain.doFilter(FilterChainProxy.java:336)
2021-07-27 17:34:46,180 ERROR [http-nio-9999-exec-3] c.w.s.c.a.ExceptionAdvice [ExceptionAdvice.java:29] org.springframework.security.web.context.SecurityContextPersistenceFilter.doFilter(SecurityContextPersistenceFilter.java:110)
2021-07-27 17:34:46,180 ERROR [http-nio-9999-exec-3] c.w.s.c.a.ExceptionAdvice [ExceptionAdvice.java:29] org.springframework.security.web.context.SecurityContextPersistenceFilter.doFilter(SecurityContextPersistenceFilter.java:80)
2021-07-27 17:34:46,180 ERROR [http-nio-9999-exec-3] c.w.s.c.a.ExceptionAdvice [ExceptionAdvice.java:29] org.springframework.security.web.FilterChainProxy$VirtualFilterChain.doFilter(FilterChainProxy.java:336)
2021-07-27 17:34:46,180 ERROR [http-nio-9999-exec-3] c.w.s.c.a.ExceptionAdvice [ExceptionAdvice.java:29] org.springframework.security.web.context.request.async.WebAsyncManagerIntegrationFilter.doFilterInternal(WebAsyncManagerIntegrationFilter.java:55)
2021-07-27 17:34:46,180 ERROR [http-nio-9999-exec-3] c.w.s.c.a.ExceptionAdvice [ExceptionAdvice.java:29] org.springframework.web.filter.OncePerRequestFilter.doFilter(OncePerRequestFilter.java:119)
2021-07-27 17:34:46,180 ERROR [http-nio-9999-exec-3] c.w.s.c.a.ExceptionAdvice [ExceptionAdvice.java:29] org.springframework.security.web.FilterChainProxy$VirtualFilterChain.doFilter(FilterChainProxy.java:336)
2021-07-27 17:34:46,181 ERROR [http-nio-9999-exec-3] c.w.s.c.a.ExceptionAdvice [ExceptionAdvice.java:29] org.springframework.security.web.FilterChainProxy.doFilterInternal(FilterChainProxy.java:211)
2021-07-27 17:34:46,181 ERROR [http-nio-9999-exec-3] c.w.s.c.a.ExceptionAdvice [ExceptionAdvice.java:29] org.springframework.security.web.FilterChainProxy.doFilter(FilterChainProxy.java:183)
2021-07-27 17:34:46,181 ERROR [http-nio-9999-exec-3] c.w.s.c.a.ExceptionAdvice [ExceptionAdvice.java:29] org.springframework.web.filter.DelegatingFilterProxy.invokeDelegate(DelegatingFilterProxy.java:358)
2021-07-27 17:34:46,181 ERROR [http-nio-9999-exec-3] c.w.s.c.a.ExceptionAdvice [ExceptionAdvice.java:29] org.springframework.web.filter.DelegatingFilterProxy.doFilter(DelegatingFilterProxy.java:271)
2021-07-27 17:34:46,181 ERROR [http-nio-9999-exec-3] c.w.s.c.a.ExceptionAdvice [ExceptionAdvice.java:29] org.apache.catalina.core.ApplicationFilterChain.internalDoFilter(ApplicationFilterChain.java:189)
2021-07-27 17:34:46,181 ERROR [http-nio-9999-exec-3] c.w.s.c.a.ExceptionAdvice [ExceptionAdvice.java:29] org.apache.catalina.core.ApplicationFilterChain.doFilter(ApplicationFilterChain.java:162)
2021-07-27 17:34:46,182 ERROR [http-nio-9999-exec-3] c.w.s.c.a.ExceptionAdvice [ExceptionAdvice.java:29] org.springframework.web.filter.RequestContextFilter.doFilterInternal(RequestContextFilter.java:100)
2021-07-27 17:34:46,182 ERROR [http-nio-9999-exec-3] c.w.s.c.a.ExceptionAdvice [ExceptionAdvice.java:29] org.springframework.web.filter.OncePerRequestFilter.doFilter(OncePerRequestFilter.java:119)
2021-07-27 17:34:46,182 ERROR [http-nio-9999-exec-3] c.w.s.c.a.ExceptionAdvice [ExceptionAdvice.java:29] org.apache.catalina.core.ApplicationFilterChain.internalDoFilter(ApplicationFilterChain.java:189)
2021-07-27 17:34:46,182 ERROR [http-nio-9999-exec-3] c.w.s.c.a.ExceptionAdvice [ExceptionAdvice.java:29] org.apache.catalina.core.ApplicationFilterChain.doFilter(ApplicationFilterChain.java:162)
2021-07-27 17:34:46,182 ERROR [http-nio-9999-exec-3] c.w.s.c.a.ExceptionAdvice [ExceptionAdvice.java:29] org.springframework.web.filter.FormContentFilter.doFilterInternal(FormContentFilter.java:93)
2021-07-27 17:34:46,182 ERROR [http-nio-9999-exec-3] c.w.s.c.a.ExceptionAdvice [ExceptionAdvice.java:29] org.springframework.web.filter.OncePerRequestFilter.doFilter(OncePerRequestFilter.java:119)
2021-07-27 17:34:46,183 ERROR [http-nio-9999-exec-3] c.w.s.c.a.ExceptionAdvice [ExceptionAdvice.java:29] org.apache.catalina.core.ApplicationFilterChain.internalDoFilter(ApplicationFilterChain.java:189)
2021-07-27 17:34:46,183 ERROR [http-nio-9999-exec-3] c.w.s.c.a.ExceptionAdvice [ExceptionAdvice.java:29] org.apache.catalina.core.ApplicationFilterChain.doFilter(ApplicationFilterChain.java:162)
2021-07-27 17:34:46,183 ERROR [http-nio-9999-exec-3] c.w.s.c.a.ExceptionAdvice [ExceptionAdvice.java:29] org.springframework.web.filter.CharacterEncodingFilter.doFilterInternal(CharacterEncodingFilter.java:201)
2021-07-27 17:34:46,183 ERROR [http-nio-9999-exec-3] c.w.s.c.a.ExceptionAdvice [ExceptionAdvice.java:29] org.springframework.web.filter.OncePerRequestFilter.doFilter(OncePerRequestFilter.java:119)
2021-07-27 17:34:46,183 ERROR [http-nio-9999-exec-3] c.w.s.c.a.ExceptionAdvice [ExceptionAdvice.java:29] org.apache.catalina.core.ApplicationFilterChain.internalDoFilter(ApplicationFilterChain.java:189)
2021-07-27 17:34:46,183 ERROR [http-nio-9999-exec-3] c.w.s.c.a.ExceptionAdvice [ExceptionAdvice.java:29] org.apache.catalina.core.ApplicationFilterChain.doFilter(ApplicationFilterChain.java:162)
2021-07-27 17:34:46,184 ERROR [http-nio-9999-exec-3] c.w.s.c.a.ExceptionAdvice [ExceptionAdvice.java:29] org.apache.catalina.core.StandardWrapperValve.invoke(StandardWrapperValve.java:202)
2021-07-27 17:34:46,184 ERROR [http-nio-9999-exec-3] c.w.s.c.a.ExceptionAdvice [ExceptionAdvice.java:29] org.apache.catalina.core.StandardContextValve.invoke(StandardContextValve.java:97)
2021-07-27 17:34:46,184 ERROR [http-nio-9999-exec-3] c.w.s.c.a.ExceptionAdvice [ExceptionAdvice.java:29] org.apache.catalina.authenticator.AuthenticatorBase.invoke(AuthenticatorBase.java:542)
2021-07-27 17:34:46,184 ERROR [http-nio-9999-exec-3] c.w.s.c.a.ExceptionAdvice [ExceptionAdvice.java:29] org.apache.catalina.core.StandardHostValve.invoke(StandardHostValve.java:143)
2021-07-27 17:34:46,184 ERROR [http-nio-9999-exec-3] c.w.s.c.a.ExceptionAdvice [ExceptionAdvice.java:29] org.apache.catalina.valves.ErrorReportValve.invoke(ErrorReportValve.java:92)
2021-07-27 17:34:46,184 ERROR [http-nio-9999-exec-3] c.w.s.c.a.ExceptionAdvice [ExceptionAdvice.java:29] org.apache.catalina.core.StandardEngineValve.invoke(StandardEngineValve.java:78)
2021-07-27 17:34:46,184 ERROR [http-nio-9999-exec-3] c.w.s.c.a.ExceptionAdvice [ExceptionAdvice.java:29] org.apache.catalina.connector.CoyoteAdapter.service(CoyoteAdapter.java:357)
2021-07-27 17:34:46,185 ERROR [http-nio-9999-exec-3] c.w.s.c.a.ExceptionAdvice [ExceptionAdvice.java:29] org.apache.coyote.http11.Http11Processor.service(Http11Processor.java:374)
2021-07-27 17:34:46,185 ERROR [http-nio-9999-exec-3] c.w.s.c.a.ExceptionAdvice [ExceptionAdvice.java:29] org.apache.coyote.AbstractProcessorLight.process(AbstractProcessorLight.java:65)
2021-07-27 17:34:46,185 ERROR [http-nio-9999-exec-3] c.w.s.c.a.ExceptionAdvice [ExceptionAdvice.java:29] org.apache.coyote.AbstractProtocol$ConnectionHandler.process(AbstractProtocol.java:893)
2021-07-27 17:34:46,185 ERROR [http-nio-9999-exec-3] c.w.s.c.a.ExceptionAdvice [ExceptionAdvice.java:29] org.apache.tomcat.util.net.NioEndpoint$SocketProcessor.doRun(NioEndpoint.java:1707)
2021-07-27 17:34:46,185 ERROR [http-nio-9999-exec-3] c.w.s.c.a.ExceptionAdvice [ExceptionAdvice.java:29] org.apache.tomcat.util.net.SocketProcessorBase.run(SocketProcessorBase.java:49)
2021-07-27 17:34:46,185 ERROR [http-nio-9999-exec-3] c.w.s.c.a.ExceptionAdvice [ExceptionAdvice.java:29] java.util.concurrent.ThreadPoolExecutor.runWorker(ThreadPoolExecutor.java:1149)
2021-07-27 17:34:46,186 ERROR [http-nio-9999-exec-3] c.w.s.c.a.ExceptionAdvice [ExceptionAdvice.java:29] java.util.concurrent.ThreadPoolExecutor$Worker.run(ThreadPoolExecutor.java:624)
2021-07-27 17:34:46,186 ERROR [http-nio-9999-exec-3] c.w.s.c.a.ExceptionAdvice [ExceptionAdvice.java:29] org.apache.tomcat.util.threads.TaskThread$WrappingRunnable.run(TaskThread.java:61)
2021-07-27 17:34:46,186 ERROR [http-nio-9999-exec-3] c.w.s.c.a.ExceptionAdvice [ExceptionAdvice.java:29] java.lang.Thread.run(Thread.java:748)
2021-07-27 17:37:01,428 ERROR [http-nio-9999-exec-6] c.w.s.c.a.ExceptionAdvice [ExceptionAdvice.java:27] 服务器发生异常: Illegal file path: 27.png
[ErrorCode]: Unknown
[RequestId]: Unknown
2021-07-27 17:37:01,429 ERROR [http-nio-9999-exec-6] c.w.s.c.a.ExceptionAdvice [ExceptionAdvice.java:29] com.aliyun.oss.internal.OSSObjectOperation.writeObjectInternal(OSSObjectOperation.java:1081)
2021-07-27 17:37:01,429 ERROR [http-nio-9999-exec-6] c.w.s.c.a.ExceptionAdvice [ExceptionAdvice.java:29] com.aliyun.oss.internal.OSSObjectOperation.putObject(OSSObjectOperation.java:130)
2021-07-27 17:37:01,429 ERROR [http-nio-9999-exec-6] c.w.s.c.a.ExceptionAdvice [ExceptionAdvice.java:29] com.aliyun.oss.OSSClient.putObject(OSSClient.java:535)
2021-07-27 17:37:01,429 ERROR [http-nio-9999-exec-6] c.w.s.c.a.ExceptionAdvice [ExceptionAdvice.java:29] com.wu.studyniuke.controller.UserController.updateHeader(UserController.java:118)
2021-07-27 17:37:01,430 ERROR [http-nio-9999-exec-6] c.w.s.c.a.ExceptionAdvice [ExceptionAdvice.java:29] sun.reflect.NativeMethodAccessorImpl.invoke0(Native Method)
2021-07-27 17:37:01,430 ERROR [http-nio-9999-exec-6] c.w.s.c.a.ExceptionAdvice [ExceptionAdvice.java:29] sun.reflect.NativeMethodAccessorImpl.invoke(NativeMethodAccessorImpl.java:62)
2021-07-27 17:37:01,430 ERROR [http-nio-9999-exec-6] c.w.s.c.a.ExceptionAdvice [ExceptionAdvice.java:29] sun.reflect.DelegatingMethodAccessorImpl.invoke(DelegatingMethodAccessorImpl.java:43)
2021-07-27 17:37:01,431 ERROR [http-nio-9999-exec-6] c.w.s.c.a.ExceptionAdvice [ExceptionAdvice.java:29] java.lang.reflect.Method.invoke(Method.java:498)
2021-07-27 17:37:01,431 ERROR [http-nio-9999-exec-6] c.w.s.c.a.ExceptionAdvice [ExceptionAdvice.java:29] org.springframework.web.method.support.InvocableHandlerMethod.doInvoke(InvocableHandlerMethod.java:197)
2021-07-27 17:37:01,431 ERROR [http-nio-9999-exec-6] c.w.s.c.a.ExceptionAdvice [ExceptionAdvice.java:29] org.springframework.web.method.support.InvocableHandlerMethod.invokeForRequest(InvocableHandlerMethod.java:141)
2021-07-27 17:37:01,431 ERROR [http-nio-9999-exec-6] c.w.s.c.a.ExceptionAdvice [ExceptionAdvice.java:29] org.springframework.web.servlet.mvc.method.annotation.ServletInvocableHandlerMethod.invokeAndHandle(ServletInvocableHandlerMethod.java:106)
2021-07-27 17:37:01,432 ERROR [http-nio-9999-exec-6] c.w.s.c.a.ExceptionAdvice [ExceptionAdvice.java:29] org.springframework.web.servlet.mvc.method.annotation.RequestMappingHandlerAdapter.invokeHandlerMethod(RequestMappingHandlerAdapter.java:894)
2021-07-27 17:37:01,432 ERROR [http-nio-9999-exec-6] c.w.s.c.a.ExceptionAdvice [ExceptionAdvice.java:29] org.springframework.web.servlet.mvc.method.annotation.RequestMappingHandlerAdapter.handleInternal(RequestMappingHandlerAdapter.java:808)
2021-07-27 17:37:01,432 ERROR [http-nio-9999-exec-6] c.w.s.c.a.ExceptionAdvice [ExceptionAdvice.java:29] org.springframework.web.servlet.mvc.method.AbstractHandlerMethodAdapter.handle(AbstractHandlerMethodAdapter.java:87)
2021-07-27 17:37:01,432 ERROR [http-nio-9999-exec-6] c.w.s.c.a.ExceptionAdvice [ExceptionAdvice.java:29] org.springframework.web.servlet.DispatcherServlet.doDispatch(DispatcherServlet.java:1060)
2021-07-27 17:37:01,432 ERROR [http-nio-9999-exec-6] c.w.s.c.a.ExceptionAdvice [ExceptionAdvice.java:29] org.springframework.web.servlet.DispatcherServlet.doService(DispatcherServlet.java:962)
2021-07-27 17:37:01,433 ERROR [http-nio-9999-exec-6] c.w.s.c.a.ExceptionAdvice [ExceptionAdvice.java:29] org.springframework.web.servlet.FrameworkServlet.processRequest(FrameworkServlet.java:1006)
2021-07-27 17:37:01,433 ERROR [http-nio-9999-exec-6] c.w.s.c.a.ExceptionAdvice [ExceptionAdvice.java:29] org.springframework.web.servlet.FrameworkServlet.doPost(FrameworkServlet.java:909)
2021-07-27 17:37:01,433 ERROR [http-nio-9999-exec-6] c.w.s.c.a.ExceptionAdvice [ExceptionAdvice.java:29] javax.servlet.http.HttpServlet.service(HttpServlet.java:652)
2021-07-27 17:37:01,433 ERROR [http-nio-9999-exec-6] c.w.s.c.a.ExceptionAdvice [ExceptionAdvice.java:29] org.springframework.web.servlet.FrameworkServlet.service(FrameworkServlet.java:883)
2021-07-27 17:37:01,434 ERROR [http-nio-9999-exec-6] c.w.s.c.a.ExceptionAdvice [ExceptionAdvice.java:29] javax.servlet.http.HttpServlet.service(HttpServlet.java:733)
2021-07-27 17:37:01,434 ERROR [http-nio-9999-exec-6] c.w.s.c.a.ExceptionAdvice [ExceptionAdvice.java:29] org.apache.catalina.core.ApplicationFilterChain.internalDoFilter(ApplicationFilterChain.java:227)
2021-07-27 17:37:01,434 ERROR [http-nio-9999-exec-6] c.w.s.c.a.ExceptionAdvice [ExceptionAdvice.java:29] org.apache.catalina.core.ApplicationFilterChain.doFilter(ApplicationFilterChain.java:162)
2021-07-27 17:37:01,434 ERROR [http-nio-9999-exec-6] c.w.s.c.a.ExceptionAdvice [ExceptionAdvice.java:29] org.apache.tomcat.websocket.server.WsFilter.doFilter(WsFilter.java:53)
2021-07-27 17:37:01,435 ERROR [http-nio-9999-exec-6] c.w.s.c.a.ExceptionAdvice [ExceptionAdvice.java:29] org.apache.catalina.core.ApplicationFilterChain.internalDoFilter(ApplicationFilterChain.java:189)
2021-07-27 17:37:01,435 ERROR [http-nio-9999-exec-6] c.w.s.c.a.ExceptionAdvice [ExceptionAdvice.java:29] org.apache.catalina.core.ApplicationFilterChain.doFilter(ApplicationFilterChain.java:162)
2021-07-27 17:37:01,435 ERROR [http-nio-9999-exec-6] c.w.s.c.a.ExceptionAdvice [ExceptionAdvice.java:29] org.springframework.security.web.FilterChainProxy$VirtualFilterChain.doFilter(FilterChainProxy.java:327)
2021-07-27 17:37:01,435 ERROR [http-nio-9999-exec-6] c.w.s.c.a.ExceptionAdvice [ExceptionAdvice.java:29] org.springframework.security.web.access.intercept.FilterSecurityInterceptor.invoke(FilterSecurityInterceptor.java:115)
2021-07-27 17:37:01,436 ERROR [http-nio-9999-exec-6] c.w.s.c.a.ExceptionAdvice [ExceptionAdvice.java:29] org.springframework.security.web.access.intercept.FilterSecurityInterceptor.doFilter(FilterSecurityInterceptor.java:81)
2021-07-27 17:37:01,436 ERROR [http-nio-9999-exec-6] c.w.s.c.a.ExceptionAdvice [ExceptionAdvice.java:29] org.springframework.security.web.FilterChainProxy$VirtualFilterChain.doFilter(FilterChainProxy.java:336)
2021-07-27 17:37:01,436 ERROR [http-nio-9999-exec-6] c.w.s.c.a.ExceptionAdvice [ExceptionAdvice.java:29] org.springframework.security.web.access.ExceptionTranslationFilter.doFilter(ExceptionTranslationFilter.java:119)
2021-07-27 17:37:01,436 ERROR [http-nio-9999-exec-6] c.w.s.c.a.ExceptionAdvice [ExceptionAdvice.java:29] org.springframework.security.web.access.ExceptionTranslationFilter.doFilter(ExceptionTranslationFilter.java:113)
2021-07-27 17:37:01,437 ERROR [http-nio-9999-exec-6] c.w.s.c.a.ExceptionAdvice [ExceptionAdvice.java:29] org.springframework.security.web.FilterChainProxy$VirtualFilterChain.doFilter(FilterChainProxy.java:336)
2021-07-27 17:37:01,437 ERROR [http-nio-9999-exec-6] c.w.s.c.a.ExceptionAdvice [ExceptionAdvice.java:29] org.springframework.security.web.session.SessionManagementFilter.doFilter(SessionManagementFilter.java:126)
2021-07-27 17:37:01,437 ERROR [http-nio-9999-exec-6] c.w.s.c.a.ExceptionAdvice [ExceptionAdvice.java:29] org.springframework.security.web.session.SessionManagementFilter.doFilter(SessionManagementFilter.java:81)
2021-07-27 17:37:01,437 ERROR [http-nio-9999-exec-6] c.w.s.c.a.ExceptionAdvice [ExceptionAdvice.java:29] org.springframework.security.web.FilterChainProxy$VirtualFilterChain.doFilter(FilterChainProxy.java:336)
2021-07-27 17:37:01,437 ERROR [http-nio-9999-exec-6] c.w.s.c.a.ExceptionAdvice [ExceptionAdvice.java:29] org.springframework.security.web.authentication.AnonymousAuthenticationFilter.doFilter(AnonymousAuthenticationFilter.java:105)
2021-07-27 17:37:01,437 ERROR [http-nio-9999-exec-6] c.w.s.c.a.ExceptionAdvice [ExceptionAdvice.java:29] org.springframework.security.web.FilterChainProxy$VirtualFilterChain.doFilter(FilterChainProxy.java:336)
2021-07-27 17:37:01,438 ERROR [http-nio-9999-exec-6] c.w.s.c.a.ExceptionAdvice [ExceptionAdvice.java:29] org.springframework.security.web.servletapi.SecurityContextHolderAwareRequestFilter.doFilter(SecurityContextHolderAwareRequestFilter.java:149)
2021-07-27 17:37:01,438 ERROR [http-nio-9999-exec-6] c.w.s.c.a.ExceptionAdvice [ExceptionAdvice.java:29] org.springframework.security.web.FilterChainProxy$VirtualFilterChain.doFilter(FilterChainProxy.java:336)
2021-07-27 17:37:01,438 ERROR [http-nio-9999-exec-6] c.w.s.c.a.ExceptionAdvice [ExceptionAdvice.java:29] org.springframework.security.web.savedrequest.RequestCacheAwareFilter.doFilter(RequestCacheAwareFilter.java:63)
2021-07-27 17:37:01,438 ERROR [http-nio-9999-exec-6] c.w.s.c.a.ExceptionAdvice [ExceptionAdvice.java:29] org.springframework.security.web.FilterChainProxy$VirtualFilterChain.doFilter(FilterChainProxy.java:336)
2021-07-27 17:37:01,438 ERROR [http-nio-9999-exec-6] c.w.s.c.a.ExceptionAdvice [ExceptionAdvice.java:29] org.springframework.security.web.authentication.logout.LogoutFilter.doFilter(LogoutFilter.java:103)
2021-07-27 17:37:01,438 ERROR [http-nio-9999-exec-6] c.w.s.c.a.ExceptionAdvice [ExceptionAdvice.java:29] org.springframework.security.web.authentication.logout.LogoutFilter.doFilter(LogoutFilter.java:89)
2021-07-27 17:37:01,439 ERROR [http-nio-9999-exec-6] c.w.s.c.a.ExceptionAdvice [ExceptionAdvice.java:29] org.springframework.security.web.FilterChainProxy$VirtualFilterChain.doFilter(FilterChainProxy.java:336)
2021-07-27 17:37:01,439 ERROR [http-nio-9999-exec-6] c.w.s.c.a.ExceptionAdvice [ExceptionAdvice.java:29] org.springframework.security.web.header.HeaderWriterFilter.doHeadersAfter(HeaderWriterFilter.java:90)
2021-07-27 17:37:01,439 ERROR [http-nio-9999-exec-6] c.w.s.c.a.ExceptionAdvice [ExceptionAdvice.java:29] org.springframework.security.web.header.HeaderWriterFilter.doFilterInternal(HeaderWriterFilter.java:75)
2021-07-27 17:37:01,439 ERROR [http-nio-9999-exec-6] c.w.s.c.a.ExceptionAdvice [ExceptionAdvice.java:29] org.springframework.web.filter.OncePerRequestFilter.doFilter(OncePerRequestFilter.java:119)
2021-07-27 17:37:01,439 ERROR [http-nio-9999-exec-6] c.w.s.c.a.ExceptionAdvice [ExceptionAdvice.java:29] org.springframework.security.web.FilterChainProxy$VirtualFilterChain.doFilter(FilterChainProxy.java:336)
2021-07-27 17:37:01,439 ERROR [http-nio-9999-exec-6] c.w.s.c.a.ExceptionAdvice [ExceptionAdvice.java:29] org.springframework.security.web.context.SecurityContextPersistenceFilter.doFilter(SecurityContextPersistenceFilter.java:110)
2021-07-27 17:37:01,440 ERROR [http-nio-9999-exec-6] c.w.s.c.a.ExceptionAdvice [ExceptionAdvice.java:29] org.springframework.security.web.context.SecurityContextPersistenceFilter.doFilter(SecurityContextPersistenceFilter.java:80)
2021-07-27 17:37:01,440 ERROR [http-nio-9999-exec-6] c.w.s.c.a.ExceptionAdvice [ExceptionAdvice.java:29] org.springframework.security.web.FilterChainProxy$VirtualFilterChain.doFilter(FilterChainProxy.java:336)
2021-07-27 17:37:01,440 ERROR [http-nio-9999-exec-6] c.w.s.c.a.ExceptionAdvice [ExceptionAdvice.java:29] org.springframework.security.web.context.request.async.WebAsyncManagerIntegrationFilter.doFilterInternal(WebAsyncManagerIntegrationFilter.java:55)
2021-07-27 17:37:01,440 ERROR [http-nio-9999-exec-6] c.w.s.c.a.ExceptionAdvice [ExceptionAdvice.java:29] org.springframework.web.filter.OncePerRequestFilter.doFilter(OncePerRequestFilter.java:119)
2021-07-27 17:37:01,440 ERROR [http-nio-9999-exec-6] c.w.s.c.a.ExceptionAdvice [ExceptionAdvice.java:29] org.springframework.security.web.FilterChainProxy$VirtualFilterChain.doFilter(FilterChainProxy.java:336)
2021-07-27 17:37:01,441 ERROR [http-nio-9999-exec-6] c.w.s.c.a.ExceptionAdvice [ExceptionAdvice.java:29] org.springframework.security.web.FilterChainProxy.doFilterInternal(FilterChainProxy.java:211)
2021-07-27 17:37:01,441 ERROR [http-nio-9999-exec-6] c.w.s.c.a.ExceptionAdvice [ExceptionAdvice.java:29] org.springframework.security.web.FilterChainProxy.doFilter(FilterChainProxy.java:183)
2021-07-27 17:37:01,441 ERROR [http-nio-9999-exec-6] c.w.s.c.a.ExceptionAdvice [ExceptionAdvice.java:29] org.springframework.web.filter.DelegatingFilterProxy.invokeDelegate(DelegatingFilterProxy.java:358)
2021-07-27 17:37:01,441 ERROR [http-nio-9999-exec-6] c.w.s.c.a.ExceptionAdvice [ExceptionAdvice.java:29] org.springframework.web.filter.DelegatingFilterProxy.doFilter(DelegatingFilterProxy.java:271)
2021-07-27 17:37:01,441 ERROR [http-nio-9999-exec-6] c.w.s.c.a.ExceptionAdvice [ExceptionAdvice.java:29] org.apache.catalina.core.ApplicationFilterChain.internalDoFilter(ApplicationFilterChain.java:189)
2021-07-27 17:37:01,442 ERROR [http-nio-9999-exec-6] c.w.s.c.a.ExceptionAdvice [ExceptionAdvice.java:29] org.apache.catalina.core.ApplicationFilterChain.doFilter(ApplicationFilterChain.java:162)
2021-07-27 17:37:01,442 ERROR [http-nio-9999-exec-6] c.w.s.c.a.ExceptionAdvice [ExceptionAdvice.java:29] org.springframework.web.filter.RequestContextFilter.doFilterInternal(RequestContextFilter.java:100)
2021-07-27 17:37:01,442 ERROR [http-nio-9999-exec-6] c.w.s.c.a.ExceptionAdvice [ExceptionAdvice.java:29] org.springframework.web.filter.OncePerRequestFilter.doFilter(OncePerRequestFilter.java:119)
2021-07-27 17:37:01,442 ERROR [http-nio-9999-exec-6] c.w.s.c.a.ExceptionAdvice [ExceptionAdvice.java:29] org.apache.catalina.core.ApplicationFilterChain.internalDoFilter(ApplicationFilterChain.java:189)
2021-07-27 17:37:01,442 ERROR [http-nio-9999-exec-6] c.w.s.c.a.ExceptionAdvice [ExceptionAdvice.java:29] org.apache.catalina.core.ApplicationFilterChain.doFilter(ApplicationFilterChain.java:162)
2021-07-27 17:37:01,442 ERROR [http-nio-9999-exec-6] c.w.s.c.a.ExceptionAdvice [ExceptionAdvice.java:29] org.springframework.web.filter.FormContentFilter.doFilterInternal(FormContentFilter.java:93)
2021-07-27 17:37:01,443 ERROR [http-nio-9999-exec-6] c.w.s.c.a.ExceptionAdvice [ExceptionAdvice.java:29] org.springframework.web.filter.OncePerRequestFilter.doFilter(OncePerRequestFilter.java:119)
2021-07-27 17:37:01,443 ERROR [http-nio-9999-exec-6] c.w.s.c.a.ExceptionAdvice [ExceptionAdvice.java:29] org.apache.catalina.core.ApplicationFilterChain.internalDoFilter(ApplicationFilterChain.java:189)
2021-07-27 17:37:01,443 ERROR [http-nio-9999-exec-6] c.w.s.c.a.ExceptionAdvice [ExceptionAdvice.java:29] org.apache.catalina.core.ApplicationFilterChain.doFilter(ApplicationFilterChain.java:162)
2021-07-27 17:37:01,443 ERROR [http-nio-9999-exec-6] c.w.s.c.a.ExceptionAdvice [ExceptionAdvice.java:29] org.springframework.web.filter.CharacterEncodingFilter.doFilterInternal(CharacterEncodingFilter.java:201)
2021-07-27 17:37:01,443 ERROR [http-nio-9999-exec-6] c.w.s.c.a.ExceptionAdvice [ExceptionAdvice.java:29] org.springframework.web.filter.OncePerRequestFilter.doFilter(OncePerRequestFilter.java:119)
2021-07-27 17:37:01,443 ERROR [http-nio-9999-exec-6] c.w.s.c.a.ExceptionAdvice [ExceptionAdvice.java:29] org.apache.catalina.core.ApplicationFilterChain.internalDoFilter(ApplicationFilterChain.java:189)
2021-07-27 17:37:01,444 ERROR [http-nio-9999-exec-6] c.w.s.c.a.ExceptionAdvice [ExceptionAdvice.java:29] org.apache.catalina.core.ApplicationFilterChain.doFilter(ApplicationFilterChain.java:162)
2021-07-27 17:37:01,444 ERROR [http-nio-9999-exec-6] c.w.s.c.a.ExceptionAdvice [ExceptionAdvice.java:29] org.apache.catalina.core.StandardWrapperValve.invoke(StandardWrapperValve.java:202)
2021-07-27 17:37:01,444 ERROR [http-nio-9999-exec-6] c.w.s.c.a.ExceptionAdvice [ExceptionAdvice.java:29] org.apache.catalina.core.StandardContextValve.invoke(StandardContextValve.java:97)
2021-07-27 17:37:01,444 ERROR [http-nio-9999-exec-6] c.w.s.c.a.ExceptionAdvice [ExceptionAdvice.java:29] org.apache.catalina.authenticator.AuthenticatorBase.invoke(AuthenticatorBase.java:542)
2021-07-27 17:37:01,444 ERROR [http-nio-9999-exec-6] c.w.s.c.a.ExceptionAdvice [ExceptionAdvice.java:29] org.apache.catalina.core.StandardHostValve.invoke(StandardHostValve.java:143)
2021-07-27 17:37:01,444 ERROR [http-nio-9999-exec-6] c.w.s.c.a.ExceptionAdvice [ExceptionAdvice.java:29] org.apache.catalina.valves.ErrorReportValve.invoke(ErrorReportValve.java:92)
2021-07-27 17:37:01,444 ERROR [http-nio-9999-exec-6] c.w.s.c.a.ExceptionAdvice [ExceptionAdvice.java:29] org.apache.catalina.core.StandardEngineValve.invoke(StandardEngineValve.java:78)
2021-07-27 17:37:01,445 ERROR [http-nio-9999-exec-6] c.w.s.c.a.ExceptionAdvice [ExceptionAdvice.java:29] org.apache.catalina.connector.CoyoteAdapter.service(CoyoteAdapter.java:357)
2021-07-27 17:37:01,445 ERROR [http-nio-9999-exec-6] c.w.s.c.a.ExceptionAdvice [ExceptionAdvice.java:29] org.apache.coyote.http11.Http11Processor.service(Http11Processor.java:374)
2021-07-27 17:37:01,445 ERROR [http-nio-9999-exec-6] c.w.s.c.a.ExceptionAdvice [ExceptionAdvice.java:29] org.apache.coyote.AbstractProcessorLight.process(AbstractProcessorLight.java:65)
2021-07-27 17:37:01,445 ERROR [http-nio-9999-exec-6] c.w.s.c.a.ExceptionAdvice [ExceptionAdvice.java:29] org.apache.coyote.AbstractProtocol$ConnectionHandler.process(AbstractProtocol.java:893)
2021-07-27 17:37:01,445 ERROR [http-nio-9999-exec-6] c.w.s.c.a.ExceptionAdvice [ExceptionAdvice.java:29] org.apache.tomcat.util.net.NioEndpoint$SocketProcessor.doRun(NioEndpoint.java:1707)
2021-07-27 17:37:01,446 ERROR [http-nio-9999-exec-6] c.w.s.c.a.ExceptionAdvice [ExceptionAdvice.java:29] org.apache.tomcat.util.net.SocketProcessorBase.run(SocketProcessorBase.java:49)
2021-07-27 17:37:01,446 ERROR [http-nio-9999-exec-6] c.w.s.c.a.ExceptionAdvice [ExceptionAdvice.java:29] java.util.concurrent.ThreadPoolExecutor.runWorker(ThreadPoolExecutor.java:1149)
2021-07-27 17:37:01,446 ERROR [http-nio-9999-exec-6] c.w.s.c.a.ExceptionAdvice [ExceptionAdvice.java:29] java.util.concurrent.ThreadPoolExecutor$Worker.run(ThreadPoolExecutor.java:624)
2021-07-27 17:37:01,446 ERROR [http-nio-9999-exec-6] c.w.s.c.a.ExceptionAdvice [ExceptionAdvice.java:29] org.apache.tomcat.util.threads.TaskThread$WrappingRunnable.run(TaskThread.java:61)
2021-07-27 17:37:01,446 ERROR [http-nio-9999-exec-6] c.w.s.c.a.ExceptionAdvice [ExceptionAdvice.java:29] java.lang.Thread.run(Thread.java:748)
2021-07-27 17:41:14,005 ERROR [http-nio-9999-exec-1] c.w.s.c.a.ExceptionAdvice [ExceptionAdvice.java:27] 服务器发生异常: null
2021-07-27 17:41:14,006 ERROR [http-nio-9999-exec-1] c.w.s.c.a.ExceptionAdvice [ExceptionAdvice.java:29] org.springframework.web.multipart.support.StandardMultipartHttpServletRequest$StandardMultipartFile.transferTo(StandardMultipartHttpServletRequest.java:256)
2021-07-27 17:41:14,007 ERROR [http-nio-9999-exec-1] c.w.s.c.a.ExceptionAdvice [ExceptionAdvice.java:29] com.wu.studyniuke.controller.UserController.updateHeader(UserController.java:118)
2021-07-27 17:41:14,007 ERROR [http-nio-9999-exec-1] c.w.s.c.a.ExceptionAdvice [ExceptionAdvice.java:29] sun.reflect.NativeMethodAccessorImpl.invoke0(Native Method)
2021-07-27 17:41:14,007 ERROR [http-nio-9999-exec-1] c.w.s.c.a.ExceptionAdvice [ExceptionAdvice.java:29] sun.reflect.NativeMethodAccessorImpl.invoke(NativeMethodAccessorImpl.java:62)
2021-07-27 17:41:14,008 ERROR [http-nio-9999-exec-1] c.w.s.c.a.ExceptionAdvice [ExceptionAdvice.java:29] sun.reflect.DelegatingMethodAccessorImpl.invoke(DelegatingMethodAccessorImpl.java:43)
2021-07-27 17:41:14,008 ERROR [http-nio-9999-exec-1] c.w.s.c.a.ExceptionAdvice [ExceptionAdvice.java:29] java.lang.reflect.Method.invoke(Method.java:498)
2021-07-27 17:41:14,008 ERROR [http-nio-9999-exec-1] c.w.s.c.a.ExceptionAdvice [ExceptionAdvice.java:29] org.springframework.web.method.support.InvocableHandlerMethod.doInvoke(InvocableHandlerMethod.java:197)
2021-07-27 17:41:14,008 ERROR [http-nio-9999-exec-1] c.w.s.c.a.ExceptionAdvice [ExceptionAdvice.java:29] org.springframework.web.method.support.InvocableHandlerMethod.invokeForRequest(InvocableHandlerMethod.java:141)
2021-07-27 17:41:14,009 ERROR [http-nio-9999-exec-1] c.w.s.c.a.ExceptionAdvice [ExceptionAdvice.java:29] org.springframework.web.servlet.mvc.method.annotation.ServletInvocableHandlerMethod.invokeAndHandle(ServletInvocableHandlerMethod.java:106)
2021-07-27 17:41:14,009 ERROR [http-nio-9999-exec-1] c.w.s.c.a.ExceptionAdvice [ExceptionAdvice.java:29] org.springframework.web.servlet.mvc.method.annotation.RequestMappingHandlerAdapter.invokeHandlerMethod(RequestMappingHandlerAdapter.java:894)
2021-07-27 17:41:14,009 ERROR [http-nio-9999-exec-1] c.w.s.c.a.ExceptionAdvice [ExceptionAdvice.java:29] org.springframework.web.servlet.mvc.method.annotation.RequestMappingHandlerAdapter.handleInternal(RequestMappingHandlerAdapter.java:808)
2021-07-27 17:41:14,009 ERROR [http-nio-9999-exec-1] c.w.s.c.a.ExceptionAdvice [ExceptionAdvice.java:29] org.springframework.web.servlet.mvc.method.AbstractHandlerMethodAdapter.handle(AbstractHandlerMethodAdapter.java:87)
2021-07-27 17:41:14,009 ERROR [http-nio-9999-exec-1] c.w.s.c.a.ExceptionAdvice [ExceptionAdvice.java:29] org.springframework.web.servlet.DispatcherServlet.doDispatch(DispatcherServlet.java:1060)
2021-07-27 17:41:14,010 ERROR [http-nio-9999-exec-1] c.w.s.c.a.ExceptionAdvice [ExceptionAdvice.java:29] org.springframework.web.servlet.DispatcherServlet.doService(DispatcherServlet.java:962)
2021-07-27 17:41:14,010 ERROR [http-nio-9999-exec-1] c.w.s.c.a.ExceptionAdvice [ExceptionAdvice.java:29] org.springframework.web.servlet.FrameworkServlet.processRequest(FrameworkServlet.java:1006)
2021-07-27 17:41:14,010 ERROR [http-nio-9999-exec-1] c.w.s.c.a.ExceptionAdvice [ExceptionAdvice.java:29] org.springframework.web.servlet.FrameworkServlet.doPost(FrameworkServlet.java:909)
2021-07-27 17:41:14,010 ERROR [http-nio-9999-exec-1] c.w.s.c.a.ExceptionAdvice [ExceptionAdvice.java:29] javax.servlet.http.HttpServlet.service(HttpServlet.java:652)
2021-07-27 17:41:14,011 ERROR [http-nio-9999-exec-1] c.w.s.c.a.ExceptionAdvice [ExceptionAdvice.java:29] org.springframework.web.servlet.FrameworkServlet.service(FrameworkServlet.java:883)
2021-07-27 17:41:14,011 ERROR [http-nio-9999-exec-1] c.w.s.c.a.ExceptionAdvice [ExceptionAdvice.java:29] javax.servlet.http.HttpServlet.service(HttpServlet.java:733)
2021-07-27 17:41:14,011 ERROR [http-nio-9999-exec-1] c.w.s.c.a.ExceptionAdvice [ExceptionAdvice.java:29] org.apache.catalina.core.ApplicationFilterChain.internalDoFilter(ApplicationFilterChain.java:227)
2021-07-27 17:41:14,011 ERROR [http-nio-9999-exec-1] c.w.s.c.a.ExceptionAdvice [ExceptionAdvice.java:29] org.apache.catalina.core.ApplicationFilterChain.doFilter(ApplicationFilterChain.java:162)
2021-07-27 17:41:14,011 ERROR [http-nio-9999-exec-1] c.w.s.c.a.ExceptionAdvice [ExceptionAdvice.java:29] org.apache.tomcat.websocket.server.WsFilter.doFilter(WsFilter.java:53)
2021-07-27 17:41:14,011 ERROR [http-nio-9999-exec-1] c.w.s.c.a.ExceptionAdvice [ExceptionAdvice.java:29] org.apache.catalina.core.ApplicationFilterChain.internalDoFilter(ApplicationFilterChain.java:189)
2021-07-27 17:41:14,012 ERROR [http-nio-9999-exec-1] c.w.s.c.a.ExceptionAdvice [ExceptionAdvice.java:29] org.apache.catalina.core.ApplicationFilterChain.doFilter(ApplicationFilterChain.java:162)
2021-07-27 17:41:14,012 ERROR [http-nio-9999-exec-1] c.w.s.c.a.ExceptionAdvice [ExceptionAdvice.java:29] org.springframework.security.web.FilterChainProxy$VirtualFilterChain.doFilter(FilterChainProxy.java:327)
2021-07-27 17:41:14,012 ERROR [http-nio-9999-exec-1] c.w.s.c.a.ExceptionAdvice [ExceptionAdvice.java:29] org.springframework.security.web.access.intercept.FilterSecurityInterceptor.invoke(FilterSecurityInterceptor.java:115)
2021-07-27 17:41:14,012 ERROR [http-nio-9999-exec-1] c.w.s.c.a.ExceptionAdvice [ExceptionAdvice.java:29] org.springframework.security.web.access.intercept.FilterSecurityInterceptor.doFilter(FilterSecurityInterceptor.java:81)
2021-07-27 17:41:14,013 ERROR [http-nio-9999-exec-1] c.w.s.c.a.ExceptionAdvice [ExceptionAdvice.java:29] org.springframework.security.web.FilterChainProxy$VirtualFilterChain.doFilter(FilterChainProxy.java:336)
2021-07-27 17:41:14,013 ERROR [http-nio-9999-exec-1] c.w.s.c.a.ExceptionAdvice [ExceptionAdvice.java:29] org.springframework.security.web.access.ExceptionTranslationFilter.doFilter(ExceptionTranslationFilter.java:119)
2021-07-27 17:41:14,013 ERROR [http-nio-9999-exec-1] c.w.s.c.a.ExceptionAdvice [ExceptionAdvice.java:29] org.springframework.security.web.access.ExceptionTranslationFilter.doFilter(ExceptionTranslationFilter.java:113)
2021-07-27 17:41:14,013 ERROR [http-nio-9999-exec-1] c.w.s.c.a.ExceptionAdvice [ExceptionAdvice.java:29] org.springframework.security.web.FilterChainProxy$VirtualFilterChain.doFilter(FilterChainProxy.java:336)
2021-07-27 17:41:14,013 ERROR [http-nio-9999-exec-1] c.w.s.c.a.ExceptionAdvice [ExceptionAdvice.java:29] org.springframework.security.web.session.SessionManagementFilter.doFilter(SessionManagementFilter.java:126)
2021-07-27 17:41:14,014 ERROR [http-nio-9999-exec-1] c.w.s.c.a.ExceptionAdvice [ExceptionAdvice.java:29] org.springframework.security.web.session.SessionManagementFilter.doFilter(SessionManagementFilter.java:81)
2021-07-27 17:41:14,014 ERROR [http-nio-9999-exec-1] c.w.s.c.a.ExceptionAdvice [ExceptionAdvice.java:29] org.springframework.security.web.FilterChainProxy$VirtualFilterChain.doFilter(FilterChainProxy.java:336)
2021-07-27 17:41:14,014 ERROR [http-nio-9999-exec-1] c.w.s.c.a.ExceptionAdvice [ExceptionAdvice.java:29] org.springframework.security.web.authentication.AnonymousAuthenticationFilter.doFilter(AnonymousAuthenticationFilter.java:105)
2021-07-27 17:41:14,014 ERROR [http-nio-9999-exec-1] c.w.s.c.a.ExceptionAdvice [ExceptionAdvice.java:29] org.springframework.security.web.FilterChainProxy$VirtualFilterChain.doFilter(FilterChainProxy.java:336)
2021-07-27 17:41:14,014 ERROR [http-nio-9999-exec-1] c.w.s.c.a.ExceptionAdvice [ExceptionAdvice.java:29] org.springframework.security.web.servletapi.SecurityContextHolderAwareRequestFilter.doFilter(SecurityContextHolderAwareRequestFilter.java:149)
2021-07-27 17:41:14,014 ERROR [http-nio-9999-exec-1] c.w.s.c.a.ExceptionAdvice [ExceptionAdvice.java:29] org.springframework.security.web.FilterChainProxy$VirtualFilterChain.doFilter(FilterChainProxy.java:336)
2021-07-27 17:41:14,015 ERROR [http-nio-9999-exec-1] c.w.s.c.a.ExceptionAdvice [ExceptionAdvice.java:29] org.springframework.security.web.savedrequest.RequestCacheAwareFilter.doFilter(RequestCacheAwareFilter.java:63)
2021-07-27 17:41:14,015 ERROR [http-nio-9999-exec-1] c.w.s.c.a.ExceptionAdvice [ExceptionAdvice.java:29] org.springframework.security.web.FilterChainProxy$VirtualFilterChain.doFilter(FilterChainProxy.java:336)
2021-07-27 17:41:14,015 ERROR [http-nio-9999-exec-1] c.w.s.c.a.ExceptionAdvice [ExceptionAdvice.java:29] org.springframework.security.web.authentication.logout.LogoutFilter.doFilter(LogoutFilter.java:103)
2021-07-27 17:41:14,015 ERROR [http-nio-9999-exec-1] c.w.s.c.a.ExceptionAdvice [ExceptionAdvice.java:29] org.springframework.security.web.authentication.logout.LogoutFilter.doFilter(LogoutFilter.java:89)
2021-07-27 17:41:14,015 ERROR [http-nio-9999-exec-1] c.w.s.c.a.ExceptionAdvice [ExceptionAdvice.java:29] org.springframework.security.web.FilterChainProxy$VirtualFilterChain.doFilter(FilterChainProxy.java:336)
2021-07-27 17:41:14,016 ERROR [http-nio-9999-exec-1] c.w.s.c.a.ExceptionAdvice [ExceptionAdvice.java:29] org.springframework.security.web.header.HeaderWriterFilter.doHeadersAfter(HeaderWriterFilter.java:90)
2021-07-27 17:41:14,016 ERROR [http-nio-9999-exec-1] c.w.s.c.a.ExceptionAdvice [ExceptionAdvice.java:29] org.springframework.security.web.header.HeaderWriterFilter.doFilterInternal(HeaderWriterFilter.java:75)
2021-07-27 17:41:14,016 ERROR [http-nio-9999-exec-1] c.w.s.c.a.ExceptionAdvice [ExceptionAdvice.java:29] org.springframework.web.filter.OncePerRequestFilter.doFilter(OncePerRequestFilter.java:119)
2021-07-27 17:41:14,016 ERROR [http-nio-9999-exec-1] c.w.s.c.a.ExceptionAdvice [ExceptionAdvice.java:29] org.springframework.security.web.FilterChainProxy$VirtualFilterChain.doFilter(FilterChainProxy.java:336)
2021-07-27 17:41:14,016 ERROR [http-nio-9999-exec-1] c.w.s.c.a.ExceptionAdvice [ExceptionAdvice.java:29] org.springframework.security.web.context.SecurityContextPersistenceFilter.doFilter(SecurityContextPersistenceFilter.java:110)
2021-07-27 17:41:14,016 ERROR [http-nio-9999-exec-1] c.w.s.c.a.ExceptionAdvice [ExceptionAdvice.java:29] org.springframework.security.web.context.SecurityContextPersistenceFilter.doFilter(SecurityContextPersistenceFilter.java:80)
2021-07-27 17:41:14,017 ERROR [http-nio-9999-exec-1] c.w.s.c.a.ExceptionAdvice [ExceptionAdvice.java:29] org.springframework.security.web.FilterChainProxy$VirtualFilterChain.doFilter(FilterChainProxy.java:336)
2021-07-27 17:41:14,017 ERROR [http-nio-9999-exec-1] c.w.s.c.a.ExceptionAdvice [ExceptionAdvice.java:29] org.springframework.security.web.context.request.async.WebAsyncManagerIntegrationFilter.doFilterInternal(WebAsyncManagerIntegrationFilter.java:55)
2021-07-27 17:41:14,017 ERROR [http-nio-9999-exec-1] c.w.s.c.a.ExceptionAdvice [ExceptionAdvice.java:29] org.springframework.web.filter.OncePerRequestFilter.doFilter(OncePerRequestFilter.java:119)
2021-07-27 17:41:14,017 ERROR [http-nio-9999-exec-1] c.w.s.c.a.ExceptionAdvice [ExceptionAdvice.java:29] org.springframework.security.web.FilterChainProxy$VirtualFilterChain.doFilter(FilterChainProxy.java:336)
2021-07-27 17:41:14,017 ERROR [http-nio-9999-exec-1] c.w.s.c.a.ExceptionAdvice [ExceptionAdvice.java:29] org.springframework.security.web.FilterChainProxy.doFilterInternal(FilterChainProxy.java:211)
2021-07-27 17:41:14,017 ERROR [http-nio-9999-exec-1] c.w.s.c.a.ExceptionAdvice [ExceptionAdvice.java:29] org.springframework.security.web.FilterChainProxy.doFilter(FilterChainProxy.java:183)
2021-07-27 17:41:14,018 ERROR [http-nio-9999-exec-1] c.w.s.c.a.ExceptionAdvice [ExceptionAdvice.java:29] org.springframework.web.filter.DelegatingFilterProxy.invokeDelegate(DelegatingFilterProxy.java:358)
2021-07-27 17:41:14,018 ERROR [http-nio-9999-exec-1] c.w.s.c.a.ExceptionAdvice [ExceptionAdvice.java:29] org.springframework.web.filter.DelegatingFilterProxy.doFilter(DelegatingFilterProxy.java:271)
2021-07-27 17:41:14,018 ERROR [http-nio-9999-exec-1] c.w.s.c.a.ExceptionAdvice [ExceptionAdvice.java:29] org.apache.catalina.core.ApplicationFilterChain.internalDoFilter(ApplicationFilterChain.java:189)
2021-07-27 17:41:14,018 ERROR [http-nio-9999-exec-1] c.w.s.c.a.ExceptionAdvice [ExceptionAdvice.java:29] org.apache.catalina.core.ApplicationFilterChain.doFilter(ApplicationFilterChain.java:162)
2021-07-27 17:41:14,018 ERROR [http-nio-9999-exec-1] c.w.s.c.a.ExceptionAdvice [ExceptionAdvice.java:29] org.springframework.web.filter.RequestContextFilter.doFilterInternal(RequestContextFilter.java:100)
2021-07-27 17:41:14,019 ERROR [http-nio-9999-exec-1] c.w.s.c.a.ExceptionAdvice [ExceptionAdvice.java:29] org.springframework.web.filter.OncePerRequestFilter.doFilter(OncePerRequestFilter.java:119)
2021-07-27 17:41:14,019 ERROR [http-nio-9999-exec-1] c.w.s.c.a.ExceptionAdvice [ExceptionAdvice.java:29] org.apache.catalina.core.ApplicationFilterChain.internalDoFilter(ApplicationFilterChain.java:189)
2021-07-27 17:41:14,019 ERROR [http-nio-9999-exec-1] c.w.s.c.a.ExceptionAdvice [ExceptionAdvice.java:29] org.apache.catalina.core.ApplicationFilterChain.doFilter(ApplicationFilterChain.java:162)
2021-07-27 17:41:14,019 ERROR [http-nio-9999-exec-1] c.w.s.c.a.ExceptionAdvice [ExceptionAdvice.java:29] org.springframework.web.filter.FormContentFilter.doFilterInternal(FormContentFilter.java:93)
2021-07-27 17:41:14,019 ERROR [http-nio-9999-exec-1] c.w.s.c.a.ExceptionAdvice [ExceptionAdvice.java:29] org.springframework.web.filter.OncePerRequestFilter.doFilter(OncePerRequestFilter.java:119)
2021-07-27 17:41:14,020 ERROR [http-nio-9999-exec-1] c.w.s.c.a.ExceptionAdvice [ExceptionAdvice.java:29] org.apache.catalina.core.ApplicationFilterChain.internalDoFilter(ApplicationFilterChain.java:189)
2021-07-27 17:41:14,020 ERROR [http-nio-9999-exec-1] c.w.s.c.a.ExceptionAdvice [ExceptionAdvice.java:29] org.apache.catalina.core.ApplicationFilterChain.doFilter(ApplicationFilterChain.java:162)
2021-07-27 17:41:14,020 ERROR [http-nio-9999-exec-1] c.w.s.c.a.ExceptionAdvice [ExceptionAdvice.java:29] org.springframework.web.filter.CharacterEncodingFilter.doFilterInternal(CharacterEncodingFilter.java:201)
2021-07-27 17:41:14,020 ERROR [http-nio-9999-exec-1] c.w.s.c.a.ExceptionAdvice [ExceptionAdvice.java:29] org.springframework.web.filter.OncePerRequestFilter.doFilter(OncePerRequestFilter.java:119)
2021-07-27 17:41:14,020 ERROR [http-nio-9999-exec-1] c.w.s.c.a.ExceptionAdvice [ExceptionAdvice.java:29] org.apache.catalina.core.ApplicationFilterChain.internalDoFilter(ApplicationFilterChain.java:189)
2021-07-27 17:41:14,020 ERROR [http-nio-9999-exec-1] c.w.s.c.a.ExceptionAdvice [ExceptionAdvice.java:29] org.apache.catalina.core.ApplicationFilterChain.doFilter(ApplicationFilterChain.java:162)
2021-07-27 17:41:14,021 ERROR [http-nio-9999-exec-1] c.w.s.c.a.ExceptionAdvice [ExceptionAdvice.java:29] org.apache.catalina.core.StandardWrapperValve.invoke(StandardWrapperValve.java:202)
2021-07-27 17:41:14,021 ERROR [http-nio-9999-exec-1] c.w.s.c.a.ExceptionAdvice [ExceptionAdvice.java:29] org.apache.catalina.core.StandardContextValve.invoke(StandardContextValve.java:97)
2021-07-27 17:41:14,021 ERROR [http-nio-9999-exec-1] c.w.s.c.a.ExceptionAdvice [ExceptionAdvice.java:29] org.apache.catalina.authenticator.AuthenticatorBase.invoke(AuthenticatorBase.java:542)
2021-07-27 17:41:14,021 ERROR [http-nio-9999-exec-1] c.w.s.c.a.ExceptionAdvice [ExceptionAdvice.java:29] org.apache.catalina.core.StandardHostValve.invoke(StandardHostValve.java:143)
2021-07-27 17:41:14,021 ERROR [http-nio-9999-exec-1] c.w.s.c.a.ExceptionAdvice [ExceptionAdvice.java:29] org.apache.catalina.valves.ErrorReportValve.invoke(ErrorReportValve.java:92)
2021-07-27 17:41:14,021 ERROR [http-nio-9999-exec-1] c.w.s.c.a.ExceptionAdvice [ExceptionAdvice.java:29] org.apache.catalina.core.StandardEngineValve.invoke(StandardEngineValve.java:78)
2021-07-27 17:41:14,022 ERROR [http-nio-9999-exec-1] c.w.s.c.a.ExceptionAdvice [ExceptionAdvice.java:29] org.apache.catalina.connector.CoyoteAdapter.service(CoyoteAdapter.java:357)
2021-07-27 17:41:14,022 ERROR [http-nio-9999-exec-1] c.w.s.c.a.ExceptionAdvice [ExceptionAdvice.java:29] org.apache.coyote.http11.Http11Processor.service(Http11Processor.java:374)
2021-07-27 17:41:14,022 ERROR [http-nio-9999-exec-1] c.w.s.c.a.ExceptionAdvice [ExceptionAdvice.java:29] org.apache.coyote.AbstractProcessorLight.process(AbstractProcessorLight.java:65)
2021-07-27 17:41:14,022 ERROR [http-nio-9999-exec-1] c.w.s.c.a.ExceptionAdvice [ExceptionAdvice.java:29] org.apache.coyote.AbstractProtocol$ConnectionHandler.process(AbstractProtocol.java:893)
2021-07-27 17:41:14,023 ERROR [http-nio-9999-exec-1] c.w.s.c.a.ExceptionAdvice [ExceptionAdvice.java:29] org.apache.tomcat.util.net.NioEndpoint$SocketProcessor.doRun(NioEndpoint.java:1707)
2021-07-27 17:41:14,023 ERROR [http-nio-9999-exec-1] c.w.s.c.a.ExceptionAdvice [ExceptionAdvice.java:29] org.apache.tomcat.util.net.SocketProcessorBase.run(SocketProcessorBase.java:49)
2021-07-27 17:41:14,023 ERROR [http-nio-9999-exec-1] c.w.s.c.a.ExceptionAdvice [ExceptionAdvice.java:29] java.util.concurrent.ThreadPoolExecutor.runWorker(ThreadPoolExecutor.java:1149)
2021-07-27 17:41:14,023 ERROR [http-nio-9999-exec-1] c.w.s.c.a.ExceptionAdvice [ExceptionAdvice.java:29] java.util.concurrent.ThreadPoolExecutor$Worker.run(ThreadPoolExecutor.java:624)
2021-07-27 17:41:14,023 ERROR [http-nio-9999-exec-1] c.w.s.c.a.ExceptionAdvice [ExceptionAdvice.java:29] org.apache.tomcat.util.threads.TaskThread$WrappingRunnable.run(TaskThread.java:61)
2021-07-27 17:41:14,024 ERROR [http-nio-9999-exec-1] c.w.s.c.a.ExceptionAdvice [ExceptionAdvice.java:29] java.lang.Thread.run(Thread.java:748)
