2021-05-14 21:05:00,861 INFO [main] c.w.s.LoggerTest [StartupInfoLogger.java:55] Starting LoggerTest using Java 14.0.2 on LAPTOP-CCKROGRM with PID 1648 (started by 吴彦淼 in D:\Softwares\IDEA\mavenProject\studyniuke)
2021-05-14 21:05:00,865 INFO [main] c.w.s.LoggerTest [SpringApplication.java:675] No active profile set, falling back to default profiles: default
2021-05-14 21:05:03,583 INFO [main] o.s.s.c.ThreadPoolTaskExecutor [ExecutorConfigurationSupport.java:181] Initializing ExecutorService 'applicationTaskExecutor'
2021-05-14 21:05:03,773 INFO [main] o.s.b.a.w.s.WelcomePageHandlerMapping [WelcomePageHandlerMapping.java:57] Adding welcome page template: index
2021-05-14 21:05:04,276 INFO [main] c.w.s.LoggerTest [StartupInfoLogger.java:61] Started LoggerTest in 3.976 seconds (JVM running for 5.474)
2021-05-14 21:05:04,877 INFO [main] c.w.s.LoggerTest [LoggerTest.java:23] info log
2021-05-14 21:05:04,906 INFO [SpringContextShutdownHook] o.s.s.c.ThreadPoolTaskExecutor [ExecutorConfigurationSupport.java:218] Shutting down ExecutorService 'applicationTaskExecutor'
2021-05-14 21:09:13,552 INFO [main] c.w.s.LoggerTest [StartupInfoLogger.java:55] Starting LoggerTest using Java 14.0.2 on LAPTOP-CCKROGRM with PID 11980 (started by 吴彦淼 in D:\Softwares\IDEA\mavenProject\studyniuke)
2021-05-14 21:09:13,557 INFO [main] c.w.s.LoggerTest [SpringApplication.java:675] No active profile set, falling back to default profiles: default
2021-05-14 21:09:16,418 INFO [main] o.s.s.c.ThreadPoolTaskExecutor [ExecutorConfigurationSupport.java:181] Initializing ExecutorService 'applicationTaskExecutor'
2021-05-14 21:09:16,626 INFO [main] o.s.b.a.w.s.WelcomePageHandlerMapping [WelcomePageHandlerMapping.java:57] Adding welcome page template: index
2021-05-14 21:09:17,201 INFO [main] c.w.s.LoggerTest [StartupInfoLogger.java:61] Started LoggerTest in 4.149 seconds (JVM running for 5.58)
2021-05-14 21:09:17,938 INFO [main] c.w.s.LoggerTest [LoggerTest.java:23] info log
2021-05-14 21:09:17,969 INFO [SpringContextShutdownHook] o.s.s.c.ThreadPoolTaskExecutor [ExecutorConfigurationSupport.java:218] Shutting down ExecutorService 'applicationTaskExecutor'
2021-05-14 22:27:05,857 INFO [main] c.w.s.StudyniukeApplication [StartupInfoLogger.java:55] Starting StudyniukeApplication using Java 14.0.2 on LAPTOP-CCKROGRM with PID 13456 (D:\Softwares\IDEA\mavenProject\studyniuke\target\classes started by 吴彦淼 in D:\Softwares\IDEA\mavenProject\studyniuke)
2021-05-14 22:27:05,857 INFO [main] c.w.s.StudyniukeApplication [SpringApplication.java:675] No active profile set, falling back to default profiles: default
2021-05-14 22:27:06,960 INFO [main] o.s.b.w.e.t.TomcatWebServer [TomcatWebServer.java:108] Tomcat initialized with port(s): 9999 (http)
2021-05-14 22:27:06,970 INFO [main] o.a.c.h.Http11NioProtocol [DirectJDKLog.java:173] Initializing ProtocolHandler ["http-nio-9999"]
2021-05-14 22:27:06,970 INFO [main] o.a.c.c.StandardService [DirectJDKLog.java:173] Starting service [Tomcat]
2021-05-14 22:27:06,970 INFO [main] o.a.c.c.StandardEngine [DirectJDKLog.java:173] Starting Servlet engine: [Apache Tomcat/9.0.45]
2021-05-14 22:27:07,050 INFO [main] o.a.c.c.C.[.[.[/wu] [DirectJDKLog.java:173] Initializing Spring embedded WebApplicationContext
2021-05-14 22:27:07,050 INFO [main] o.s.b.w.s.c.ServletWebServerApplicationContext [ServletWebServerApplicationContext.java:289] Root WebApplicationContext: initialization completed in 1121 ms
2021-05-14 22:27:07,446 INFO [main] o.s.s.c.ThreadPoolTaskExecutor [ExecutorConfigurationSupport.java:181] Initializing ExecutorService 'applicationTaskExecutor'
2021-05-14 22:27:07,501 INFO [main] o.s.b.a.w.s.WelcomePageHandlerMapping [WelcomePageHandlerMapping.java:57] Adding welcome page template: index
2021-05-14 22:27:07,661 INFO [main] o.a.c.h.Http11NioProtocol [DirectJDKLog.java:173] Starting ProtocolHandler ["http-nio-9999"]
2021-05-14 22:27:07,692 INFO [main] o.s.b.w.e.t.TomcatWebServer [TomcatWebServer.java:220] Tomcat started on port(s): 9999 (http) with context path '/wu'
2021-05-14 22:27:07,702 INFO [main] c.w.s.StudyniukeApplication [StartupInfoLogger.java:61] Started StudyniukeApplication in 2.387 seconds (JVM running for 3.121)
2021-05-14 22:27:25,967 INFO [http-nio-9999-exec-2] o.a.c.c.C.[.[.[/wu] [DirectJDKLog.java:173] Initializing Spring DispatcherServlet 'dispatcherServlet'
2021-05-14 22:27:25,967 INFO [http-nio-9999-exec-2] o.s.w.s.DispatcherServlet [FrameworkServlet.java:525] Initializing Servlet 'dispatcherServlet'
2021-05-14 22:27:25,968 INFO [http-nio-9999-exec-2] o.s.w.s.DispatcherServlet [FrameworkServlet.java:547] Completed initialization in 1 ms
2021-05-14 22:27:26,025 INFO [http-nio-9999-exec-2] c.z.h.HikariDataSource [HikariDataSource.java:110] HikariPool-1 - Starting...
2021-05-14 22:27:26,155 INFO [http-nio-9999-exec-2] c.z.h.HikariDataSource [HikariDataSource.java:123] HikariPool-1 - Start completed.
