2021-07-16 20:43:58,568 INFO [main] c.w.s.StudyniukeApplication [StartupInfoLogger.java:55] Starting StudyniukeApplication using Java 1.8.0_291 on LAPTOP-CCKROGRM with PID 7888 (D:\Softwares\IDEA\mavenProject\studyniuke\target\classes started by 吴彦淼 in D:\Softwares\IDEA\mavenProject\studyniuke)
2021-07-16 20:43:58,583 INFO [main] c.w.s.StudyniukeApplication [SpringApplication.java:675] No active profile set, falling back to default profiles: default
2021-07-16 20:43:59,876 INFO [main] o.s.d.r.c.RepositoryConfigurationDelegate [RepositoryConfigurationDelegate.java:250] Multiple Spring Data modules found, entering strict repository configuration mode!
2021-07-16 20:43:59,879 INFO [main] o.s.d.r.c.RepositoryConfigurationDelegate [RepositoryConfigurationDelegate.java:128] Bootstrapping Spring Data Redis repositories in DEFAULT mode.
2021-07-16 20:43:59,908 INFO [main] o.s.d.r.c.RepositoryConfigurationDelegate [RepositoryConfigurationDelegate.java:188] Finished Spring Data repository scanning in 12 ms. Found 0 Redis repository interfaces.
2021-07-16 20:44:00,680 INFO [main] o.s.b.w.e.t.TomcatWebServer [TomcatWebServer.java:108] Tomcat initialized with port(s): 9999 (http)
2021-07-16 20:44:00,692 INFO [main] o.a.c.h.Http11NioProtocol [DirectJDKLog.java:173] Initializing ProtocolHandler ["http-nio-9999"]
2021-07-16 20:44:00,693 INFO [main] o.a.c.c.StandardService [DirectJDKLog.java:173] Starting service [Tomcat]
2021-07-16 20:44:00,693 INFO [main] o.a.c.c.StandardEngine [DirectJDKLog.java:173] Starting Servlet engine: [Apache Tomcat/9.0.45]
2021-07-16 20:44:00,839 INFO [main] o.a.c.c.C.[.[.[/wu] [DirectJDKLog.java:173] Initializing Spring embedded WebApplicationContext
2021-07-16 20:44:00,840 INFO [main] o.s.b.w.s.c.ServletWebServerApplicationContext [ServletWebServerApplicationContext.java:289] Root WebApplicationContext: initialization completed in 2078 ms
2021-07-16 20:44:01,910 INFO [main] o.s.b.f.a.AutowiredAnnotationBeanPostProcessor [AutowiredAnnotationBeanPostProcessor.java:478] Autowired annotation is not supported on static fields: private static final org.slf4j.Logger com.wu.studyniuke.controller.LoginController.LOGGER
2021-07-16 20:44:02,146 INFO [main] o.s.s.c.ThreadPoolTaskExecutor [ExecutorConfigurationSupport.java:181] Initializing ExecutorService 'applicationTaskExecutor'
2021-07-16 20:44:02,238 INFO [main] o.s.b.a.w.s.WelcomePageHandlerMapping [WelcomePageHandlerMapping.java:57] Adding welcome page template: index
2021-07-16 20:44:02,602 INFO [main] o.a.c.h.Http11NioProtocol [DirectJDKLog.java:173] Starting ProtocolHandler ["http-nio-9999"]
2021-07-16 20:44:02,630 INFO [main] o.s.b.w.e.t.TomcatWebServer [TomcatWebServer.java:220] Tomcat started on port(s): 9999 (http) with context path '/wu'
2021-07-16 20:44:02,649 INFO [main] c.w.s.StudyniukeApplication [StartupInfoLogger.java:61] Started StudyniukeApplication in 5.199 seconds (JVM running for 7.402)
2021-07-16 20:44:22,583 INFO [http-nio-9999-exec-4] o.a.c.c.C.[.[.[/wu] [DirectJDKLog.java:173] Initializing Spring DispatcherServlet 'dispatcherServlet'
2021-07-16 20:44:22,583 INFO [http-nio-9999-exec-4] o.s.w.s.DispatcherServlet [FrameworkServlet.java:525] Initializing Servlet 'dispatcherServlet'
2021-07-16 20:44:22,585 INFO [http-nio-9999-exec-4] o.s.w.s.DispatcherServlet [FrameworkServlet.java:547] Completed initialization in 1 ms
2021-07-16 20:44:22,628 INFO [http-nio-9999-exec-4] c.w.s.a.ServiceLogAspect [ServiceLogAspect.java:44] 用户[0:0:0:0:0:0:0:1],在[2021-07-16 20:44:22],访问了[com.wu.studyniuke.service.DiscussPostService.selectDiscussPostRows].
2021-07-16 20:44:22,665 INFO [http-nio-9999-exec-4] c.z.h.HikariDataSource [HikariDataSource.java:110] HikariPool-1 - Starting...
2021-07-16 20:44:22,868 INFO [http-nio-9999-exec-4] c.z.h.HikariDataSource [HikariDataSource.java:123] HikariPool-1 - Start completed.
2021-07-16 20:44:22,940 INFO [http-nio-9999-exec-4] c.w.s.a.ServiceLogAspect [ServiceLogAspect.java:44] 用户[0:0:0:0:0:0:0:1],在[2021-07-16 20:44:22],访问了[com.wu.studyniuke.service.DiscussPostService.selectDiscussPosts].
2021-07-16 20:44:22,954 INFO [http-nio-9999-exec-4] c.w.s.a.ServiceLogAspect [ServiceLogAspect.java:44] 用户[0:0:0:0:0:0:0:1],在[2021-07-16 20:44:22],访问了[com.wu.studyniuke.service.UserService.findUserById].
2021-07-16 20:44:22,969 INFO [http-nio-9999-exec-4] c.w.s.a.ServiceLogAspect [ServiceLogAspect.java:44] 用户[0:0:0:0:0:0:0:1],在[2021-07-16 20:44:22],访问了[com.wu.studyniuke.service.LikeService.findEntityLikeCount].
2021-07-16 20:44:24,210 INFO [http-nio-9999-exec-4] c.w.s.a.ServiceLogAspect [ServiceLogAspect.java:44] 用户[0:0:0:0:0:0:0:1],在[2021-07-16 20:44:24],访问了[com.wu.studyniuke.service.UserService.findUserById].
2021-07-16 20:44:24,215 INFO [http-nio-9999-exec-4] c.w.s.a.ServiceLogAspect [ServiceLogAspect.java:44] 用户[0:0:0:0:0:0:0:1],在[2021-07-16 20:44:24],访问了[com.wu.studyniuke.service.LikeService.findEntityLikeCount].
2021-07-16 20:44:24,217 INFO [http-nio-9999-exec-4] c.w.s.a.ServiceLogAspect [ServiceLogAspect.java:44] 用户[0:0:0:0:0:0:0:1],在[2021-07-16 20:44:24],访问了[com.wu.studyniuke.service.UserService.findUserById].
2021-07-16 20:44:24,221 INFO [http-nio-9999-exec-4] c.w.s.a.ServiceLogAspect [ServiceLogAspect.java:44] 用户[0:0:0:0:0:0:0:1],在[2021-07-16 20:44:24],访问了[com.wu.studyniuke.service.LikeService.findEntityLikeCount].
2021-07-16 20:44:24,223 INFO [http-nio-9999-exec-4] c.w.s.a.ServiceLogAspect [ServiceLogAspect.java:44] 用户[0:0:0:0:0:0:0:1],在[2021-07-16 20:44:24],访问了[com.wu.studyniuke.service.UserService.findUserById].
2021-07-16 20:44:24,227 INFO [http-nio-9999-exec-4] c.w.s.a.ServiceLogAspect [ServiceLogAspect.java:44] 用户[0:0:0:0:0:0:0:1],在[2021-07-16 20:44:24],访问了[com.wu.studyniuke.service.LikeService.findEntityLikeCount].
2021-07-16 20:44:24,229 INFO [http-nio-9999-exec-4] c.w.s.a.ServiceLogAspect [ServiceLogAspect.java:44] 用户[0:0:0:0:0:0:0:1],在[2021-07-16 20:44:24],访问了[com.wu.studyniuke.service.UserService.findUserById].
2021-07-16 20:44:24,232 INFO [http-nio-9999-exec-4] c.w.s.a.ServiceLogAspect [ServiceLogAspect.java:44] 用户[0:0:0:0:0:0:0:1],在[2021-07-16 20:44:24],访问了[com.wu.studyniuke.service.LikeService.findEntityLikeCount].
2021-07-16 20:44:24,234 INFO [http-nio-9999-exec-4] c.w.s.a.ServiceLogAspect [ServiceLogAspect.java:44] 用户[0:0:0:0:0:0:0:1],在[2021-07-16 20:44:24],访问了[com.wu.studyniuke.service.UserService.findUserById].
2021-07-16 20:44:24,237 INFO [http-nio-9999-exec-4] c.w.s.a.ServiceLogAspect [ServiceLogAspect.java:44] 用户[0:0:0:0:0:0:0:1],在[2021-07-16 20:44:24],访问了[com.wu.studyniuke.service.LikeService.findEntityLikeCount].
2021-07-16 20:44:24,239 INFO [http-nio-9999-exec-4] c.w.s.a.ServiceLogAspect [ServiceLogAspect.java:44] 用户[0:0:0:0:0:0:0:1],在[2021-07-16 20:44:24],访问了[com.wu.studyniuke.service.UserService.findUserById].
2021-07-16 20:44:24,242 INFO [http-nio-9999-exec-4] c.w.s.a.ServiceLogAspect [ServiceLogAspect.java:44] 用户[0:0:0:0:0:0:0:1],在[2021-07-16 20:44:24],访问了[com.wu.studyniuke.service.LikeService.findEntityLikeCount].
2021-07-16 20:44:24,247 INFO [http-nio-9999-exec-4] c.w.s.a.ServiceLogAspect [ServiceLogAspect.java:44] 用户[0:0:0:0:0:0:0:1],在[2021-07-16 20:44:24],访问了[com.wu.studyniuke.service.UserService.findUserById].
2021-07-16 20:44:24,251 INFO [http-nio-9999-exec-4] c.w.s.a.ServiceLogAspect [ServiceLogAspect.java:44] 用户[0:0:0:0:0:0:0:1],在[2021-07-16 20:44:24],访问了[com.wu.studyniuke.service.LikeService.findEntityLikeCount].
2021-07-16 20:44:24,252 INFO [http-nio-9999-exec-4] c.w.s.a.ServiceLogAspect [ServiceLogAspect.java:44] 用户[0:0:0:0:0:0:0:1],在[2021-07-16 20:44:24],访问了[com.wu.studyniuke.service.UserService.findUserById].
2021-07-16 20:44:24,255 INFO [http-nio-9999-exec-4] c.w.s.a.ServiceLogAspect [ServiceLogAspect.java:44] 用户[0:0:0:0:0:0:0:1],在[2021-07-16 20:44:24],访问了[com.wu.studyniuke.service.LikeService.findEntityLikeCount].
2021-07-16 20:44:24,257 INFO [http-nio-9999-exec-4] c.w.s.a.ServiceLogAspect [ServiceLogAspect.java:44] 用户[0:0:0:0:0:0:0:1],在[2021-07-16 20:44:24],访问了[com.wu.studyniuke.service.UserService.findUserById].
2021-07-16 20:44:24,260 INFO [http-nio-9999-exec-4] c.w.s.a.ServiceLogAspect [ServiceLogAspect.java:44] 用户[0:0:0:0:0:0:0:1],在[2021-07-16 20:44:24],访问了[com.wu.studyniuke.service.LikeService.findEntityLikeCount].
2021-07-16 20:44:31,116 INFO [http-nio-9999-exec-9] c.w.s.a.ServiceLogAspect [ServiceLogAspect.java:44] 用户[0:0:0:0:0:0:0:1],在[2021-07-16 20:44:31],访问了[com.wu.studyniuke.service.DiscussPostService.selectDiscussPostRows].
2021-07-16 20:44:31,122 INFO [http-nio-9999-exec-9] c.w.s.a.ServiceLogAspect [ServiceLogAspect.java:44] 用户[0:0:0:0:0:0:0:1],在[2021-07-16 20:44:31],访问了[com.wu.studyniuke.service.DiscussPostService.selectDiscussPosts].
2021-07-16 20:44:31,135 INFO [http-nio-9999-exec-9] c.w.s.a.ServiceLogAspect [ServiceLogAspect.java:44] 用户[0:0:0:0:0:0:0:1],在[2021-07-16 20:44:31],访问了[com.wu.studyniuke.service.UserService.findUserById].
2021-07-16 20:44:31,140 INFO [http-nio-9999-exec-9] c.w.s.a.ServiceLogAspect [ServiceLogAspect.java:44] 用户[0:0:0:0:0:0:0:1],在[2021-07-16 20:44:31],访问了[com.wu.studyniuke.service.LikeService.findEntityLikeCount].
2021-07-16 20:44:31,142 INFO [http-nio-9999-exec-9] c.w.s.a.ServiceLogAspect [ServiceLogAspect.java:44] 用户[0:0:0:0:0:0:0:1],在[2021-07-16 20:44:31],访问了[com.wu.studyniuke.service.UserService.findUserById].
2021-07-16 20:44:31,150 INFO [http-nio-9999-exec-9] c.w.s.a.ServiceLogAspect [ServiceLogAspect.java:44] 用户[0:0:0:0:0:0:0:1],在[2021-07-16 20:44:31],访问了[com.wu.studyniuke.service.LikeService.findEntityLikeCount].
2021-07-16 20:44:31,151 INFO [http-nio-9999-exec-9] c.w.s.a.ServiceLogAspect [ServiceLogAspect.java:44] 用户[0:0:0:0:0:0:0:1],在[2021-07-16 20:44:31],访问了[com.wu.studyniuke.service.UserService.findUserById].
2021-07-16 20:44:31,156 INFO [http-nio-9999-exec-9] c.w.s.a.ServiceLogAspect [ServiceLogAspect.java:44] 用户[0:0:0:0:0:0:0:1],在[2021-07-16 20:44:31],访问了[com.wu.studyniuke.service.LikeService.findEntityLikeCount].
2021-07-16 20:44:31,157 INFO [http-nio-9999-exec-9] c.w.s.a.ServiceLogAspect [ServiceLogAspect.java:44] 用户[0:0:0:0:0:0:0:1],在[2021-07-16 20:44:31],访问了[com.wu.studyniuke.service.UserService.findUserById].
2021-07-16 20:44:31,162 INFO [http-nio-9999-exec-9] c.w.s.a.ServiceLogAspect [ServiceLogAspect.java:44] 用户[0:0:0:0:0:0:0:1],在[2021-07-16 20:44:31],访问了[com.wu.studyniuke.service.LikeService.findEntityLikeCount].
2021-07-16 20:44:31,164 INFO [http-nio-9999-exec-9] c.w.s.a.ServiceLogAspect [ServiceLogAspect.java:44] 用户[0:0:0:0:0:0:0:1],在[2021-07-16 20:44:31],访问了[com.wu.studyniuke.service.UserService.findUserById].
2021-07-16 20:44:31,168 INFO [http-nio-9999-exec-9] c.w.s.a.ServiceLogAspect [ServiceLogAspect.java:44] 用户[0:0:0:0:0:0:0:1],在[2021-07-16 20:44:31],访问了[com.wu.studyniuke.service.LikeService.findEntityLikeCount].
2021-07-16 20:44:31,169 INFO [http-nio-9999-exec-9] c.w.s.a.ServiceLogAspect [ServiceLogAspect.java:44] 用户[0:0:0:0:0:0:0:1],在[2021-07-16 20:44:31],访问了[com.wu.studyniuke.service.UserService.findUserById].
2021-07-16 20:44:31,175 INFO [http-nio-9999-exec-9] c.w.s.a.ServiceLogAspect [ServiceLogAspect.java:44] 用户[0:0:0:0:0:0:0:1],在[2021-07-16 20:44:31],访问了[com.wu.studyniuke.service.LikeService.findEntityLikeCount].
2021-07-16 20:44:31,177 INFO [http-nio-9999-exec-9] c.w.s.a.ServiceLogAspect [ServiceLogAspect.java:44] 用户[0:0:0:0:0:0:0:1],在[2021-07-16 20:44:31],访问了[com.wu.studyniuke.service.UserService.findUserById].
2021-07-16 20:44:31,181 INFO [http-nio-9999-exec-9] c.w.s.a.ServiceLogAspect [ServiceLogAspect.java:44] 用户[0:0:0:0:0:0:0:1],在[2021-07-16 20:44:31],访问了[com.wu.studyniuke.service.LikeService.findEntityLikeCount].
2021-07-16 20:44:31,182 INFO [http-nio-9999-exec-9] c.w.s.a.ServiceLogAspect [ServiceLogAspect.java:44] 用户[0:0:0:0:0:0:0:1],在[2021-07-16 20:44:31],访问了[com.wu.studyniuke.service.UserService.findUserById].
2021-07-16 20:44:31,185 INFO [http-nio-9999-exec-9] c.w.s.a.ServiceLogAspect [ServiceLogAspect.java:44] 用户[0:0:0:0:0:0:0:1],在[2021-07-16 20:44:31],访问了[com.wu.studyniuke.service.LikeService.findEntityLikeCount].
2021-07-16 20:44:31,187 INFO [http-nio-9999-exec-9] c.w.s.a.ServiceLogAspect [ServiceLogAspect.java:44] 用户[0:0:0:0:0:0:0:1],在[2021-07-16 20:44:31],访问了[com.wu.studyniuke.service.UserService.findUserById].
2021-07-16 20:44:31,191 INFO [http-nio-9999-exec-9] c.w.s.a.ServiceLogAspect [ServiceLogAspect.java:44] 用户[0:0:0:0:0:0:0:1],在[2021-07-16 20:44:31],访问了[com.wu.studyniuke.service.LikeService.findEntityLikeCount].
2021-07-16 20:44:31,192 INFO [http-nio-9999-exec-9] c.w.s.a.ServiceLogAspect [ServiceLogAspect.java:44] 用户[0:0:0:0:0:0:0:1],在[2021-07-16 20:44:31],访问了[com.wu.studyniuke.service.UserService.findUserById].
2021-07-16 20:44:31,196 INFO [http-nio-9999-exec-9] c.w.s.a.ServiceLogAspect [ServiceLogAspect.java:44] 用户[0:0:0:0:0:0:0:1],在[2021-07-16 20:44:31],访问了[com.wu.studyniuke.service.LikeService.findEntityLikeCount].
2021-07-16 20:44:35,580 INFO [http-nio-9999-exec-3] c.w.s.a.ServiceLogAspect [ServiceLogAspect.java:44] 用户[0:0:0:0:0:0:0:1],在[2021-07-16 20:44:35],访问了[com.wu.studyniuke.service.DiscussPostService.selectDiscussPostRows].
2021-07-16 20:44:35,584 INFO [http-nio-9999-exec-3] c.w.s.a.ServiceLogAspect [ServiceLogAspect.java:44] 用户[0:0:0:0:0:0:0:1],在[2021-07-16 20:44:35],访问了[com.wu.studyniuke.service.DiscussPostService.selectDiscussPosts].
2021-07-16 20:44:35,589 INFO [http-nio-9999-exec-3] c.w.s.a.ServiceLogAspect [ServiceLogAspect.java:44] 用户[0:0:0:0:0:0:0:1],在[2021-07-16 20:44:35],访问了[com.wu.studyniuke.service.UserService.findUserById].
2021-07-16 20:44:35,592 INFO [http-nio-9999-exec-3] c.w.s.a.ServiceLogAspect [ServiceLogAspect.java:44] 用户[0:0:0:0:0:0:0:1],在[2021-07-16 20:44:35],访问了[com.wu.studyniuke.service.LikeService.findEntityLikeCount].
2021-07-16 20:44:35,593 INFO [http-nio-9999-exec-3] c.w.s.a.ServiceLogAspect [ServiceLogAspect.java:44] 用户[0:0:0:0:0:0:0:1],在[2021-07-16 20:44:35],访问了[com.wu.studyniuke.service.UserService.findUserById].
2021-07-16 20:44:35,599 INFO [http-nio-9999-exec-3] c.w.s.a.ServiceLogAspect [ServiceLogAspect.java:44] 用户[0:0:0:0:0:0:0:1],在[2021-07-16 20:44:35],访问了[com.wu.studyniuke.service.LikeService.findEntityLikeCount].
2021-07-16 20:44:35,600 INFO [http-nio-9999-exec-3] c.w.s.a.ServiceLogAspect [ServiceLogAspect.java:44] 用户[0:0:0:0:0:0:0:1],在[2021-07-16 20:44:35],访问了[com.wu.studyniuke.service.UserService.findUserById].
2021-07-16 20:44:35,603 INFO [http-nio-9999-exec-3] c.w.s.a.ServiceLogAspect [ServiceLogAspect.java:44] 用户[0:0:0:0:0:0:0:1],在[2021-07-16 20:44:35],访问了[com.wu.studyniuke.service.LikeService.findEntityLikeCount].
2021-07-16 20:44:35,605 INFO [http-nio-9999-exec-3] c.w.s.a.ServiceLogAspect [ServiceLogAspect.java:44] 用户[0:0:0:0:0:0:0:1],在[2021-07-16 20:44:35],访问了[com.wu.studyniuke.service.UserService.findUserById].
2021-07-16 20:44:35,608 INFO [http-nio-9999-exec-3] c.w.s.a.ServiceLogAspect [ServiceLogAspect.java:44] 用户[0:0:0:0:0:0:0:1],在[2021-07-16 20:44:35],访问了[com.wu.studyniuke.service.LikeService.findEntityLikeCount].
2021-07-16 20:44:35,610 INFO [http-nio-9999-exec-3] c.w.s.a.ServiceLogAspect [ServiceLogAspect.java:44] 用户[0:0:0:0:0:0:0:1],在[2021-07-16 20:44:35],访问了[com.wu.studyniuke.service.UserService.findUserById].
2021-07-16 20:44:35,614 INFO [http-nio-9999-exec-3] c.w.s.a.ServiceLogAspect [ServiceLogAspect.java:44] 用户[0:0:0:0:0:0:0:1],在[2021-07-16 20:44:35],访问了[com.wu.studyniuke.service.LikeService.findEntityLikeCount].
2021-07-16 20:44:35,615 INFO [http-nio-9999-exec-3] c.w.s.a.ServiceLogAspect [ServiceLogAspect.java:44] 用户[0:0:0:0:0:0:0:1],在[2021-07-16 20:44:35],访问了[com.wu.studyniuke.service.UserService.findUserById].
2021-07-16 20:44:35,618 INFO [http-nio-9999-exec-3] c.w.s.a.ServiceLogAspect [ServiceLogAspect.java:44] 用户[0:0:0:0:0:0:0:1],在[2021-07-16 20:44:35],访问了[com.wu.studyniuke.service.LikeService.findEntityLikeCount].
2021-07-16 20:44:35,620 INFO [http-nio-9999-exec-3] c.w.s.a.ServiceLogAspect [ServiceLogAspect.java:44] 用户[0:0:0:0:0:0:0:1],在[2021-07-16 20:44:35],访问了[com.wu.studyniuke.service.UserService.findUserById].
2021-07-16 20:44:35,623 INFO [http-nio-9999-exec-3] c.w.s.a.ServiceLogAspect [ServiceLogAspect.java:44] 用户[0:0:0:0:0:0:0:1],在[2021-07-16 20:44:35],访问了[com.wu.studyniuke.service.LikeService.findEntityLikeCount].
2021-07-16 20:44:35,624 INFO [http-nio-9999-exec-3] c.w.s.a.ServiceLogAspect [ServiceLogAspect.java:44] 用户[0:0:0:0:0:0:0:1],在[2021-07-16 20:44:35],访问了[com.wu.studyniuke.service.UserService.findUserById].
2021-07-16 20:44:35,627 INFO [http-nio-9999-exec-3] c.w.s.a.ServiceLogAspect [ServiceLogAspect.java:44] 用户[0:0:0:0:0:0:0:1],在[2021-07-16 20:44:35],访问了[com.wu.studyniuke.service.LikeService.findEntityLikeCount].
2021-07-16 20:44:35,629 INFO [http-nio-9999-exec-3] c.w.s.a.ServiceLogAspect [ServiceLogAspect.java:44] 用户[0:0:0:0:0:0:0:1],在[2021-07-16 20:44:35],访问了[com.wu.studyniuke.service.UserService.findUserById].
2021-07-16 20:44:35,632 INFO [http-nio-9999-exec-3] c.w.s.a.ServiceLogAspect [ServiceLogAspect.java:44] 用户[0:0:0:0:0:0:0:1],在[2021-07-16 20:44:35],访问了[com.wu.studyniuke.service.LikeService.findEntityLikeCount].
2021-07-16 20:44:35,633 INFO [http-nio-9999-exec-3] c.w.s.a.ServiceLogAspect [ServiceLogAspect.java:44] 用户[0:0:0:0:0:0:0:1],在[2021-07-16 20:44:35],访问了[com.wu.studyniuke.service.UserService.findUserById].
2021-07-16 20:44:35,636 INFO [http-nio-9999-exec-3] c.w.s.a.ServiceLogAspect [ServiceLogAspect.java:44] 用户[0:0:0:0:0:0:0:1],在[2021-07-16 20:44:35],访问了[com.wu.studyniuke.service.LikeService.findEntityLikeCount].
2021-07-16 20:45:08,536 INFO [http-nio-9999-exec-1] c.w.s.a.ServiceLogAspect [ServiceLogAspect.java:44] 用户[0:0:0:0:0:0:0:1],在[2021-07-16 20:45:08],访问了[com.wu.studyniuke.service.UserService.register].
2021-07-16 20:45:53,894 INFO [http-nio-9999-exec-4] c.w.s.a.ServiceLogAspect [ServiceLogAspect.java:44] 用户[0:0:0:0:0:0:0:1],在[2021-07-16 20:45:53],访问了[com.wu.studyniuke.service.UserService.register].
2021-07-16 20:46:02,240 INFO [http-nio-9999-exec-3] c.w.s.a.ServiceLogAspect [ServiceLogAspect.java:44] 用户[0:0:0:0:0:0:0:1],在[2021-07-16 20:46:02],访问了[com.wu.studyniuke.service.UserService.register].
2021-07-16 20:46:29,843 INFO [http-nio-9999-exec-2] c.w.s.a.ServiceLogAspect [ServiceLogAspect.java:44] 用户[0:0:0:0:0:0:0:1],在[2021-07-16 20:46:29],访问了[com.wu.studyniuke.service.DiscussPostService.selectDiscussPostRows].
2021-07-16 20:46:29,849 INFO [http-nio-9999-exec-2] c.w.s.a.ServiceLogAspect [ServiceLogAspect.java:44] 用户[0:0:0:0:0:0:0:1],在[2021-07-16 20:46:29],访问了[com.wu.studyniuke.service.DiscussPostService.selectDiscussPosts].
2021-07-16 20:46:29,857 INFO [http-nio-9999-exec-2] c.w.s.a.ServiceLogAspect [ServiceLogAspect.java:44] 用户[0:0:0:0:0:0:0:1],在[2021-07-16 20:46:29],访问了[com.wu.studyniuke.service.UserService.findUserById].
2021-07-16 20:46:29,863 INFO [http-nio-9999-exec-2] c.w.s.a.ServiceLogAspect [ServiceLogAspect.java:44] 用户[0:0:0:0:0:0:0:1],在[2021-07-16 20:46:29],访问了[com.wu.studyniuke.service.LikeService.findEntityLikeCount].
2021-07-16 20:46:29,866 INFO [http-nio-9999-exec-2] c.w.s.a.ServiceLogAspect [ServiceLogAspect.java:44] 用户[0:0:0:0:0:0:0:1],在[2021-07-16 20:46:29],访问了[com.wu.studyniuke.service.UserService.findUserById].
2021-07-16 20:46:29,871 INFO [http-nio-9999-exec-2] c.w.s.a.ServiceLogAspect [ServiceLogAspect.java:44] 用户[0:0:0:0:0:0:0:1],在[2021-07-16 20:46:29],访问了[com.wu.studyniuke.service.LikeService.findEntityLikeCount].
2021-07-16 20:46:29,873 INFO [http-nio-9999-exec-2] c.w.s.a.ServiceLogAspect [ServiceLogAspect.java:44] 用户[0:0:0:0:0:0:0:1],在[2021-07-16 20:46:29],访问了[com.wu.studyniuke.service.UserService.findUserById].
2021-07-16 20:46:29,880 INFO [http-nio-9999-exec-2] c.w.s.a.ServiceLogAspect [ServiceLogAspect.java:44] 用户[0:0:0:0:0:0:0:1],在[2021-07-16 20:46:29],访问了[com.wu.studyniuke.service.LikeService.findEntityLikeCount].
2021-07-16 20:46:29,881 INFO [http-nio-9999-exec-2] c.w.s.a.ServiceLogAspect [ServiceLogAspect.java:44] 用户[0:0:0:0:0:0:0:1],在[2021-07-16 20:46:29],访问了[com.wu.studyniuke.service.UserService.findUserById].
2021-07-16 20:46:29,887 INFO [http-nio-9999-exec-2] c.w.s.a.ServiceLogAspect [ServiceLogAspect.java:44] 用户[0:0:0:0:0:0:0:1],在[2021-07-16 20:46:29],访问了[com.wu.studyniuke.service.LikeService.findEntityLikeCount].
2021-07-16 20:46:29,890 INFO [http-nio-9999-exec-2] c.w.s.a.ServiceLogAspect [ServiceLogAspect.java:44] 用户[0:0:0:0:0:0:0:1],在[2021-07-16 20:46:29],访问了[com.wu.studyniuke.service.UserService.findUserById].
2021-07-16 20:46:29,896 INFO [http-nio-9999-exec-2] c.w.s.a.ServiceLogAspect [ServiceLogAspect.java:44] 用户[0:0:0:0:0:0:0:1],在[2021-07-16 20:46:29],访问了[com.wu.studyniuke.service.LikeService.findEntityLikeCount].
2021-07-16 20:46:29,897 INFO [http-nio-9999-exec-2] c.w.s.a.ServiceLogAspect [ServiceLogAspect.java:44] 用户[0:0:0:0:0:0:0:1],在[2021-07-16 20:46:29],访问了[com.wu.studyniuke.service.UserService.findUserById].
2021-07-16 20:46:29,902 INFO [http-nio-9999-exec-2] c.w.s.a.ServiceLogAspect [ServiceLogAspect.java:44] 用户[0:0:0:0:0:0:0:1],在[2021-07-16 20:46:29],访问了[com.wu.studyniuke.service.LikeService.findEntityLikeCount].
2021-07-16 20:46:29,906 INFO [http-nio-9999-exec-2] c.w.s.a.ServiceLogAspect [ServiceLogAspect.java:44] 用户[0:0:0:0:0:0:0:1],在[2021-07-16 20:46:29],访问了[com.wu.studyniuke.service.UserService.findUserById].
2021-07-16 20:46:29,911 INFO [http-nio-9999-exec-2] c.w.s.a.ServiceLogAspect [ServiceLogAspect.java:44] 用户[0:0:0:0:0:0:0:1],在[2021-07-16 20:46:29],访问了[com.wu.studyniuke.service.LikeService.findEntityLikeCount].
2021-07-16 20:46:29,914 INFO [http-nio-9999-exec-2] c.w.s.a.ServiceLogAspect [ServiceLogAspect.java:44] 用户[0:0:0:0:0:0:0:1],在[2021-07-16 20:46:29],访问了[com.wu.studyniuke.service.UserService.findUserById].
2021-07-16 20:46:29,919 INFO [http-nio-9999-exec-2] c.w.s.a.ServiceLogAspect [ServiceLogAspect.java:44] 用户[0:0:0:0:0:0:0:1],在[2021-07-16 20:46:29],访问了[com.wu.studyniuke.service.LikeService.findEntityLikeCount].
2021-07-16 20:46:29,922 INFO [http-nio-9999-exec-2] c.w.s.a.ServiceLogAspect [ServiceLogAspect.java:44] 用户[0:0:0:0:0:0:0:1],在[2021-07-16 20:46:29],访问了[com.wu.studyniuke.service.UserService.findUserById].
2021-07-16 20:46:29,928 INFO [http-nio-9999-exec-2] c.w.s.a.ServiceLogAspect [ServiceLogAspect.java:44] 用户[0:0:0:0:0:0:0:1],在[2021-07-16 20:46:29],访问了[com.wu.studyniuke.service.LikeService.findEntityLikeCount].
2021-07-16 20:46:29,929 INFO [http-nio-9999-exec-2] c.w.s.a.ServiceLogAspect [ServiceLogAspect.java:44] 用户[0:0:0:0:0:0:0:1],在[2021-07-16 20:46:29],访问了[com.wu.studyniuke.service.UserService.findUserById].
2021-07-16 20:46:29,933 INFO [http-nio-9999-exec-2] c.w.s.a.ServiceLogAspect [ServiceLogAspect.java:44] 用户[0:0:0:0:0:0:0:1],在[2021-07-16 20:46:29],访问了[com.wu.studyniuke.service.LikeService.findEntityLikeCount].
2021-07-16 20:47:46,650 INFO [http-nio-9999-exec-9] c.w.s.a.ServiceLogAspect [ServiceLogAspect.java:44] 用户[0:0:0:0:0:0:0:1],在[2021-07-16 20:47:46],访问了[com.wu.studyniuke.service.UserService.activation].
2021-07-16 20:52:46,696 INFO [http-nio-9999-exec-8] c.w.s.a.ServiceLogAspect [ServiceLogAspect.java:44] 用户[0:0:0:0:0:0:0:1],在[2021-07-16 20:52:46],访问了[com.wu.studyniuke.service.UserService.login].
2021-07-16 20:53:00,141 INFO [http-nio-9999-exec-9] c.w.s.a.ServiceLogAspect [ServiceLogAspect.java:44] 用户[0:0:0:0:0:0:0:1],在[2021-07-16 20:53:00],访问了[com.wu.studyniuke.service.UserService.login].
2021-07-16 20:55:16,071 INFO [http-nio-9999-exec-7] c.w.s.a.ServiceLogAspect [ServiceLogAspect.java:44] 用户[0:0:0:0:0:0:0:1],在[2021-07-16 20:55:16],访问了[com.wu.studyniuke.service.UserService.login].
2021-07-16 20:57:30,315 INFO [main] c.w.s.StudyniukeApplication [StartupInfoLogger.java:55] Starting StudyniukeApplication using Java 1.8.0_291 on LAPTOP-CCKROGRM with PID 696 (D:\Softwares\IDEA\mavenProject\studyniuke\target\classes started by 吴彦淼 in D:\Softwares\IDEA\mavenProject\studyniuke)
2021-07-16 20:57:30,320 INFO [main] c.w.s.StudyniukeApplication [SpringApplication.java:675] No active profile set, falling back to default profiles: default
2021-07-16 20:57:31,132 INFO [main] o.s.d.r.c.RepositoryConfigurationDelegate [RepositoryConfigurationDelegate.java:250] Multiple Spring Data modules found, entering strict repository configuration mode!
2021-07-16 20:57:31,135 INFO [main] o.s.d.r.c.RepositoryConfigurationDelegate [RepositoryConfigurationDelegate.java:128] Bootstrapping Spring Data Redis repositories in DEFAULT mode.
2021-07-16 20:57:31,168 INFO [main] o.s.d.r.c.RepositoryConfigurationDelegate [RepositoryConfigurationDelegate.java:188] Finished Spring Data repository scanning in 13 ms. Found 0 Redis repository interfaces.
2021-07-16 20:57:31,841 INFO [main] o.s.b.w.e.t.TomcatWebServer [TomcatWebServer.java:108] Tomcat initialized with port(s): 9999 (http)
2021-07-16 20:57:31,850 INFO [main] o.a.c.h.Http11NioProtocol [DirectJDKLog.java:173] Initializing ProtocolHandler ["http-nio-9999"]
2021-07-16 20:57:31,851 INFO [main] o.a.c.c.StandardService [DirectJDKLog.java:173] Starting service [Tomcat]
2021-07-16 20:57:31,851 INFO [main] o.a.c.c.StandardEngine [DirectJDKLog.java:173] Starting Servlet engine: [Apache Tomcat/9.0.45]
2021-07-16 20:57:31,963 INFO [main] o.a.c.c.C.[.[.[/wu] [DirectJDKLog.java:173] Initializing Spring embedded WebApplicationContext
2021-07-16 20:57:31,964 INFO [main] o.s.b.w.s.c.ServletWebServerApplicationContext [ServletWebServerApplicationContext.java:289] Root WebApplicationContext: initialization completed in 1594 ms
2021-07-16 20:57:32,741 INFO [main] o.s.b.f.a.AutowiredAnnotationBeanPostProcessor [AutowiredAnnotationBeanPostProcessor.java:478] Autowired annotation is not supported on static fields: private static final org.slf4j.Logger com.wu.studyniuke.controller.LoginController.LOGGER
2021-07-16 20:57:32,964 INFO [main] o.s.s.c.ThreadPoolTaskExecutor [ExecutorConfigurationSupport.java:181] Initializing ExecutorService 'applicationTaskExecutor'
2021-07-16 20:57:33,058 INFO [main] o.s.b.a.w.s.WelcomePageHandlerMapping [WelcomePageHandlerMapping.java:57] Adding welcome page template: index
2021-07-16 20:57:33,350 INFO [main] o.a.c.h.Http11NioProtocol [DirectJDKLog.java:173] Starting ProtocolHandler ["http-nio-9999"]
2021-07-16 20:57:33,369 INFO [main] o.s.b.w.e.t.TomcatWebServer [TomcatWebServer.java:220] Tomcat started on port(s): 9999 (http) with context path '/wu'
2021-07-16 20:57:33,381 INFO [main] c.w.s.StudyniukeApplication [StartupInfoLogger.java:61] Started StudyniukeApplication in 3.67 seconds (JVM running for 5.052)
2021-07-16 20:57:40,484 INFO [http-nio-9999-exec-1] o.a.c.c.C.[.[.[/wu] [DirectJDKLog.java:173] Initializing Spring DispatcherServlet 'dispatcherServlet'
2021-07-16 20:57:40,485 INFO [http-nio-9999-exec-1] o.s.w.s.DispatcherServlet [FrameworkServlet.java:525] Initializing Servlet 'dispatcherServlet'
2021-07-16 20:57:40,486 INFO [http-nio-9999-exec-1] o.s.w.s.DispatcherServlet [FrameworkServlet.java:547] Completed initialization in 1 ms
2021-07-16 20:57:48,229 INFO [http-nio-9999-exec-3] c.w.s.a.ServiceLogAspect [ServiceLogAspect.java:44] 用户[0:0:0:0:0:0:0:1],在[2021-07-16 20:57:48],访问了[com.wu.studyniuke.service.UserService.login].
2021-07-16 20:57:48,252 INFO [http-nio-9999-exec-3] c.z.h.HikariDataSource [HikariDataSource.java:110] HikariPool-1 - Starting...
2021-07-16 20:57:48,426 INFO [http-nio-9999-exec-3] c.z.h.HikariDataSource [HikariDataSource.java:123] HikariPool-1 - Start completed.
2021-07-16 20:57:48,518 INFO [http-nio-9999-exec-4] c.w.s.a.ServiceLogAspect [ServiceLogAspect.java:44] 用户[0:0:0:0:0:0:0:1],在[2021-07-16 20:57:48],访问了[com.wu.studyniuke.service.UserService.findLoginTicket].
2021-07-16 20:57:48,523 INFO [http-nio-9999-exec-4] c.w.s.a.ServiceLogAspect [ServiceLogAspect.java:44] 用户[0:0:0:0:0:0:0:1],在[2021-07-16 20:57:48],访问了[com.wu.studyniuke.service.UserService.findUserById].
2021-07-16 20:57:48,533 INFO [http-nio-9999-exec-4] c.w.s.a.ServiceLogAspect [ServiceLogAspect.java:44] 用户[0:0:0:0:0:0:0:1],在[2021-07-16 20:57:48],访问了[com.wu.studyniuke.service.DiscussPostService.selectDiscussPostRows].
2021-07-16 20:57:48,564 INFO [http-nio-9999-exec-4] c.w.s.a.ServiceLogAspect [ServiceLogAspect.java:44] 用户[0:0:0:0:0:0:0:1],在[2021-07-16 20:57:48],访问了[com.wu.studyniuke.service.DiscussPostService.selectDiscussPosts].
2021-07-16 20:57:48,573 INFO [http-nio-9999-exec-4] c.w.s.a.ServiceLogAspect [ServiceLogAspect.java:44] 用户[0:0:0:0:0:0:0:1],在[2021-07-16 20:57:48],访问了[com.wu.studyniuke.service.UserService.findUserById].
2021-07-16 20:57:48,576 INFO [http-nio-9999-exec-4] c.w.s.a.ServiceLogAspect [ServiceLogAspect.java:44] 用户[0:0:0:0:0:0:0:1],在[2021-07-16 20:57:48],访问了[com.wu.studyniuke.service.LikeService.findEntityLikeCount].
2021-07-16 20:57:49,759 INFO [http-nio-9999-exec-4] c.w.s.a.ServiceLogAspect [ServiceLogAspect.java:44] 用户[0:0:0:0:0:0:0:1],在[2021-07-16 20:57:49],访问了[com.wu.studyniuke.service.UserService.findUserById].
2021-07-16 20:57:49,762 INFO [http-nio-9999-exec-4] c.w.s.a.ServiceLogAspect [ServiceLogAspect.java:44] 用户[0:0:0:0:0:0:0:1],在[2021-07-16 20:57:49],访问了[com.wu.studyniuke.service.LikeService.findEntityLikeCount].
2021-07-16 20:57:49,764 INFO [http-nio-9999-exec-4] c.w.s.a.ServiceLogAspect [ServiceLogAspect.java:44] 用户[0:0:0:0:0:0:0:1],在[2021-07-16 20:57:49],访问了[com.wu.studyniuke.service.UserService.findUserById].
2021-07-16 20:57:49,768 INFO [http-nio-9999-exec-4] c.w.s.a.ServiceLogAspect [ServiceLogAspect.java:44] 用户[0:0:0:0:0:0:0:1],在[2021-07-16 20:57:49],访问了[com.wu.studyniuke.service.LikeService.findEntityLikeCount].
2021-07-16 20:57:49,770 INFO [http-nio-9999-exec-4] c.w.s.a.ServiceLogAspect [ServiceLogAspect.java:44] 用户[0:0:0:0:0:0:0:1],在[2021-07-16 20:57:49],访问了[com.wu.studyniuke.service.UserService.findUserById].
2021-07-16 20:57:49,774 INFO [http-nio-9999-exec-4] c.w.s.a.ServiceLogAspect [ServiceLogAspect.java:44] 用户[0:0:0:0:0:0:0:1],在[2021-07-16 20:57:49],访问了[com.wu.studyniuke.service.LikeService.findEntityLikeCount].
2021-07-16 20:57:49,775 INFO [http-nio-9999-exec-4] c.w.s.a.ServiceLogAspect [ServiceLogAspect.java:44] 用户[0:0:0:0:0:0:0:1],在[2021-07-16 20:57:49],访问了[com.wu.studyniuke.service.UserService.findUserById].
2021-07-16 20:57:49,778 INFO [http-nio-9999-exec-4] c.w.s.a.ServiceLogAspect [ServiceLogAspect.java:44] 用户[0:0:0:0:0:0:0:1],在[2021-07-16 20:57:49],访问了[com.wu.studyniuke.service.LikeService.findEntityLikeCount].
2021-07-16 20:57:49,780 INFO [http-nio-9999-exec-4] c.w.s.a.ServiceLogAspect [ServiceLogAspect.java:44] 用户[0:0:0:0:0:0:0:1],在[2021-07-16 20:57:49],访问了[com.wu.studyniuke.service.UserService.findUserById].
2021-07-16 20:57:49,784 INFO [http-nio-9999-exec-4] c.w.s.a.ServiceLogAspect [ServiceLogAspect.java:44] 用户[0:0:0:0:0:0:0:1],在[2021-07-16 20:57:49],访问了[com.wu.studyniuke.service.LikeService.findEntityLikeCount].
2021-07-16 20:57:49,786 INFO [http-nio-9999-exec-4] c.w.s.a.ServiceLogAspect [ServiceLogAspect.java:44] 用户[0:0:0:0:0:0:0:1],在[2021-07-16 20:57:49],访问了[com.wu.studyniuke.service.UserService.findUserById].
2021-07-16 20:57:49,789 INFO [http-nio-9999-exec-4] c.w.s.a.ServiceLogAspect [ServiceLogAspect.java:44] 用户[0:0:0:0:0:0:0:1],在[2021-07-16 20:57:49],访问了[com.wu.studyniuke.service.LikeService.findEntityLikeCount].
2021-07-16 20:57:49,791 INFO [http-nio-9999-exec-4] c.w.s.a.ServiceLogAspect [ServiceLogAspect.java:44] 用户[0:0:0:0:0:0:0:1],在[2021-07-16 20:57:49],访问了[com.wu.studyniuke.service.UserService.findUserById].
2021-07-16 20:57:49,794 INFO [http-nio-9999-exec-4] c.w.s.a.ServiceLogAspect [ServiceLogAspect.java:44] 用户[0:0:0:0:0:0:0:1],在[2021-07-16 20:57:49],访问了[com.wu.studyniuke.service.LikeService.findEntityLikeCount].
2021-07-16 20:57:49,796 INFO [http-nio-9999-exec-4] c.w.s.a.ServiceLogAspect [ServiceLogAspect.java:44] 用户[0:0:0:0:0:0:0:1],在[2021-07-16 20:57:49],访问了[com.wu.studyniuke.service.UserService.findUserById].
2021-07-16 20:57:49,799 INFO [http-nio-9999-exec-4] c.w.s.a.ServiceLogAspect [ServiceLogAspect.java:44] 用户[0:0:0:0:0:0:0:1],在[2021-07-16 20:57:49],访问了[com.wu.studyniuke.service.LikeService.findEntityLikeCount].
2021-07-16 20:57:49,801 INFO [http-nio-9999-exec-4] c.w.s.a.ServiceLogAspect [ServiceLogAspect.java:44] 用户[0:0:0:0:0:0:0:1],在[2021-07-16 20:57:49],访问了[com.wu.studyniuke.service.UserService.findUserById].
2021-07-16 20:57:49,807 INFO [http-nio-9999-exec-4] c.w.s.a.ServiceLogAspect [ServiceLogAspect.java:44] 用户[0:0:0:0:0:0:0:1],在[2021-07-16 20:57:49],访问了[com.wu.studyniuke.service.LikeService.findEntityLikeCount].
2021-07-16 20:57:49,870 INFO [http-nio-9999-exec-6] c.w.s.a.ServiceLogAspect [ServiceLogAspect.java:44] 用户[0:0:0:0:0:0:0:1],在[2021-07-16 20:57:49],访问了[com.wu.studyniuke.service.UserService.findLoginTicket].
2021-07-16 20:57:49,876 INFO [http-nio-9999-exec-6] c.w.s.a.ServiceLogAspect [ServiceLogAspect.java:44] 用户[0:0:0:0:0:0:0:1],在[2021-07-16 20:57:49],访问了[com.wu.studyniuke.service.UserService.findUserById].
2021-07-16 20:57:54,684 INFO [http-nio-9999-exec-7] c.w.s.a.ServiceLogAspect [ServiceLogAspect.java:44] 用户[0:0:0:0:0:0:0:1],在[2021-07-16 20:57:54],访问了[com.wu.studyniuke.service.UserService.findLoginTicket].
2021-07-16 20:57:54,689 INFO [http-nio-9999-exec-7] c.w.s.a.ServiceLogAspect [ServiceLogAspect.java:44] 用户[0:0:0:0:0:0:0:1],在[2021-07-16 20:57:54],访问了[com.wu.studyniuke.service.UserService.findUserById].
2021-07-16 20:57:54,697 INFO [http-nio-9999-exec-7] c.w.s.a.ServiceLogAspect [ServiceLogAspect.java:44] 用户[0:0:0:0:0:0:0:1],在[2021-07-16 20:57:54],访问了[com.wu.studyniuke.service.UserService.findLoginTicket].
2021-07-16 20:57:54,700 INFO [http-nio-9999-exec-7] c.w.s.a.ServiceLogAspect [ServiceLogAspect.java:44] 用户[0:0:0:0:0:0:0:1],在[2021-07-16 20:57:54],访问了[com.wu.studyniuke.service.UserService.findUserById].
2021-07-16 20:57:56,831 INFO [http-nio-9999-exec-8] c.w.s.a.ServiceLogAspect [ServiceLogAspect.java:44] 用户[0:0:0:0:0:0:0:1],在[2021-07-16 20:57:56],访问了[com.wu.studyniuke.service.UserService.findLoginTicket].
2021-07-16 20:57:56,835 INFO [http-nio-9999-exec-8] c.w.s.a.ServiceLogAspect [ServiceLogAspect.java:44] 用户[0:0:0:0:0:0:0:1],在[2021-07-16 20:57:56],访问了[com.wu.studyniuke.service.UserService.findUserById].
2021-07-16 20:58:48,442 INFO [http-nio-9999-exec-2] c.w.s.a.ServiceLogAspect [ServiceLogAspect.java:44] 用户[0:0:0:0:0:0:0:1],在[2021-07-16 20:58:48],访问了[com.wu.studyniuke.service.UserService.findLoginTicket].
2021-07-16 20:58:48,446 INFO [http-nio-9999-exec-2] c.w.s.a.ServiceLogAspect [ServiceLogAspect.java:44] 用户[0:0:0:0:0:0:0:1],在[2021-07-16 20:58:48],访问了[com.wu.studyniuke.service.UserService.findUserById].
2021-07-16 20:58:48,454 INFO [http-nio-9999-exec-2] c.w.s.a.ServiceLogAspect [ServiceLogAspect.java:44] 用户[0:0:0:0:0:0:0:1],在[2021-07-16 20:58:48],访问了[com.wu.studyniuke.service.UserService.updateHeadUrl].
2021-07-16 20:58:48,464 INFO [http-nio-9999-exec-3] c.w.s.a.ServiceLogAspect [ServiceLogAspect.java:44] 用户[0:0:0:0:0:0:0:1],在[2021-07-16 20:58:48],访问了[com.wu.studyniuke.service.UserService.findLoginTicket].
2021-07-16 20:58:48,467 INFO [http-nio-9999-exec-3] c.w.s.a.ServiceLogAspect [ServiceLogAspect.java:44] 用户[0:0:0:0:0:0:0:1],在[2021-07-16 20:58:48],访问了[com.wu.studyniuke.service.UserService.findUserById].
2021-07-16 20:58:48,470 INFO [http-nio-9999-exec-3] c.w.s.a.ServiceLogAspect [ServiceLogAspect.java:44] 用户[0:0:0:0:0:0:0:1],在[2021-07-16 20:58:48],访问了[com.wu.studyniuke.service.DiscussPostService.selectDiscussPostRows].
2021-07-16 20:58:48,473 INFO [http-nio-9999-exec-3] c.w.s.a.ServiceLogAspect [ServiceLogAspect.java:44] 用户[0:0:0:0:0:0:0:1],在[2021-07-16 20:58:48],访问了[com.wu.studyniuke.service.DiscussPostService.selectDiscussPosts].
2021-07-16 20:58:48,480 INFO [http-nio-9999-exec-3] c.w.s.a.ServiceLogAspect [ServiceLogAspect.java:44] 用户[0:0:0:0:0:0:0:1],在[2021-07-16 20:58:48],访问了[com.wu.studyniuke.service.UserService.findUserById].
2021-07-16 20:58:48,483 INFO [http-nio-9999-exec-3] c.w.s.a.ServiceLogAspect [ServiceLogAspect.java:44] 用户[0:0:0:0:0:0:0:1],在[2021-07-16 20:58:48],访问了[com.wu.studyniuke.service.LikeService.findEntityLikeCount].
2021-07-16 20:58:48,484 INFO [http-nio-9999-exec-3] c.w.s.a.ServiceLogAspect [ServiceLogAspect.java:44] 用户[0:0:0:0:0:0:0:1],在[2021-07-16 20:58:48],访问了[com.wu.studyniuke.service.UserService.findUserById].
2021-07-16 20:58:48,487 INFO [http-nio-9999-exec-3] c.w.s.a.ServiceLogAspect [ServiceLogAspect.java:44] 用户[0:0:0:0:0:0:0:1],在[2021-07-16 20:58:48],访问了[com.wu.studyniuke.service.LikeService.findEntityLikeCount].
2021-07-16 20:58:48,489 INFO [http-nio-9999-exec-3] c.w.s.a.ServiceLogAspect [ServiceLogAspect.java:44] 用户[0:0:0:0:0:0:0:1],在[2021-07-16 20:58:48],访问了[com.wu.studyniuke.service.UserService.findUserById].
2021-07-16 20:58:48,492 INFO [http-nio-9999-exec-3] c.w.s.a.ServiceLogAspect [ServiceLogAspect.java:44] 用户[0:0:0:0:0:0:0:1],在[2021-07-16 20:58:48],访问了[com.wu.studyniuke.service.LikeService.findEntityLikeCount].
2021-07-16 20:58:48,494 INFO [http-nio-9999-exec-3] c.w.s.a.ServiceLogAspect [ServiceLogAspect.java:44] 用户[0:0:0:0:0:0:0:1],在[2021-07-16 20:58:48],访问了[com.wu.studyniuke.service.UserService.findUserById].
2021-07-16 20:58:48,497 INFO [http-nio-9999-exec-3] c.w.s.a.ServiceLogAspect [ServiceLogAspect.java:44] 用户[0:0:0:0:0:0:0:1],在[2021-07-16 20:58:48],访问了[com.wu.studyniuke.service.LikeService.findEntityLikeCount].
2021-07-16 20:58:48,499 INFO [http-nio-9999-exec-3] c.w.s.a.ServiceLogAspect [ServiceLogAspect.java:44] 用户[0:0:0:0:0:0:0:1],在[2021-07-16 20:58:48],访问了[com.wu.studyniuke.service.UserService.findUserById].
2021-07-16 20:58:48,502 INFO [http-nio-9999-exec-3] c.w.s.a.ServiceLogAspect [ServiceLogAspect.java:44] 用户[0:0:0:0:0:0:0:1],在[2021-07-16 20:58:48],访问了[com.wu.studyniuke.service.LikeService.findEntityLikeCount].
2021-07-16 20:58:48,503 INFO [http-nio-9999-exec-3] c.w.s.a.ServiceLogAspect [ServiceLogAspect.java:44] 用户[0:0:0:0:0:0:0:1],在[2021-07-16 20:58:48],访问了[com.wu.studyniuke.service.UserService.findUserById].
2021-07-16 20:58:48,505 INFO [http-nio-9999-exec-3] c.w.s.a.ServiceLogAspect [ServiceLogAspect.java:44] 用户[0:0:0:0:0:0:0:1],在[2021-07-16 20:58:48],访问了[com.wu.studyniuke.service.LikeService.findEntityLikeCount].
2021-07-16 20:58:48,507 INFO [http-nio-9999-exec-3] c.w.s.a.ServiceLogAspect [ServiceLogAspect.java:44] 用户[0:0:0:0:0:0:0:1],在[2021-07-16 20:58:48],访问了[com.wu.studyniuke.service.UserService.findUserById].
2021-07-16 20:58:48,511 INFO [http-nio-9999-exec-3] c.w.s.a.ServiceLogAspect [ServiceLogAspect.java:44] 用户[0:0:0:0:0:0:0:1],在[2021-07-16 20:58:48],访问了[com.wu.studyniuke.service.LikeService.findEntityLikeCount].
2021-07-16 20:58:48,512 INFO [http-nio-9999-exec-3] c.w.s.a.ServiceLogAspect [ServiceLogAspect.java:44] 用户[0:0:0:0:0:0:0:1],在[2021-07-16 20:58:48],访问了[com.wu.studyniuke.service.UserService.findUserById].
2021-07-16 20:58:48,515 INFO [http-nio-9999-exec-3] c.w.s.a.ServiceLogAspect [ServiceLogAspect.java:44] 用户[0:0:0:0:0:0:0:1],在[2021-07-16 20:58:48],访问了[com.wu.studyniuke.service.LikeService.findEntityLikeCount].
2021-07-16 20:58:48,516 INFO [http-nio-9999-exec-3] c.w.s.a.ServiceLogAspect [ServiceLogAspect.java:44] 用户[0:0:0:0:0:0:0:1],在[2021-07-16 20:58:48],访问了[com.wu.studyniuke.service.UserService.findUserById].
2021-07-16 20:58:48,519 INFO [http-nio-9999-exec-3] c.w.s.a.ServiceLogAspect [ServiceLogAspect.java:44] 用户[0:0:0:0:0:0:0:1],在[2021-07-16 20:58:48],访问了[com.wu.studyniuke.service.LikeService.findEntityLikeCount].
2021-07-16 20:58:48,521 INFO [http-nio-9999-exec-3] c.w.s.a.ServiceLogAspect [ServiceLogAspect.java:44] 用户[0:0:0:0:0:0:0:1],在[2021-07-16 20:58:48],访问了[com.wu.studyniuke.service.UserService.findUserById].
2021-07-16 20:58:48,524 INFO [http-nio-9999-exec-3] c.w.s.a.ServiceLogAspect [ServiceLogAspect.java:44] 用户[0:0:0:0:0:0:0:1],在[2021-07-16 20:58:48],访问了[com.wu.studyniuke.service.LikeService.findEntityLikeCount].
2021-07-16 20:58:48,567 INFO [http-nio-9999-exec-4] c.w.s.a.ServiceLogAspect [ServiceLogAspect.java:44] 用户[0:0:0:0:0:0:0:1],在[2021-07-16 20:58:48],访问了[com.wu.studyniuke.service.UserService.findLoginTicket].
2021-07-16 20:58:48,572 INFO [http-nio-9999-exec-4] c.w.s.a.ServiceLogAspect [ServiceLogAspect.java:44] 用户[0:0:0:0:0:0:0:1],在[2021-07-16 20:58:48],访问了[com.wu.studyniuke.service.UserService.findUserById].
2021-07-16 20:58:48,572 INFO [http-nio-9999-exec-6] c.w.s.a.ServiceLogAspect [ServiceLogAspect.java:44] 用户[0:0:0:0:0:0:0:1],在[2021-07-16 20:58:48],访问了[com.wu.studyniuke.service.UserService.findLoginTicket].
2021-07-16 20:58:48,583 INFO [http-nio-9999-exec-6] c.w.s.a.ServiceLogAspect [ServiceLogAspect.java:44] 用户[0:0:0:0:0:0:0:1],在[2021-07-16 20:58:48],访问了[com.wu.studyniuke.service.UserService.findUserById].
2021-07-16 20:58:55,105 INFO [http-nio-9999-exec-5] c.w.s.a.ServiceLogAspect [ServiceLogAspect.java:44] 用户[0:0:0:0:0:0:0:1],在[2021-07-16 20:58:55],访问了[com.wu.studyniuke.service.UserService.findLoginTicket].
2021-07-16 20:58:55,109 INFO [http-nio-9999-exec-5] c.w.s.a.ServiceLogAspect [ServiceLogAspect.java:44] 用户[0:0:0:0:0:0:0:1],在[2021-07-16 20:58:55],访问了[com.wu.studyniuke.service.UserService.findUserById].
2021-07-16 20:58:55,116 INFO [http-nio-9999-exec-5] c.w.s.a.ServiceLogAspect [ServiceLogAspect.java:44] 用户[0:0:0:0:0:0:0:1],在[2021-07-16 20:58:55],访问了[com.wu.studyniuke.service.UserService.logout].
2021-07-16 20:58:55,135 INFO [http-nio-9999-exec-7] c.w.s.a.ServiceLogAspect [ServiceLogAspect.java:44] 用户[0:0:0:0:0:0:0:1],在[2021-07-16 20:58:55],访问了[com.wu.studyniuke.service.UserService.findLoginTicket].
2021-07-16 20:58:55,164 INFO [http-nio-9999-exec-9] c.w.s.a.ServiceLogAspect [ServiceLogAspect.java:44] 用户[0:0:0:0:0:0:0:1],在[2021-07-16 20:58:55],访问了[com.wu.studyniuke.service.UserService.findLoginTicket].
2021-07-16 20:59:06,623 INFO [http-nio-9999-exec-8] c.w.s.a.ServiceLogAspect [ServiceLogAspect.java:44] 用户[0:0:0:0:0:0:0:1],在[2021-07-16 20:59:06],访问了[com.wu.studyniuke.service.UserService.findLoginTicket].
2021-07-16 20:59:06,627 INFO [http-nio-9999-exec-8] c.w.s.a.ServiceLogAspect [ServiceLogAspect.java:44] 用户[0:0:0:0:0:0:0:1],在[2021-07-16 20:59:06],访问了[com.wu.studyniuke.service.UserService.login].
2021-07-16 20:59:06,657 INFO [http-nio-9999-exec-10] c.w.s.a.ServiceLogAspect [ServiceLogAspect.java:44] 用户[0:0:0:0:0:0:0:1],在[2021-07-16 20:59:06],访问了[com.wu.studyniuke.service.UserService.findLoginTicket].
2021-07-16 21:00:22,343 INFO [http-nio-9999-exec-3] c.w.s.a.ServiceLogAspect [ServiceLogAspect.java:44] 用户[0:0:0:0:0:0:0:1],在[2021-07-16 21:00:22],访问了[com.wu.studyniuke.service.UserService.findLoginTicket].
2021-07-16 21:00:22,348 INFO [http-nio-9999-exec-3] c.w.s.a.ServiceLogAspect [ServiceLogAspect.java:44] 用户[0:0:0:0:0:0:0:1],在[2021-07-16 21:00:22],访问了[com.wu.studyniuke.service.UserService.login].
2021-07-16 21:00:22,377 INFO [http-nio-9999-exec-4] c.w.s.a.ServiceLogAspect [ServiceLogAspect.java:44] 用户[0:0:0:0:0:0:0:1],在[2021-07-16 21:00:22],访问了[com.wu.studyniuke.service.UserService.findLoginTicket].
2021-07-16 21:00:29,723 INFO [http-nio-9999-exec-6] c.w.s.a.ServiceLogAspect [ServiceLogAspect.java:44] 用户[0:0:0:0:0:0:0:1],在[2021-07-16 21:00:29],访问了[com.wu.studyniuke.service.UserService.findLoginTicket].
2021-07-16 21:00:29,727 INFO [http-nio-9999-exec-6] c.w.s.a.ServiceLogAspect [ServiceLogAspect.java:44] 用户[0:0:0:0:0:0:0:1],在[2021-07-16 21:00:29],访问了[com.wu.studyniuke.service.UserService.login].
2021-07-16 21:00:29,755 INFO [http-nio-9999-exec-5] c.w.s.a.ServiceLogAspect [ServiceLogAspect.java:44] 用户[0:0:0:0:0:0:0:1],在[2021-07-16 21:00:29],访问了[com.wu.studyniuke.service.UserService.findLoginTicket].
2021-07-16 21:04:15,376 INFO [main] c.w.s.StudyniukeApplication [StartupInfoLogger.java:55] Starting StudyniukeApplication using Java 1.8.0_291 on LAPTOP-CCKROGRM with PID 13460 (D:\Softwares\IDEA\mavenProject\studyniuke\target\classes started by 吴彦淼 in D:\Softwares\IDEA\mavenProject\studyniuke)
2021-07-16 21:04:15,380 INFO [main] c.w.s.StudyniukeApplication [SpringApplication.java:675] No active profile set, falling back to default profiles: default
2021-07-16 21:04:16,347 INFO [main] o.s.d.r.c.RepositoryConfigurationDelegate [RepositoryConfigurationDelegate.java:250] Multiple Spring Data modules found, entering strict repository configuration mode!
2021-07-16 21:04:16,349 INFO [main] o.s.d.r.c.RepositoryConfigurationDelegate [RepositoryConfigurationDelegate.java:128] Bootstrapping Spring Data Redis repositories in DEFAULT mode.
2021-07-16 21:04:16,386 INFO [main] o.s.d.r.c.RepositoryConfigurationDelegate [RepositoryConfigurationDelegate.java:188] Finished Spring Data repository scanning in 14 ms. Found 0 Redis repository interfaces.
2021-07-16 21:04:17,096 INFO [main] o.s.b.w.e.t.TomcatWebServer [TomcatWebServer.java:108] Tomcat initialized with port(s): 9999 (http)
2021-07-16 21:04:17,106 INFO [main] o.a.c.h.Http11NioProtocol [DirectJDKLog.java:173] Initializing ProtocolHandler ["http-nio-9999"]
2021-07-16 21:04:17,107 INFO [main] o.a.c.c.StandardService [DirectJDKLog.java:173] Starting service [Tomcat]
2021-07-16 21:04:17,107 INFO [main] o.a.c.c.StandardEngine [DirectJDKLog.java:173] Starting Servlet engine: [Apache Tomcat/9.0.45]
2021-07-16 21:04:17,227 INFO [main] o.a.c.c.C.[.[.[/wu] [DirectJDKLog.java:173] Initializing Spring embedded WebApplicationContext
2021-07-16 21:04:17,228 INFO [main] o.s.b.w.s.c.ServletWebServerApplicationContext [ServletWebServerApplicationContext.java:289] Root WebApplicationContext: initialization completed in 1790 ms
2021-07-16 21:04:18,081 INFO [main] o.s.b.f.a.AutowiredAnnotationBeanPostProcessor [AutowiredAnnotationBeanPostProcessor.java:478] Autowired annotation is not supported on static fields: private static final org.slf4j.Logger com.wu.studyniuke.controller.LoginController.LOGGER
2021-07-16 21:04:18,303 INFO [main] o.s.s.c.ThreadPoolTaskExecutor [ExecutorConfigurationSupport.java:181] Initializing ExecutorService 'applicationTaskExecutor'
2021-07-16 21:04:18,398 INFO [main] o.s.b.a.w.s.WelcomePageHandlerMapping [WelcomePageHandlerMapping.java:57] Adding welcome page template: index
2021-07-16 21:04:18,706 INFO [main] o.a.c.h.Http11NioProtocol [DirectJDKLog.java:173] Starting ProtocolHandler ["http-nio-9999"]
2021-07-16 21:04:18,726 INFO [main] o.s.b.w.e.t.TomcatWebServer [TomcatWebServer.java:220] Tomcat started on port(s): 9999 (http) with context path '/wu'
2021-07-16 21:04:18,737 INFO [main] c.w.s.StudyniukeApplication [StartupInfoLogger.java:61] Started StudyniukeApplication in 3.975 seconds (JVM running for 5.35)
2021-07-16 21:07:48,702 INFO [http-nio-9999-exec-1] o.a.c.c.C.[.[.[/wu] [DirectJDKLog.java:173] Initializing Spring DispatcherServlet 'dispatcherServlet'
2021-07-16 21:07:48,703 INFO [http-nio-9999-exec-1] o.s.w.s.DispatcherServlet [FrameworkServlet.java:525] Initializing Servlet 'dispatcherServlet'
2021-07-16 21:07:48,705 INFO [http-nio-9999-exec-1] o.s.w.s.DispatcherServlet [FrameworkServlet.java:547] Completed initialization in 2 ms
2021-07-16 21:07:48,726 INFO [http-nio-9999-exec-1] c.w.s.a.ServiceLogAspect [ServiceLogAspect.java:44] 用户[0:0:0:0:0:0:0:1],在[2021-07-16 21:07:48],访问了[com.wu.studyniuke.service.UserService.findLoginTicket].
2021-07-16 21:07:48,749 INFO [http-nio-9999-exec-1] c.z.h.HikariDataSource [HikariDataSource.java:110] HikariPool-1 - Starting...
2021-07-16 21:07:48,922 INFO [http-nio-9999-exec-1] c.z.h.HikariDataSource [HikariDataSource.java:123] HikariPool-1 - Start completed.
2021-07-16 21:07:49,416 INFO [http-nio-9999-exec-2] c.w.s.a.ServiceLogAspect [ServiceLogAspect.java:44] 用户[0:0:0:0:0:0:0:1],在[2021-07-16 21:07:49],访问了[com.wu.studyniuke.service.UserService.findLoginTicket].
2021-07-16 21:07:56,203 INFO [http-nio-9999-exec-3] c.w.s.a.ServiceLogAspect [ServiceLogAspect.java:44] 用户[0:0:0:0:0:0:0:1],在[2021-07-16 21:07:56],访问了[com.wu.studyniuke.service.UserService.findLoginTicket].
2021-07-16 21:07:56,208 INFO [http-nio-9999-exec-3] c.w.s.a.ServiceLogAspect [ServiceLogAspect.java:44] 用户[0:0:0:0:0:0:0:1],在[2021-07-16 21:07:56],访问了[com.wu.studyniuke.service.UserService.login].
2021-07-16 21:07:56,247 INFO [http-nio-9999-exec-4] c.w.s.a.ServiceLogAspect [ServiceLogAspect.java:44] 用户[0:0:0:0:0:0:0:1],在[2021-07-16 21:07:56],访问了[com.wu.studyniuke.service.UserService.findLoginTicket].
2021-07-16 21:07:56,251 INFO [http-nio-9999-exec-4] c.w.s.a.ServiceLogAspect [ServiceLogAspect.java:44] 用户[0:0:0:0:0:0:0:1],在[2021-07-16 21:07:56],访问了[com.wu.studyniuke.service.UserService.findUserById].
2021-07-16 21:07:56,262 INFO [http-nio-9999-exec-4] c.w.s.a.ServiceLogAspect [ServiceLogAspect.java:44] 用户[0:0:0:0:0:0:0:1],在[2021-07-16 21:07:56],访问了[com.wu.studyniuke.service.DiscussPostService.selectDiscussPostRows].
2021-07-16 21:07:56,292 INFO [http-nio-9999-exec-4] c.w.s.a.ServiceLogAspect [ServiceLogAspect.java:44] 用户[0:0:0:0:0:0:0:1],在[2021-07-16 21:07:56],访问了[com.wu.studyniuke.service.DiscussPostService.selectDiscussPosts].
2021-07-16 21:07:56,300 INFO [http-nio-9999-exec-4] c.w.s.a.ServiceLogAspect [ServiceLogAspect.java:44] 用户[0:0:0:0:0:0:0:1],在[2021-07-16 21:07:56],访问了[com.wu.studyniuke.service.UserService.findUserById].
2021-07-16 21:07:56,303 INFO [http-nio-9999-exec-4] c.w.s.a.ServiceLogAspect [ServiceLogAspect.java:44] 用户[0:0:0:0:0:0:0:1],在[2021-07-16 21:07:56],访问了[com.wu.studyniuke.service.LikeService.findEntityLikeCount].
2021-07-16 21:07:57,441 INFO [http-nio-9999-exec-4] c.w.s.a.ServiceLogAspect [ServiceLogAspect.java:44] 用户[0:0:0:0:0:0:0:1],在[2021-07-16 21:07:57],访问了[com.wu.studyniuke.service.UserService.findUserById].
2021-07-16 21:07:57,446 INFO [http-nio-9999-exec-4] c.w.s.a.ServiceLogAspect [ServiceLogAspect.java:44] 用户[0:0:0:0:0:0:0:1],在[2021-07-16 21:07:57],访问了[com.wu.studyniuke.service.LikeService.findEntityLikeCount].
2021-07-16 21:07:57,447 INFO [http-nio-9999-exec-4] c.w.s.a.ServiceLogAspect [ServiceLogAspect.java:44] 用户[0:0:0:0:0:0:0:1],在[2021-07-16 21:07:57],访问了[com.wu.studyniuke.service.UserService.findUserById].
2021-07-16 21:07:57,451 INFO [http-nio-9999-exec-4] c.w.s.a.ServiceLogAspect [ServiceLogAspect.java:44] 用户[0:0:0:0:0:0:0:1],在[2021-07-16 21:07:57],访问了[com.wu.studyniuke.service.LikeService.findEntityLikeCount].
2021-07-16 21:07:57,453 INFO [http-nio-9999-exec-4] c.w.s.a.ServiceLogAspect [ServiceLogAspect.java:44] 用户[0:0:0:0:0:0:0:1],在[2021-07-16 21:07:57],访问了[com.wu.studyniuke.service.UserService.findUserById].
2021-07-16 21:07:57,456 INFO [http-nio-9999-exec-4] c.w.s.a.ServiceLogAspect [ServiceLogAspect.java:44] 用户[0:0:0:0:0:0:0:1],在[2021-07-16 21:07:57],访问了[com.wu.studyniuke.service.LikeService.findEntityLikeCount].
2021-07-16 21:07:57,459 INFO [http-nio-9999-exec-4] c.w.s.a.ServiceLogAspect [ServiceLogAspect.java:44] 用户[0:0:0:0:0:0:0:1],在[2021-07-16 21:07:57],访问了[com.wu.studyniuke.service.UserService.findUserById].
2021-07-16 21:07:57,462 INFO [http-nio-9999-exec-4] c.w.s.a.ServiceLogAspect [ServiceLogAspect.java:44] 用户[0:0:0:0:0:0:0:1],在[2021-07-16 21:07:57],访问了[com.wu.studyniuke.service.LikeService.findEntityLikeCount].
2021-07-16 21:07:57,464 INFO [http-nio-9999-exec-4] c.w.s.a.ServiceLogAspect [ServiceLogAspect.java:44] 用户[0:0:0:0:0:0:0:1],在[2021-07-16 21:07:57],访问了[com.wu.studyniuke.service.UserService.findUserById].
2021-07-16 21:07:57,468 INFO [http-nio-9999-exec-4] c.w.s.a.ServiceLogAspect [ServiceLogAspect.java:44] 用户[0:0:0:0:0:0:0:1],在[2021-07-16 21:07:57],访问了[com.wu.studyniuke.service.LikeService.findEntityLikeCount].
2021-07-16 21:07:57,469 INFO [http-nio-9999-exec-4] c.w.s.a.ServiceLogAspect [ServiceLogAspect.java:44] 用户[0:0:0:0:0:0:0:1],在[2021-07-16 21:07:57],访问了[com.wu.studyniuke.service.UserService.findUserById].
2021-07-16 21:07:57,475 INFO [http-nio-9999-exec-4] c.w.s.a.ServiceLogAspect [ServiceLogAspect.java:44] 用户[0:0:0:0:0:0:0:1],在[2021-07-16 21:07:57],访问了[com.wu.studyniuke.service.LikeService.findEntityLikeCount].
2021-07-16 21:07:57,477 INFO [http-nio-9999-exec-4] c.w.s.a.ServiceLogAspect [ServiceLogAspect.java:44] 用户[0:0:0:0:0:0:0:1],在[2021-07-16 21:07:57],访问了[com.wu.studyniuke.service.UserService.findUserById].
2021-07-16 21:07:57,483 INFO [http-nio-9999-exec-4] c.w.s.a.ServiceLogAspect [ServiceLogAspect.java:44] 用户[0:0:0:0:0:0:0:1],在[2021-07-16 21:07:57],访问了[com.wu.studyniuke.service.LikeService.findEntityLikeCount].
2021-07-16 21:07:57,484 INFO [http-nio-9999-exec-4] c.w.s.a.ServiceLogAspect [ServiceLogAspect.java:44] 用户[0:0:0:0:0:0:0:1],在[2021-07-16 21:07:57],访问了[com.wu.studyniuke.service.UserService.findUserById].
2021-07-16 21:07:57,488 INFO [http-nio-9999-exec-4] c.w.s.a.ServiceLogAspect [ServiceLogAspect.java:44] 用户[0:0:0:0:0:0:0:1],在[2021-07-16 21:07:57],访问了[com.wu.studyniuke.service.LikeService.findEntityLikeCount].
2021-07-16 21:07:57,489 INFO [http-nio-9999-exec-4] c.w.s.a.ServiceLogAspect [ServiceLogAspect.java:44] 用户[0:0:0:0:0:0:0:1],在[2021-07-16 21:07:57],访问了[com.wu.studyniuke.service.UserService.findUserById].
2021-07-16 21:07:57,493 INFO [http-nio-9999-exec-4] c.w.s.a.ServiceLogAspect [ServiceLogAspect.java:44] 用户[0:0:0:0:0:0:0:1],在[2021-07-16 21:07:57],访问了[com.wu.studyniuke.service.LikeService.findEntityLikeCount].
2021-07-16 21:07:57,564 INFO [http-nio-9999-exec-6] c.w.s.a.ServiceLogAspect [ServiceLogAspect.java:44] 用户[0:0:0:0:0:0:0:1],在[2021-07-16 21:07:57],访问了[com.wu.studyniuke.service.UserService.findLoginTicket].
2021-07-16 21:07:57,568 INFO [http-nio-9999-exec-6] c.w.s.a.ServiceLogAspect [ServiceLogAspect.java:44] 用户[0:0:0:0:0:0:0:1],在[2021-07-16 21:07:57],访问了[com.wu.studyniuke.service.UserService.findUserById].
2021-07-16 21:08:00,013 INFO [http-nio-9999-exec-7] c.w.s.a.ServiceLogAspect [ServiceLogAspect.java:44] 用户[0:0:0:0:0:0:0:1],在[2021-07-16 21:08:00],访问了[com.wu.studyniuke.service.UserService.findLoginTicket].
2021-07-16 21:08:00,018 INFO [http-nio-9999-exec-7] c.w.s.a.ServiceLogAspect [ServiceLogAspect.java:44] 用户[0:0:0:0:0:0:0:1],在[2021-07-16 21:08:00],访问了[com.wu.studyniuke.service.UserService.findUserById].
2021-07-16 21:08:00,025 INFO [http-nio-9999-exec-7] c.w.s.a.ServiceLogAspect [ServiceLogAspect.java:44] 用户[0:0:0:0:0:0:0:1],在[2021-07-16 21:08:00],访问了[com.wu.studyniuke.service.UserService.logout].
2021-07-16 21:08:00,043 INFO [http-nio-9999-exec-5] c.w.s.a.ServiceLogAspect [ServiceLogAspect.java:44] 用户[0:0:0:0:0:0:0:1],在[2021-07-16 21:08:00],访问了[com.wu.studyniuke.service.UserService.findLoginTicket].
2021-07-16 21:08:00,079 INFO [http-nio-9999-exec-8] c.w.s.a.ServiceLogAspect [ServiceLogAspect.java:44] 用户[0:0:0:0:0:0:0:1],在[2021-07-16 21:08:00],访问了[com.wu.studyniuke.service.UserService.findLoginTicket].
2021-07-16 21:08:35,546 INFO [http-nio-9999-exec-9] c.w.s.a.ServiceLogAspect [ServiceLogAspect.java:44] 用户[0:0:0:0:0:0:0:1],在[2021-07-16 21:08:35],访问了[com.wu.studyniuke.service.UserService.findLoginTicket].
2021-07-16 21:08:35,550 INFO [http-nio-9999-exec-9] c.w.s.a.ServiceLogAspect [ServiceLogAspect.java:44] 用户[0:0:0:0:0:0:0:1],在[2021-07-16 21:08:35],访问了[com.wu.studyniuke.service.UserService.login].
2021-07-16 21:08:35,571 INFO [http-nio-9999-exec-10] c.w.s.a.ServiceLogAspect [ServiceLogAspect.java:44] 用户[0:0:0:0:0:0:0:1],在[2021-07-16 21:08:35],访问了[com.wu.studyniuke.service.UserService.findLoginTicket].
2021-07-16 21:08:35,574 INFO [http-nio-9999-exec-10] c.w.s.a.ServiceLogAspect [ServiceLogAspect.java:44] 用户[0:0:0:0:0:0:0:1],在[2021-07-16 21:08:35],访问了[com.wu.studyniuke.service.UserService.findUserById].
2021-07-16 21:08:35,579 INFO [http-nio-9999-exec-10] c.w.s.a.ServiceLogAspect [ServiceLogAspect.java:44] 用户[0:0:0:0:0:0:0:1],在[2021-07-16 21:08:35],访问了[com.wu.studyniuke.service.DiscussPostService.selectDiscussPostRows].
2021-07-16 21:08:35,582 INFO [http-nio-9999-exec-10] c.w.s.a.ServiceLogAspect [ServiceLogAspect.java:44] 用户[0:0:0:0:0:0:0:1],在[2021-07-16 21:08:35],访问了[com.wu.studyniuke.service.DiscussPostService.selectDiscussPosts].
2021-07-16 21:08:35,588 INFO [http-nio-9999-exec-10] c.w.s.a.ServiceLogAspect [ServiceLogAspect.java:44] 用户[0:0:0:0:0:0:0:1],在[2021-07-16 21:08:35],访问了[com.wu.studyniuke.service.UserService.findUserById].
2021-07-16 21:08:35,591 INFO [http-nio-9999-exec-10] c.w.s.a.ServiceLogAspect [ServiceLogAspect.java:44] 用户[0:0:0:0:0:0:0:1],在[2021-07-16 21:08:35],访问了[com.wu.studyniuke.service.LikeService.findEntityLikeCount].
2021-07-16 21:08:35,593 INFO [http-nio-9999-exec-10] c.w.s.a.ServiceLogAspect [ServiceLogAspect.java:44] 用户[0:0:0:0:0:0:0:1],在[2021-07-16 21:08:35],访问了[com.wu.studyniuke.service.UserService.findUserById].
2021-07-16 21:08:35,596 INFO [http-nio-9999-exec-10] c.w.s.a.ServiceLogAspect [ServiceLogAspect.java:44] 用户[0:0:0:0:0:0:0:1],在[2021-07-16 21:08:35],访问了[com.wu.studyniuke.service.LikeService.findEntityLikeCount].
2021-07-16 21:08:35,598 INFO [http-nio-9999-exec-10] c.w.s.a.ServiceLogAspect [ServiceLogAspect.java:44] 用户[0:0:0:0:0:0:0:1],在[2021-07-16 21:08:35],访问了[com.wu.studyniuke.service.UserService.findUserById].
2021-07-16 21:08:35,600 INFO [http-nio-9999-exec-10] c.w.s.a.ServiceLogAspect [ServiceLogAspect.java:44] 用户[0:0:0:0:0:0:0:1],在[2021-07-16 21:08:35],访问了[com.wu.studyniuke.service.LikeService.findEntityLikeCount].
2021-07-16 21:08:35,602 INFO [http-nio-9999-exec-10] c.w.s.a.ServiceLogAspect [ServiceLogAspect.java:44] 用户[0:0:0:0:0:0:0:1],在[2021-07-16 21:08:35],访问了[com.wu.studyniuke.service.UserService.findUserById].
2021-07-16 21:08:35,605 INFO [http-nio-9999-exec-10] c.w.s.a.ServiceLogAspect [ServiceLogAspect.java:44] 用户[0:0:0:0:0:0:0:1],在[2021-07-16 21:08:35],访问了[com.wu.studyniuke.service.LikeService.findEntityLikeCount].
2021-07-16 21:08:35,606 INFO [http-nio-9999-exec-10] c.w.s.a.ServiceLogAspect [ServiceLogAspect.java:44] 用户[0:0:0:0:0:0:0:1],在[2021-07-16 21:08:35],访问了[com.wu.studyniuke.service.UserService.findUserById].
2021-07-16 21:08:35,609 INFO [http-nio-9999-exec-10] c.w.s.a.ServiceLogAspect [ServiceLogAspect.java:44] 用户[0:0:0:0:0:0:0:1],在[2021-07-16 21:08:35],访问了[com.wu.studyniuke.service.LikeService.findEntityLikeCount].
2021-07-16 21:08:35,610 INFO [http-nio-9999-exec-10] c.w.s.a.ServiceLogAspect [ServiceLogAspect.java:44] 用户[0:0:0:0:0:0:0:1],在[2021-07-16 21:08:35],访问了[com.wu.studyniuke.service.UserService.findUserById].
2021-07-16 21:08:35,614 INFO [http-nio-9999-exec-10] c.w.s.a.ServiceLogAspect [ServiceLogAspect.java:44] 用户[0:0:0:0:0:0:0:1],在[2021-07-16 21:08:35],访问了[com.wu.studyniuke.service.LikeService.findEntityLikeCount].
2021-07-16 21:08:35,616 INFO [http-nio-9999-exec-10] c.w.s.a.ServiceLogAspect [ServiceLogAspect.java:44] 用户[0:0:0:0:0:0:0:1],在[2021-07-16 21:08:35],访问了[com.wu.studyniuke.service.UserService.findUserById].
2021-07-16 21:08:35,618 INFO [http-nio-9999-exec-10] c.w.s.a.ServiceLogAspect [ServiceLogAspect.java:44] 用户[0:0:0:0:0:0:0:1],在[2021-07-16 21:08:35],访问了[com.wu.studyniuke.service.LikeService.findEntityLikeCount].
2021-07-16 21:08:35,620 INFO [http-nio-9999-exec-10] c.w.s.a.ServiceLogAspect [ServiceLogAspect.java:44] 用户[0:0:0:0:0:0:0:1],在[2021-07-16 21:08:35],访问了[com.wu.studyniuke.service.UserService.findUserById].
2021-07-16 21:08:35,622 INFO [http-nio-9999-exec-10] c.w.s.a.ServiceLogAspect [ServiceLogAspect.java:44] 用户[0:0:0:0:0:0:0:1],在[2021-07-16 21:08:35],访问了[com.wu.studyniuke.service.LikeService.findEntityLikeCount].
2021-07-16 21:08:35,624 INFO [http-nio-9999-exec-10] c.w.s.a.ServiceLogAspect [ServiceLogAspect.java:44] 用户[0:0:0:0:0:0:0:1],在[2021-07-16 21:08:35],访问了[com.wu.studyniuke.service.UserService.findUserById].
2021-07-16 21:08:35,626 INFO [http-nio-9999-exec-10] c.w.s.a.ServiceLogAspect [ServiceLogAspect.java:44] 用户[0:0:0:0:0:0:0:1],在[2021-07-16 21:08:35],访问了[com.wu.studyniuke.service.LikeService.findEntityLikeCount].
2021-07-16 21:08:35,628 INFO [http-nio-9999-exec-10] c.w.s.a.ServiceLogAspect [ServiceLogAspect.java:44] 用户[0:0:0:0:0:0:0:1],在[2021-07-16 21:08:35],访问了[com.wu.studyniuke.service.UserService.findUserById].
2021-07-16 21:08:35,632 INFO [http-nio-9999-exec-10] c.w.s.a.ServiceLogAspect [ServiceLogAspect.java:44] 用户[0:0:0:0:0:0:0:1],在[2021-07-16 21:08:35],访问了[com.wu.studyniuke.service.LikeService.findEntityLikeCount].
2021-07-16 21:08:35,670 INFO [http-nio-9999-exec-1] c.w.s.a.ServiceLogAspect [ServiceLogAspect.java:44] 用户[0:0:0:0:0:0:0:1],在[2021-07-16 21:08:35],访问了[com.wu.studyniuke.service.UserService.findLoginTicket].
2021-07-16 21:08:35,673 INFO [http-nio-9999-exec-2] c.w.s.a.ServiceLogAspect [ServiceLogAspect.java:44] 用户[0:0:0:0:0:0:0:1],在[2021-07-16 21:08:35],访问了[com.wu.studyniuke.service.UserService.findLoginTicket].
2021-07-16 21:08:35,674 INFO [http-nio-9999-exec-1] c.w.s.a.ServiceLogAspect [ServiceLogAspect.java:44] 用户[0:0:0:0:0:0:0:1],在[2021-07-16 21:08:35],访问了[com.wu.studyniuke.service.UserService.findUserById].
2021-07-16 21:08:35,683 INFO [http-nio-9999-exec-2] c.w.s.a.ServiceLogAspect [ServiceLogAspect.java:44] 用户[0:0:0:0:0:0:0:1],在[2021-07-16 21:08:35],访问了[com.wu.studyniuke.service.UserService.findUserById].
2021-07-16 21:09:09,192 INFO [http-nio-9999-exec-3] c.w.s.a.ServiceLogAspect [ServiceLogAspect.java:44] 用户[0:0:0:0:0:0:0:1],在[2021-07-16 21:09:09],访问了[com.wu.studyniuke.service.UserService.findLoginTicket].
2021-07-16 21:09:09,197 INFO [http-nio-9999-exec-3] c.w.s.a.ServiceLogAspect [ServiceLogAspect.java:44] 用户[0:0:0:0:0:0:0:1],在[2021-07-16 21:09:09],访问了[com.wu.studyniuke.service.UserService.findUserById].
2021-07-16 21:09:09,201 INFO [http-nio-9999-exec-3] c.w.s.a.ServiceLogAspect [ServiceLogAspect.java:44] 用户[0:0:0:0:0:0:0:1],在[2021-07-16 21:09:09],访问了[com.wu.studyniuke.service.DiscussPostService.addDiscussPost].
2021-07-16 21:09:11,314 INFO [http-nio-9999-exec-4] c.w.s.a.ServiceLogAspect [ServiceLogAspect.java:44] 用户[0:0:0:0:0:0:0:1],在[2021-07-16 21:09:11],访问了[com.wu.studyniuke.service.UserService.findLoginTicket].
2021-07-16 21:09:11,318 INFO [http-nio-9999-exec-4] c.w.s.a.ServiceLogAspect [ServiceLogAspect.java:44] 用户[0:0:0:0:0:0:0:1],在[2021-07-16 21:09:11],访问了[com.wu.studyniuke.service.UserService.findUserById].
2021-07-16 21:09:11,322 INFO [http-nio-9999-exec-4] c.w.s.a.ServiceLogAspect [ServiceLogAspect.java:44] 用户[0:0:0:0:0:0:0:1],在[2021-07-16 21:09:11],访问了[com.wu.studyniuke.service.DiscussPostService.selectDiscussPostRows].
2021-07-16 21:09:11,326 INFO [http-nio-9999-exec-4] c.w.s.a.ServiceLogAspect [ServiceLogAspect.java:44] 用户[0:0:0:0:0:0:0:1],在[2021-07-16 21:09:11],访问了[com.wu.studyniuke.service.DiscussPostService.selectDiscussPosts].
2021-07-16 21:09:11,330 INFO [http-nio-9999-exec-4] c.w.s.a.ServiceLogAspect [ServiceLogAspect.java:44] 用户[0:0:0:0:0:0:0:1],在[2021-07-16 21:09:11],访问了[com.wu.studyniuke.service.UserService.findUserById].
2021-07-16 21:09:11,333 INFO [http-nio-9999-exec-4] c.w.s.a.ServiceLogAspect [ServiceLogAspect.java:44] 用户[0:0:0:0:0:0:0:1],在[2021-07-16 21:09:11],访问了[com.wu.studyniuke.service.LikeService.findEntityLikeCount].
2021-07-16 21:09:11,335 INFO [http-nio-9999-exec-4] c.w.s.a.ServiceLogAspect [ServiceLogAspect.java:44] 用户[0:0:0:0:0:0:0:1],在[2021-07-16 21:09:11],访问了[com.wu.studyniuke.service.UserService.findUserById].
2021-07-16 21:09:11,338 INFO [http-nio-9999-exec-4] c.w.s.a.ServiceLogAspect [ServiceLogAspect.java:44] 用户[0:0:0:0:0:0:0:1],在[2021-07-16 21:09:11],访问了[com.wu.studyniuke.service.LikeService.findEntityLikeCount].
2021-07-16 21:09:11,340 INFO [http-nio-9999-exec-4] c.w.s.a.ServiceLogAspect [ServiceLogAspect.java:44] 用户[0:0:0:0:0:0:0:1],在[2021-07-16 21:09:11],访问了[com.wu.studyniuke.service.UserService.findUserById].
2021-07-16 21:09:11,342 INFO [http-nio-9999-exec-4] c.w.s.a.ServiceLogAspect [ServiceLogAspect.java:44] 用户[0:0:0:0:0:0:0:1],在[2021-07-16 21:09:11],访问了[com.wu.studyniuke.service.LikeService.findEntityLikeCount].
2021-07-16 21:09:11,344 INFO [http-nio-9999-exec-4] c.w.s.a.ServiceLogAspect [ServiceLogAspect.java:44] 用户[0:0:0:0:0:0:0:1],在[2021-07-16 21:09:11],访问了[com.wu.studyniuke.service.UserService.findUserById].
2021-07-16 21:09:11,347 INFO [http-nio-9999-exec-4] c.w.s.a.ServiceLogAspect [ServiceLogAspect.java:44] 用户[0:0:0:0:0:0:0:1],在[2021-07-16 21:09:11],访问了[com.wu.studyniuke.service.LikeService.findEntityLikeCount].
2021-07-16 21:09:11,348 INFO [http-nio-9999-exec-4] c.w.s.a.ServiceLogAspect [ServiceLogAspect.java:44] 用户[0:0:0:0:0:0:0:1],在[2021-07-16 21:09:11],访问了[com.wu.studyniuke.service.UserService.findUserById].
2021-07-16 21:09:11,351 INFO [http-nio-9999-exec-4] c.w.s.a.ServiceLogAspect [ServiceLogAspect.java:44] 用户[0:0:0:0:0:0:0:1],在[2021-07-16 21:09:11],访问了[com.wu.studyniuke.service.LikeService.findEntityLikeCount].
2021-07-16 21:09:11,352 INFO [http-nio-9999-exec-4] c.w.s.a.ServiceLogAspect [ServiceLogAspect.java:44] 用户[0:0:0:0:0:0:0:1],在[2021-07-16 21:09:11],访问了[com.wu.studyniuke.service.UserService.findUserById].
2021-07-16 21:09:11,355 INFO [http-nio-9999-exec-4] c.w.s.a.ServiceLogAspect [ServiceLogAspect.java:44] 用户[0:0:0:0:0:0:0:1],在[2021-07-16 21:09:11],访问了[com.wu.studyniuke.service.LikeService.findEntityLikeCount].
2021-07-16 21:09:11,356 INFO [http-nio-9999-exec-4] c.w.s.a.ServiceLogAspect [ServiceLogAspect.java:44] 用户[0:0:0:0:0:0:0:1],在[2021-07-16 21:09:11],访问了[com.wu.studyniuke.service.UserService.findUserById].
2021-07-16 21:09:11,359 INFO [http-nio-9999-exec-4] c.w.s.a.ServiceLogAspect [ServiceLogAspect.java:44] 用户[0:0:0:0:0:0:0:1],在[2021-07-16 21:09:11],访问了[com.wu.studyniuke.service.LikeService.findEntityLikeCount].
2021-07-16 21:09:11,360 INFO [http-nio-9999-exec-4] c.w.s.a.ServiceLogAspect [ServiceLogAspect.java:44] 用户[0:0:0:0:0:0:0:1],在[2021-07-16 21:09:11],访问了[com.wu.studyniuke.service.UserService.findUserById].
2021-07-16 21:09:11,363 INFO [http-nio-9999-exec-4] c.w.s.a.ServiceLogAspect [ServiceLogAspect.java:44] 用户[0:0:0:0:0:0:0:1],在[2021-07-16 21:09:11],访问了[com.wu.studyniuke.service.LikeService.findEntityLikeCount].
2021-07-16 21:09:11,364 INFO [http-nio-9999-exec-4] c.w.s.a.ServiceLogAspect [ServiceLogAspect.java:44] 用户[0:0:0:0:0:0:0:1],在[2021-07-16 21:09:11],访问了[com.wu.studyniuke.service.UserService.findUserById].
2021-07-16 21:09:11,367 INFO [http-nio-9999-exec-4] c.w.s.a.ServiceLogAspect [ServiceLogAspect.java:44] 用户[0:0:0:0:0:0:0:1],在[2021-07-16 21:09:11],访问了[com.wu.studyniuke.service.LikeService.findEntityLikeCount].
2021-07-16 21:09:11,368 INFO [http-nio-9999-exec-4] c.w.s.a.ServiceLogAspect [ServiceLogAspect.java:44] 用户[0:0:0:0:0:0:0:1],在[2021-07-16 21:09:11],访问了[com.wu.studyniuke.service.UserService.findUserById].
2021-07-16 21:09:11,370 INFO [http-nio-9999-exec-4] c.w.s.a.ServiceLogAspect [ServiceLogAspect.java:44] 用户[0:0:0:0:0:0:0:1],在[2021-07-16 21:09:11],访问了[com.wu.studyniuke.service.LikeService.findEntityLikeCount].
2021-07-16 21:09:11,402 INFO [http-nio-9999-exec-7] c.w.s.a.ServiceLogAspect [ServiceLogAspect.java:44] 用户[0:0:0:0:0:0:0:1],在[2021-07-16 21:09:11],访问了[com.wu.studyniuke.service.UserService.findLoginTicket].
2021-07-16 21:09:11,402 INFO [http-nio-9999-exec-6] c.w.s.a.ServiceLogAspect [ServiceLogAspect.java:44] 用户[0:0:0:0:0:0:0:1],在[2021-07-16 21:09:11],访问了[com.wu.studyniuke.service.UserService.findLoginTicket].
2021-07-16 21:09:11,406 INFO [http-nio-9999-exec-6] c.w.s.a.ServiceLogAspect [ServiceLogAspect.java:44] 用户[0:0:0:0:0:0:0:1],在[2021-07-16 21:09:11],访问了[com.wu.studyniuke.service.UserService.findUserById].
2021-07-16 21:09:11,407 INFO [http-nio-9999-exec-7] c.w.s.a.ServiceLogAspect [ServiceLogAspect.java:44] 用户[0:0:0:0:0:0:0:1],在[2021-07-16 21:09:11],访问了[com.wu.studyniuke.service.UserService.findUserById].
2021-07-16 21:09:13,636 INFO [http-nio-9999-exec-5] c.w.s.a.ServiceLogAspect [ServiceLogAspect.java:44] 用户[0:0:0:0:0:0:0:1],在[2021-07-16 21:09:13],访问了[com.wu.studyniuke.service.UserService.findLoginTicket].
2021-07-16 21:09:13,640 INFO [http-nio-9999-exec-5] c.w.s.a.ServiceLogAspect [ServiceLogAspect.java:44] 用户[0:0:0:0:0:0:0:1],在[2021-07-16 21:09:13],访问了[com.wu.studyniuke.service.UserService.findUserById].
2021-07-16 21:09:13,651 INFO [http-nio-9999-exec-5] c.w.s.a.ServiceLogAspect [ServiceLogAspect.java:44] 用户[0:0:0:0:0:0:0:1],在[2021-07-16 21:09:13],访问了[com.wu.studyniuke.service.DiscussPostService.selectDiscussPostRows].
2021-07-16 21:09:13,653 INFO [http-nio-9999-exec-5] c.w.s.a.ServiceLogAspect [ServiceLogAspect.java:44] 用户[0:0:0:0:0:0:0:1],在[2021-07-16 21:09:13],访问了[com.wu.studyniuke.service.DiscussPostService.selectDiscussPosts].
2021-07-16 21:09:13,656 INFO [http-nio-9999-exec-5] c.w.s.a.ServiceLogAspect [ServiceLogAspect.java:44] 用户[0:0:0:0:0:0:0:1],在[2021-07-16 21:09:13],访问了[com.wu.studyniuke.service.UserService.findUserById].
2021-07-16 21:09:13,658 INFO [http-nio-9999-exec-5] c.w.s.a.ServiceLogAspect [ServiceLogAspect.java:44] 用户[0:0:0:0:0:0:0:1],在[2021-07-16 21:09:13],访问了[com.wu.studyniuke.service.LikeService.findEntityLikeCount].
2021-07-16 21:09:13,659 INFO [http-nio-9999-exec-5] c.w.s.a.ServiceLogAspect [ServiceLogAspect.java:44] 用户[0:0:0:0:0:0:0:1],在[2021-07-16 21:09:13],访问了[com.wu.studyniuke.service.UserService.findUserById].
2021-07-16 21:09:13,662 INFO [http-nio-9999-exec-5] c.w.s.a.ServiceLogAspect [ServiceLogAspect.java:44] 用户[0:0:0:0:0:0:0:1],在[2021-07-16 21:09:13],访问了[com.wu.studyniuke.service.LikeService.findEntityLikeCount].
2021-07-16 21:09:13,663 INFO [http-nio-9999-exec-5] c.w.s.a.ServiceLogAspect [ServiceLogAspect.java:44] 用户[0:0:0:0:0:0:0:1],在[2021-07-16 21:09:13],访问了[com.wu.studyniuke.service.UserService.findUserById].
2021-07-16 21:09:13,666 INFO [http-nio-9999-exec-5] c.w.s.a.ServiceLogAspect [ServiceLogAspect.java:44] 用户[0:0:0:0:0:0:0:1],在[2021-07-16 21:09:13],访问了[com.wu.studyniuke.service.LikeService.findEntityLikeCount].
2021-07-16 21:09:13,668 INFO [http-nio-9999-exec-5] c.w.s.a.ServiceLogAspect [ServiceLogAspect.java:44] 用户[0:0:0:0:0:0:0:1],在[2021-07-16 21:09:13],访问了[com.wu.studyniuke.service.UserService.findUserById].
2021-07-16 21:09:13,671 INFO [http-nio-9999-exec-5] c.w.s.a.ServiceLogAspect [ServiceLogAspect.java:44] 用户[0:0:0:0:0:0:0:1],在[2021-07-16 21:09:13],访问了[com.wu.studyniuke.service.LikeService.findEntityLikeCount].
2021-07-16 21:09:13,672 INFO [http-nio-9999-exec-5] c.w.s.a.ServiceLogAspect [ServiceLogAspect.java:44] 用户[0:0:0:0:0:0:0:1],在[2021-07-16 21:09:13],访问了[com.wu.studyniuke.service.UserService.findUserById].
2021-07-16 21:09:13,674 INFO [http-nio-9999-exec-5] c.w.s.a.ServiceLogAspect [ServiceLogAspect.java:44] 用户[0:0:0:0:0:0:0:1],在[2021-07-16 21:09:13],访问了[com.wu.studyniuke.service.LikeService.findEntityLikeCount].
2021-07-16 21:09:13,675 INFO [http-nio-9999-exec-5] c.w.s.a.ServiceLogAspect [ServiceLogAspect.java:44] 用户[0:0:0:0:0:0:0:1],在[2021-07-16 21:09:13],访问了[com.wu.studyniuke.service.UserService.findUserById].
2021-07-16 21:09:13,678 INFO [http-nio-9999-exec-5] c.w.s.a.ServiceLogAspect [ServiceLogAspect.java:44] 用户[0:0:0:0:0:0:0:1],在[2021-07-16 21:09:13],访问了[com.wu.studyniuke.service.LikeService.findEntityLikeCount].
2021-07-16 21:09:13,679 INFO [http-nio-9999-exec-5] c.w.s.a.ServiceLogAspect [ServiceLogAspect.java:44] 用户[0:0:0:0:0:0:0:1],在[2021-07-16 21:09:13],访问了[com.wu.studyniuke.service.UserService.findUserById].
2021-07-16 21:09:13,682 INFO [http-nio-9999-exec-5] c.w.s.a.ServiceLogAspect [ServiceLogAspect.java:44] 用户[0:0:0:0:0:0:0:1],在[2021-07-16 21:09:13],访问了[com.wu.studyniuke.service.LikeService.findEntityLikeCount].
2021-07-16 21:09:13,684 INFO [http-nio-9999-exec-5] c.w.s.a.ServiceLogAspect [ServiceLogAspect.java:44] 用户[0:0:0:0:0:0:0:1],在[2021-07-16 21:09:13],访问了[com.wu.studyniuke.service.UserService.findUserById].
2021-07-16 21:09:13,686 INFO [http-nio-9999-exec-5] c.w.s.a.ServiceLogAspect [ServiceLogAspect.java:44] 用户[0:0:0:0:0:0:0:1],在[2021-07-16 21:09:13],访问了[com.wu.studyniuke.service.LikeService.findEntityLikeCount].
2021-07-16 21:09:13,713 INFO [http-nio-9999-exec-9] c.w.s.a.ServiceLogAspect [ServiceLogAspect.java:44] 用户[0:0:0:0:0:0:0:1],在[2021-07-16 21:09:13],访问了[com.wu.studyniuke.service.UserService.findLoginTicket].
2021-07-16 21:09:13,713 INFO [http-nio-9999-exec-8] c.w.s.a.ServiceLogAspect [ServiceLogAspect.java:44] 用户[0:0:0:0:0:0:0:1],在[2021-07-16 21:09:13],访问了[com.wu.studyniuke.service.UserService.findLoginTicket].
2021-07-16 21:09:13,716 INFO [http-nio-9999-exec-8] c.w.s.a.ServiceLogAspect [ServiceLogAspect.java:44] 用户[0:0:0:0:0:0:0:1],在[2021-07-16 21:09:13],访问了[com.wu.studyniuke.service.UserService.findUserById].
2021-07-16 21:09:13,716 INFO [http-nio-9999-exec-9] c.w.s.a.ServiceLogAspect [ServiceLogAspect.java:44] 用户[0:0:0:0:0:0:0:1],在[2021-07-16 21:09:13],访问了[com.wu.studyniuke.service.UserService.findUserById].
2021-07-16 21:09:16,982 INFO [http-nio-9999-exec-10] c.w.s.a.ServiceLogAspect [ServiceLogAspect.java:44] 用户[0:0:0:0:0:0:0:1],在[2021-07-16 21:09:16],访问了[com.wu.studyniuke.service.UserService.findLoginTicket].
2021-07-16 21:09:16,986 INFO [http-nio-9999-exec-10] c.w.s.a.ServiceLogAspect [ServiceLogAspect.java:44] 用户[0:0:0:0:0:0:0:1],在[2021-07-16 21:09:16],访问了[com.wu.studyniuke.service.UserService.findUserById].
2021-07-16 21:09:16,990 INFO [http-nio-9999-exec-10] c.w.s.a.ServiceLogAspect [ServiceLogAspect.java:44] 用户[0:0:0:0:0:0:0:1],在[2021-07-16 21:09:16],访问了[com.wu.studyniuke.service.DiscussPostService.selectDiscussPostRows].
2021-07-16 21:09:16,992 INFO [http-nio-9999-exec-10] c.w.s.a.ServiceLogAspect [ServiceLogAspect.java:44] 用户[0:0:0:0:0:0:0:1],在[2021-07-16 21:09:16],访问了[com.wu.studyniuke.service.DiscussPostService.selectDiscussPosts].
2021-07-16 21:09:16,995 INFO [http-nio-9999-exec-10] c.w.s.a.ServiceLogAspect [ServiceLogAspect.java:44] 用户[0:0:0:0:0:0:0:1],在[2021-07-16 21:09:16],访问了[com.wu.studyniuke.service.UserService.findUserById].
2021-07-16 21:09:16,998 INFO [http-nio-9999-exec-10] c.w.s.a.ServiceLogAspect [ServiceLogAspect.java:44] 用户[0:0:0:0:0:0:0:1],在[2021-07-16 21:09:16],访问了[com.wu.studyniuke.service.LikeService.findEntityLikeCount].
2021-07-16 21:09:17,000 INFO [http-nio-9999-exec-10] c.w.s.a.ServiceLogAspect [ServiceLogAspect.java:44] 用户[0:0:0:0:0:0:0:1],在[2021-07-16 21:09:17],访问了[com.wu.studyniuke.service.UserService.findUserById].
2021-07-16 21:09:17,003 INFO [http-nio-9999-exec-10] c.w.s.a.ServiceLogAspect [ServiceLogAspect.java:44] 用户[0:0:0:0:0:0:0:1],在[2021-07-16 21:09:17],访问了[com.wu.studyniuke.service.LikeService.findEntityLikeCount].
2021-07-16 21:09:17,004 INFO [http-nio-9999-exec-10] c.w.s.a.ServiceLogAspect [ServiceLogAspect.java:44] 用户[0:0:0:0:0:0:0:1],在[2021-07-16 21:09:17],访问了[com.wu.studyniuke.service.UserService.findUserById].
2021-07-16 21:09:17,006 INFO [http-nio-9999-exec-10] c.w.s.a.ServiceLogAspect [ServiceLogAspect.java:44] 用户[0:0:0:0:0:0:0:1],在[2021-07-16 21:09:17],访问了[com.wu.studyniuke.service.LikeService.findEntityLikeCount].
2021-07-16 21:09:17,008 INFO [http-nio-9999-exec-10] c.w.s.a.ServiceLogAspect [ServiceLogAspect.java:44] 用户[0:0:0:0:0:0:0:1],在[2021-07-16 21:09:17],访问了[com.wu.studyniuke.service.UserService.findUserById].
2021-07-16 21:09:17,010 INFO [http-nio-9999-exec-10] c.w.s.a.ServiceLogAspect [ServiceLogAspect.java:44] 用户[0:0:0:0:0:0:0:1],在[2021-07-16 21:09:17],访问了[com.wu.studyniuke.service.LikeService.findEntityLikeCount].
2021-07-16 21:09:17,011 INFO [http-nio-9999-exec-10] c.w.s.a.ServiceLogAspect [ServiceLogAspect.java:44] 用户[0:0:0:0:0:0:0:1],在[2021-07-16 21:09:17],访问了[com.wu.studyniuke.service.UserService.findUserById].
2021-07-16 21:09:17,013 INFO [http-nio-9999-exec-10] c.w.s.a.ServiceLogAspect [ServiceLogAspect.java:44] 用户[0:0:0:0:0:0:0:1],在[2021-07-16 21:09:17],访问了[com.wu.studyniuke.service.LikeService.findEntityLikeCount].
2021-07-16 21:09:17,014 INFO [http-nio-9999-exec-10] c.w.s.a.ServiceLogAspect [ServiceLogAspect.java:44] 用户[0:0:0:0:0:0:0:1],在[2021-07-16 21:09:17],访问了[com.wu.studyniuke.service.UserService.findUserById].
2021-07-16 21:09:17,018 INFO [http-nio-9999-exec-10] c.w.s.a.ServiceLogAspect [ServiceLogAspect.java:44] 用户[0:0:0:0:0:0:0:1],在[2021-07-16 21:09:17],访问了[com.wu.studyniuke.service.LikeService.findEntityLikeCount].
2021-07-16 21:09:17,019 INFO [http-nio-9999-exec-10] c.w.s.a.ServiceLogAspect [ServiceLogAspect.java:44] 用户[0:0:0:0:0:0:0:1],在[2021-07-16 21:09:17],访问了[com.wu.studyniuke.service.UserService.findUserById].
2021-07-16 21:09:17,021 INFO [http-nio-9999-exec-10] c.w.s.a.ServiceLogAspect [ServiceLogAspect.java:44] 用户[0:0:0:0:0:0:0:1],在[2021-07-16 21:09:17],访问了[com.wu.studyniuke.service.LikeService.findEntityLikeCount].
2021-07-16 21:09:17,022 INFO [http-nio-9999-exec-10] c.w.s.a.ServiceLogAspect [ServiceLogAspect.java:44] 用户[0:0:0:0:0:0:0:1],在[2021-07-16 21:09:17],访问了[com.wu.studyniuke.service.UserService.findUserById].
2021-07-16 21:09:17,024 INFO [http-nio-9999-exec-10] c.w.s.a.ServiceLogAspect [ServiceLogAspect.java:44] 用户[0:0:0:0:0:0:0:1],在[2021-07-16 21:09:17],访问了[com.wu.studyniuke.service.LikeService.findEntityLikeCount].
2021-07-16 21:09:17,026 INFO [http-nio-9999-exec-10] c.w.s.a.ServiceLogAspect [ServiceLogAspect.java:44] 用户[0:0:0:0:0:0:0:1],在[2021-07-16 21:09:17],访问了[com.wu.studyniuke.service.UserService.findUserById].
2021-07-16 21:09:17,028 INFO [http-nio-9999-exec-10] c.w.s.a.ServiceLogAspect [ServiceLogAspect.java:44] 用户[0:0:0:0:0:0:0:1],在[2021-07-16 21:09:17],访问了[com.wu.studyniuke.service.LikeService.findEntityLikeCount].
2021-07-16 21:09:17,029 INFO [http-nio-9999-exec-10] c.w.s.a.ServiceLogAspect [ServiceLogAspect.java:44] 用户[0:0:0:0:0:0:0:1],在[2021-07-16 21:09:17],访问了[com.wu.studyniuke.service.UserService.findUserById].
2021-07-16 21:09:17,031 INFO [http-nio-9999-exec-10] c.w.s.a.ServiceLogAspect [ServiceLogAspect.java:44] 用户[0:0:0:0:0:0:0:1],在[2021-07-16 21:09:17],访问了[com.wu.studyniuke.service.LikeService.findEntityLikeCount].
2021-07-16 21:09:17,058 INFO [http-nio-9999-exec-1] c.w.s.a.ServiceLogAspect [ServiceLogAspect.java:44] 用户[0:0:0:0:0:0:0:1],在[2021-07-16 21:09:17],访问了[com.wu.studyniuke.service.UserService.findLoginTicket].
2021-07-16 21:09:17,058 INFO [http-nio-9999-exec-2] c.w.s.a.ServiceLogAspect [ServiceLogAspect.java:44] 用户[0:0:0:0:0:0:0:1],在[2021-07-16 21:09:17],访问了[com.wu.studyniuke.service.UserService.findLoginTicket].
2021-07-16 21:09:17,061 INFO [http-nio-9999-exec-2] c.w.s.a.ServiceLogAspect [ServiceLogAspect.java:44] 用户[0:0:0:0:0:0:0:1],在[2021-07-16 21:09:17],访问了[com.wu.studyniuke.service.UserService.findUserById].
2021-07-16 21:09:17,061 INFO [http-nio-9999-exec-1] c.w.s.a.ServiceLogAspect [ServiceLogAspect.java:44] 用户[0:0:0:0:0:0:0:1],在[2021-07-16 21:09:17],访问了[com.wu.studyniuke.service.UserService.findUserById].
