2021-05-24 15:42:45,517 INFO [main] c.w.s.SensitiveTest [StartupInfoLogger.java:55] Starting SensitiveTest using Java 14.0.2 on LAPTOP-CCKROGRM with PID 6392 (started by 吴彦淼 in D:\Softwares\IDEA\mavenProject\studyniuke)
2021-05-24 15:42:45,528 INFO [main] c.w.s.SensitiveTest [SpringApplication.java:675] No active profile set, falling back to default profiles: default
2021-05-24 15:42:47,585 INFO [main] o.s.b.f.a.AutowiredAnnotationBeanPostProcessor [AutowiredAnnotationBeanPostProcessor.java:478] Autowired annotation is not supported on static fields: private static final org.slf4j.Logger com.wu.studyniuke.controller.LoginController.LOGGER
2021-05-24 15:42:48,134 INFO [main] o.s.s.c.ThreadPoolTaskExecutor [ExecutorConfigurationSupport.java:181] Initializing ExecutorService 'applicationTaskExecutor'
2021-05-24 15:42:48,301 INFO [main] o.s.b.a.w.s.WelcomePageHandlerMapping [WelcomePageHandlerMapping.java:57] Adding welcome page template: index
2021-05-24 15:42:48,678 INFO [main] c.w.s.SensitiveTest [StartupInfoLogger.java:61] Started SensitiveTest in 3.614 seconds (JVM running for 5.066)
2021-05-24 15:42:49,377 INFO [SpringContextShutdownHook] o.s.s.c.ThreadPoolTaskExecutor [ExecutorConfigurationSupport.java:218] Shutting down ExecutorService 'applicationTaskExecutor'
2021-05-24 15:44:18,486 INFO [main] c.w.s.SensitiveTest [StartupInfoLogger.java:55] Starting SensitiveTest using Java 14.0.2 on LAPTOP-CCKROGRM with PID 3896 (started by 吴彦淼 in D:\Softwares\IDEA\mavenProject\studyniuke)
2021-05-24 15:44:18,491 INFO [main] c.w.s.SensitiveTest [SpringApplication.java:675] No active profile set, falling back to default profiles: default
2021-05-24 15:44:20,464 INFO [main] o.s.b.f.a.AutowiredAnnotationBeanPostProcessor [AutowiredAnnotationBeanPostProcessor.java:478] Autowired annotation is not supported on static fields: private static final org.slf4j.Logger com.wu.studyniuke.controller.LoginController.LOGGER
2021-05-24 15:44:21,041 INFO [main] o.s.s.c.ThreadPoolTaskExecutor [ExecutorConfigurationSupport.java:181] Initializing ExecutorService 'applicationTaskExecutor'
2021-05-24 15:44:21,325 INFO [main] o.s.b.a.w.s.WelcomePageHandlerMapping [WelcomePageHandlerMapping.java:57] Adding welcome page template: index
2021-05-24 15:44:21,751 INFO [main] c.w.s.SensitiveTest [StartupInfoLogger.java:61] Started SensitiveTest in 3.733 seconds (JVM running for 5.202)
2021-05-24 15:44:22,347 INFO [SpringContextShutdownHook] o.s.s.c.ThreadPoolTaskExecutor [ExecutorConfigurationSupport.java:218] Shutting down ExecutorService 'applicationTaskExecutor'
2021-05-24 15:44:44,962 INFO [main] c.w.s.SensitiveTest [StartupInfoLogger.java:55] Starting SensitiveTest using Java 14.0.2 on LAPTOP-CCKROGRM with PID 8548 (started by 吴彦淼 in D:\Softwares\IDEA\mavenProject\studyniuke)
2021-05-24 15:44:44,967 INFO [main] c.w.s.SensitiveTest [SpringApplication.java:675] No active profile set, falling back to default profiles: default
2021-05-24 15:44:46,763 INFO [main] o.s.b.f.a.AutowiredAnnotationBeanPostProcessor [AutowiredAnnotationBeanPostProcessor.java:478] Autowired annotation is not supported on static fields: private static final org.slf4j.Logger com.wu.studyniuke.controller.LoginController.LOGGER
2021-05-24 15:44:47,293 INFO [main] o.s.s.c.ThreadPoolTaskExecutor [ExecutorConfigurationSupport.java:181] Initializing ExecutorService 'applicationTaskExecutor'
2021-05-24 15:44:47,438 INFO [main] o.s.b.a.w.s.WelcomePageHandlerMapping [WelcomePageHandlerMapping.java:57] Adding welcome page template: index
2021-05-24 15:44:47,792 INFO [main] c.w.s.SensitiveTest [StartupInfoLogger.java:61] Started SensitiveTest in 3.307 seconds (JVM running for 4.65)
2021-05-24 15:44:48,314 INFO [SpringContextShutdownHook] o.s.s.c.ThreadPoolTaskExecutor [ExecutorConfigurationSupport.java:218] Shutting down ExecutorService 'applicationTaskExecutor'
2021-05-24 15:45:51,726 INFO [main] c.w.s.SensitiveTest [StartupInfoLogger.java:55] Starting SensitiveTest using Java 14.0.2 on LAPTOP-CCKROGRM with PID 8296 (started by 吴彦淼 in D:\Softwares\IDEA\mavenProject\studyniuke)
2021-05-24 15:45:51,733 INFO [main] c.w.s.SensitiveTest [SpringApplication.java:675] No active profile set, falling back to default profiles: default
2021-05-24 15:45:52,239 INFO [main] c.w.s.SensitiveTest [StartupInfoLogger.java:55] Starting SensitiveTest using Java 14.0.2 on LAPTOP-CCKROGRM with PID 6996 (started by 吴彦淼 in D:\Softwares\IDEA\mavenProject\studyniuke)
2021-05-24 15:45:52,244 INFO [main] c.w.s.SensitiveTest [SpringApplication.java:675] No active profile set, falling back to default profiles: default
2021-05-24 15:45:55,634 INFO [main] o.s.b.f.a.AutowiredAnnotationBeanPostProcessor [AutowiredAnnotationBeanPostProcessor.java:478] Autowired annotation is not supported on static fields: private static final org.slf4j.Logger com.wu.studyniuke.controller.LoginController.LOGGER
2021-05-24 15:45:55,791 INFO [main] o.s.b.f.a.AutowiredAnnotationBeanPostProcessor [AutowiredAnnotationBeanPostProcessor.java:478] Autowired annotation is not supported on static fields: private static final org.slf4j.Logger com.wu.studyniuke.controller.LoginController.LOGGER
2021-05-24 15:45:57,111 INFO [main] o.s.s.c.ThreadPoolTaskExecutor [ExecutorConfigurationSupport.java:181] Initializing ExecutorService 'applicationTaskExecutor'
2021-05-24 15:45:57,321 INFO [main] o.s.s.c.ThreadPoolTaskExecutor [ExecutorConfigurationSupport.java:181] Initializing ExecutorService 'applicationTaskExecutor'
2021-05-24 15:45:57,628 INFO [main] o.s.b.a.w.s.WelcomePageHandlerMapping [WelcomePageHandlerMapping.java:57] Adding welcome page template: index
2021-05-24 15:45:57,816 INFO [main] o.s.b.a.w.s.WelcomePageHandlerMapping [WelcomePageHandlerMapping.java:57] Adding welcome page template: index
2021-05-24 15:45:59,151 INFO [main] c.w.s.SensitiveTest [StartupInfoLogger.java:61] Started SensitiveTest in 7.73 seconds (JVM running for 9.757)
2021-05-24 15:45:59,677 INFO [main] c.w.s.SensitiveTest [StartupInfoLogger.java:61] Started SensitiveTest in 8.825 seconds (JVM running for 12.045)
2021-05-24 15:46:00,456 INFO [SpringContextShutdownHook] o.s.s.c.ThreadPoolTaskExecutor [ExecutorConfigurationSupport.java:218] Shutting down ExecutorService 'applicationTaskExecutor'
2021-05-24 15:46:00,718 INFO [SpringContextShutdownHook] o.s.s.c.ThreadPoolTaskExecutor [ExecutorConfigurationSupport.java:218] Shutting down ExecutorService 'applicationTaskExecutor'
2021-05-24 15:48:58,889 INFO [main] c.w.s.SensitiveTest [StartupInfoLogger.java:55] Starting SensitiveTest using Java 14.0.2 on LAPTOP-CCKROGRM with PID 7424 (started by 吴彦淼 in D:\Softwares\IDEA\mavenProject\studyniuke)
2021-05-24 15:48:58,894 INFO [main] c.w.s.SensitiveTest [SpringApplication.java:675] No active profile set, falling back to default profiles: default
2021-05-24 15:49:00,783 INFO [main] o.s.b.f.a.AutowiredAnnotationBeanPostProcessor [AutowiredAnnotationBeanPostProcessor.java:478] Autowired annotation is not supported on static fields: private static final org.slf4j.Logger com.wu.studyniuke.controller.LoginController.LOGGER
2021-05-24 15:49:01,305 INFO [main] o.s.s.c.ThreadPoolTaskExecutor [ExecutorConfigurationSupport.java:181] Initializing ExecutorService 'applicationTaskExecutor'
2021-05-24 15:49:01,461 INFO [main] o.s.b.a.w.s.WelcomePageHandlerMapping [WelcomePageHandlerMapping.java:57] Adding welcome page template: index
2021-05-24 15:49:01,830 INFO [main] c.w.s.SensitiveTest [StartupInfoLogger.java:61] Started SensitiveTest in 3.408 seconds (JVM running for 4.679)
2021-05-24 15:49:02,442 INFO [SpringContextShutdownHook] o.s.s.c.ThreadPoolTaskExecutor [ExecutorConfigurationSupport.java:218] Shutting down ExecutorService 'applicationTaskExecutor'
