2021-05-20 20:01:46,252 INFO [main] c.w.s.StudyniukeApplication [StartupInfoLogger.java:55] Starting StudyniukeApplication using Java 14.0.2 on LAPTOP-CCKROGRM with PID 13244 (D:\Softwares\IDEA\mavenProject\studyniuke\target\classes started by 吴彦淼 in D:\Softwares\IDEA\mavenProject\studyniuke)
2021-05-20 20:01:46,264 INFO [main] c.w.s.StudyniukeApplication [SpringApplication.java:675] No active profile set, falling back to default profiles: default
2021-05-20 20:01:47,426 INFO [main] o.s.b.w.e.t.TomcatWebServer [TomcatWebServer.java:108] Tomcat initialized with port(s): 9999 (http)
2021-05-20 20:01:47,436 INFO [main] o.a.c.h.Http11NioProtocol [DirectJDKLog.java:173] Initializing ProtocolHandler ["http-nio-9999"]
2021-05-20 20:01:47,436 INFO [main] o.a.c.c.StandardService [DirectJDKLog.java:173] Starting service [Tomcat]
2021-05-20 20:01:47,436 INFO [main] o.a.c.c.StandardEngine [DirectJDKLog.java:173] Starting Servlet engine: [Apache Tomcat/9.0.45]
2021-05-20 20:01:47,519 INFO [main] o.a.c.c.C.[.[.[/wu] [DirectJDKLog.java:173] Initializing Spring embedded WebApplicationContext
2021-05-20 20:01:47,520 INFO [main] o.s.b.w.s.c.ServletWebServerApplicationContext [ServletWebServerApplicationContext.java:289] Root WebApplicationContext: initialization completed in 1197 ms
2021-05-20 20:01:47,911 INFO [main] o.s.b.f.a.AutowiredAnnotationBeanPostProcessor [AutowiredAnnotationBeanPostProcessor.java:478] Autowired annotation is not supported on static fields: private static final org.slf4j.Logger com.wu.studyniuke.controller.LoginController.LOGGER
2021-05-20 20:01:48,035 INFO [main] o.s.s.c.ThreadPoolTaskExecutor [ExecutorConfigurationSupport.java:181] Initializing ExecutorService 'applicationTaskExecutor'
2021-05-20 20:01:48,106 INFO [main] o.s.b.a.w.s.WelcomePageHandlerMapping [WelcomePageHandlerMapping.java:57] Adding welcome page template: index
2021-05-20 20:01:48,330 INFO [main] o.a.c.h.Http11NioProtocol [DirectJDKLog.java:173] Starting ProtocolHandler ["http-nio-9999"]
2021-05-20 20:01:48,361 INFO [main] o.s.b.w.e.t.TomcatWebServer [TomcatWebServer.java:220] Tomcat started on port(s): 9999 (http) with context path '/wu'
2021-05-20 20:01:48,377 INFO [main] c.w.s.StudyniukeApplication [StartupInfoLogger.java:61] Started StudyniukeApplication in 2.85 seconds (JVM running for 3.958)
2021-05-20 20:02:16,717 INFO [http-nio-9999-exec-2] o.a.c.c.C.[.[.[/wu] [DirectJDKLog.java:173] Initializing Spring DispatcherServlet 'dispatcherServlet'
2021-05-20 20:02:16,718 INFO [http-nio-9999-exec-2] o.s.w.s.DispatcherServlet [FrameworkServlet.java:525] Initializing Servlet 'dispatcherServlet'
2021-05-20 20:02:16,719 INFO [http-nio-9999-exec-2] o.s.w.s.DispatcherServlet [FrameworkServlet.java:547] Completed initialization in 1 ms
2021-05-20 20:02:16,777 INFO [http-nio-9999-exec-2] c.z.h.HikariDataSource [HikariDataSource.java:110] HikariPool-1 - Starting...
2021-05-20 20:02:16,928 INFO [http-nio-9999-exec-2] c.z.h.HikariDataSource [HikariDataSource.java:123] HikariPool-1 - Start completed.
2021-05-20 20:05:20,369 INFO [main] c.w.s.StudyniukeApplication [StartupInfoLogger.java:55] Starting StudyniukeApplication using Java 14.0.2 on LAPTOP-CCKROGRM with PID 9028 (D:\Softwares\IDEA\mavenProject\studyniuke\target\classes started by 吴彦淼 in D:\Softwares\IDEA\mavenProject\studyniuke)
2021-05-20 20:05:20,373 INFO [main] c.w.s.StudyniukeApplication [SpringApplication.java:675] No active profile set, falling back to default profiles: default
2021-05-20 20:05:21,434 INFO [main] o.s.b.w.e.t.TomcatWebServer [TomcatWebServer.java:108] Tomcat initialized with port(s): 9999 (http)
2021-05-20 20:05:21,442 INFO [main] o.a.c.h.Http11NioProtocol [DirectJDKLog.java:173] Initializing ProtocolHandler ["http-nio-9999"]
2021-05-20 20:05:21,442 INFO [main] o.a.c.c.StandardService [DirectJDKLog.java:173] Starting service [Tomcat]
2021-05-20 20:05:21,443 INFO [main] o.a.c.c.StandardEngine [DirectJDKLog.java:173] Starting Servlet engine: [Apache Tomcat/9.0.45]
2021-05-20 20:05:21,518 INFO [main] o.a.c.c.C.[.[.[/wu] [DirectJDKLog.java:173] Initializing Spring embedded WebApplicationContext
2021-05-20 20:05:21,518 INFO [main] o.s.b.w.s.c.ServletWebServerApplicationContext [ServletWebServerApplicationContext.java:289] Root WebApplicationContext: initialization completed in 1091 ms
2021-05-20 20:05:21,839 INFO [main] o.s.b.f.a.AutowiredAnnotationBeanPostProcessor [AutowiredAnnotationBeanPostProcessor.java:478] Autowired annotation is not supported on static fields: private static final org.slf4j.Logger com.wu.studyniuke.controller.LoginController.LOGGER
2021-05-20 20:05:21,958 INFO [main] o.s.s.c.ThreadPoolTaskExecutor [ExecutorConfigurationSupport.java:181] Initializing ExecutorService 'applicationTaskExecutor'
2021-05-20 20:05:22,016 INFO [main] o.s.b.a.w.s.WelcomePageHandlerMapping [WelcomePageHandlerMapping.java:57] Adding welcome page template: index
2021-05-20 20:05:22,134 INFO [main] o.a.c.h.Http11NioProtocol [DirectJDKLog.java:173] Starting ProtocolHandler ["http-nio-9999"]
2021-05-20 20:05:22,163 INFO [main] o.s.b.w.e.t.TomcatWebServer [TomcatWebServer.java:220] Tomcat started on port(s): 9999 (http) with context path '/wu'
2021-05-20 20:05:22,175 INFO [main] c.w.s.StudyniukeApplication [StartupInfoLogger.java:61] Started StudyniukeApplication in 2.29 seconds (JVM running for 3.045)
2021-05-20 20:05:22,223 INFO [http-nio-9999-exec-1] o.a.c.c.C.[.[.[/wu] [DirectJDKLog.java:173] Initializing Spring DispatcherServlet 'dispatcherServlet'
2021-05-20 20:05:22,224 INFO [http-nio-9999-exec-1] o.s.w.s.DispatcherServlet [FrameworkServlet.java:525] Initializing Servlet 'dispatcherServlet'
2021-05-20 20:05:22,225 INFO [http-nio-9999-exec-1] o.s.w.s.DispatcherServlet [FrameworkServlet.java:547] Completed initialization in 1 ms
2021-05-20 20:05:22,272 INFO [http-nio-9999-exec-1] c.z.h.HikariDataSource [HikariDataSource.java:110] HikariPool-1 - Starting...
2021-05-20 20:05:22,417 INFO [http-nio-9999-exec-1] c.z.h.HikariDataSource [HikariDataSource.java:123] HikariPool-1 - Start completed.
2021-05-20 20:08:51,135 INFO [main] c.w.s.StudyniukeApplication [StartupInfoLogger.java:55] Starting StudyniukeApplication using Java 14.0.2 on LAPTOP-CCKROGRM with PID 11428 (D:\Softwares\IDEA\mavenProject\studyniuke\target\classes started by 吴彦淼 in D:\Softwares\IDEA\mavenProject\studyniuke)
2021-05-20 20:08:51,138 INFO [main] c.w.s.StudyniukeApplication [SpringApplication.java:675] No active profile set, falling back to default profiles: default
2021-05-20 20:08:52,203 INFO [main] o.s.b.w.e.t.TomcatWebServer [TomcatWebServer.java:108] Tomcat initialized with port(s): 9999 (http)
2021-05-20 20:08:52,213 INFO [main] o.a.c.h.Http11NioProtocol [DirectJDKLog.java:173] Initializing ProtocolHandler ["http-nio-9999"]
2021-05-20 20:08:52,214 INFO [main] o.a.c.c.StandardService [DirectJDKLog.java:173] Starting service [Tomcat]
2021-05-20 20:08:52,215 INFO [main] o.a.c.c.StandardEngine [DirectJDKLog.java:173] Starting Servlet engine: [Apache Tomcat/9.0.45]
2021-05-20 20:08:52,295 INFO [main] o.a.c.c.C.[.[.[/wu] [DirectJDKLog.java:173] Initializing Spring embedded WebApplicationContext
2021-05-20 20:08:52,295 INFO [main] o.s.b.w.s.c.ServletWebServerApplicationContext [ServletWebServerApplicationContext.java:289] Root WebApplicationContext: initialization completed in 1099 ms
2021-05-20 20:08:52,715 INFO [main] o.s.b.f.a.AutowiredAnnotationBeanPostProcessor [AutowiredAnnotationBeanPostProcessor.java:478] Autowired annotation is not supported on static fields: private static final org.slf4j.Logger com.wu.studyniuke.controller.LoginController.LOGGER
2021-05-20 20:08:52,883 INFO [main] o.s.s.c.ThreadPoolTaskExecutor [ExecutorConfigurationSupport.java:181] Initializing ExecutorService 'applicationTaskExecutor'
2021-05-20 20:08:53,037 INFO [main] o.s.b.a.w.s.WelcomePageHandlerMapping [WelcomePageHandlerMapping.java:57] Adding welcome page template: index
2021-05-20 20:08:53,292 INFO [main] o.a.c.h.Http11NioProtocol [DirectJDKLog.java:173] Starting ProtocolHandler ["http-nio-9999"]
2021-05-20 20:08:53,340 INFO [main] o.s.b.w.e.t.TomcatWebServer [TomcatWebServer.java:220] Tomcat started on port(s): 9999 (http) with context path '/wu'
2021-05-20 20:08:53,363 INFO [main] c.w.s.StudyniukeApplication [StartupInfoLogger.java:61] Started StudyniukeApplication in 2.774 seconds (JVM running for 3.506)
2021-05-20 20:09:13,600 INFO [http-nio-9999-exec-1] o.a.c.c.C.[.[.[/wu] [DirectJDKLog.java:173] Initializing Spring DispatcherServlet 'dispatcherServlet'
2021-05-20 20:09:13,601 INFO [http-nio-9999-exec-1] o.s.w.s.DispatcherServlet [FrameworkServlet.java:525] Initializing Servlet 'dispatcherServlet'
2021-05-20 20:09:13,602 INFO [http-nio-9999-exec-1] o.s.w.s.DispatcherServlet [FrameworkServlet.java:547] Completed initialization in 1 ms
2021-05-20 20:09:13,649 INFO [http-nio-9999-exec-1] c.z.h.HikariDataSource [HikariDataSource.java:110] HikariPool-1 - Starting...
2021-05-20 20:09:13,787 INFO [http-nio-9999-exec-1] c.z.h.HikariDataSource [HikariDataSource.java:123] HikariPool-1 - Start completed.
2021-05-20 20:12:37,332 INFO [main] c.w.s.StudyniukeApplication [StartupInfoLogger.java:55] Starting StudyniukeApplication using Java 14.0.2 on LAPTOP-CCKROGRM with PID 13096 (D:\Softwares\IDEA\mavenProject\studyniuke\target\classes started by 吴彦淼 in D:\Softwares\IDEA\mavenProject\studyniuke)
2021-05-20 20:12:37,337 INFO [main] c.w.s.StudyniukeApplication [SpringApplication.java:675] No active profile set, falling back to default profiles: default
2021-05-20 20:12:38,837 INFO [main] o.s.b.w.e.t.TomcatWebServer [TomcatWebServer.java:108] Tomcat initialized with port(s): 9999 (http)
2021-05-20 20:12:38,848 INFO [main] o.a.c.h.Http11NioProtocol [DirectJDKLog.java:173] Initializing ProtocolHandler ["http-nio-9999"]
2021-05-20 20:12:38,849 INFO [main] o.a.c.c.StandardService [DirectJDKLog.java:173] Starting service [Tomcat]
2021-05-20 20:12:38,849 INFO [main] o.a.c.c.StandardEngine [DirectJDKLog.java:173] Starting Servlet engine: [Apache Tomcat/9.0.45]
2021-05-20 20:12:38,936 INFO [main] o.a.c.c.C.[.[.[/wu] [DirectJDKLog.java:173] Initializing Spring embedded WebApplicationContext
2021-05-20 20:12:38,937 INFO [main] o.s.b.w.s.c.ServletWebServerApplicationContext [ServletWebServerApplicationContext.java:289] Root WebApplicationContext: initialization completed in 1540 ms
2021-05-20 20:12:39,274 INFO [main] o.s.b.f.a.AutowiredAnnotationBeanPostProcessor [AutowiredAnnotationBeanPostProcessor.java:478] Autowired annotation is not supported on static fields: private static final org.slf4j.Logger com.wu.studyniuke.controller.LoginController.LOGGER
2021-05-20 20:12:39,400 INFO [main] o.s.s.c.ThreadPoolTaskExecutor [ExecutorConfigurationSupport.java:181] Initializing ExecutorService 'applicationTaskExecutor'
2021-05-20 20:12:39,459 INFO [main] o.s.b.a.w.s.WelcomePageHandlerMapping [WelcomePageHandlerMapping.java:57] Adding welcome page template: index
2021-05-20 20:12:39,580 INFO [main] o.a.c.h.Http11NioProtocol [DirectJDKLog.java:173] Starting ProtocolHandler ["http-nio-9999"]
2021-05-20 20:12:39,609 INFO [main] o.s.b.w.e.t.TomcatWebServer [TomcatWebServer.java:220] Tomcat started on port(s): 9999 (http) with context path '/wu'
2021-05-20 20:12:39,620 INFO [main] c.w.s.StudyniukeApplication [StartupInfoLogger.java:61] Started StudyniukeApplication in 3.041 seconds (JVM running for 4.158)
2021-05-20 20:12:40,428 INFO [http-nio-9999-exec-1] o.a.c.c.C.[.[.[/wu] [DirectJDKLog.java:173] Initializing Spring DispatcherServlet 'dispatcherServlet'
2021-05-20 20:12:40,428 INFO [http-nio-9999-exec-1] o.s.w.s.DispatcherServlet [FrameworkServlet.java:525] Initializing Servlet 'dispatcherServlet'
2021-05-20 20:12:40,429 INFO [http-nio-9999-exec-1] o.s.w.s.DispatcherServlet [FrameworkServlet.java:547] Completed initialization in 1 ms
2021-05-20 20:12:40,508 INFO [http-nio-9999-exec-1] c.z.h.HikariDataSource [HikariDataSource.java:110] HikariPool-1 - Starting...
2021-05-20 20:12:40,712 INFO [http-nio-9999-exec-1] c.z.h.HikariDataSource [HikariDataSource.java:123] HikariPool-1 - Start completed.
2021-05-20 20:14:58,570 INFO [main] c.w.s.StudyniukeApplication [StartupInfoLogger.java:55] Starting StudyniukeApplication using Java 14.0.2 on LAPTOP-CCKROGRM with PID 13896 (D:\Softwares\IDEA\mavenProject\studyniuke\target\classes started by 吴彦淼 in D:\Softwares\IDEA\mavenProject\studyniuke)
2021-05-20 20:14:58,574 INFO [main] c.w.s.StudyniukeApplication [SpringApplication.java:675] No active profile set, falling back to default profiles: default
2021-05-20 20:15:00,074 INFO [main] o.s.b.w.e.t.TomcatWebServer [TomcatWebServer.java:108] Tomcat initialized with port(s): 9999 (http)
2021-05-20 20:15:00,084 INFO [main] o.a.c.h.Http11NioProtocol [DirectJDKLog.java:173] Initializing ProtocolHandler ["http-nio-9999"]
2021-05-20 20:15:00,085 INFO [main] o.a.c.c.StandardService [DirectJDKLog.java:173] Starting service [Tomcat]
2021-05-20 20:15:00,085 INFO [main] o.a.c.c.StandardEngine [DirectJDKLog.java:173] Starting Servlet engine: [Apache Tomcat/9.0.45]
2021-05-20 20:15:00,174 INFO [main] o.a.c.c.C.[.[.[/wu] [DirectJDKLog.java:173] Initializing Spring embedded WebApplicationContext
2021-05-20 20:15:00,174 INFO [main] o.s.b.w.s.c.ServletWebServerApplicationContext [ServletWebServerApplicationContext.java:289] Root WebApplicationContext: initialization completed in 1530 ms
2021-05-20 20:15:00,495 INFO [main] o.s.b.f.a.AutowiredAnnotationBeanPostProcessor [AutowiredAnnotationBeanPostProcessor.java:478] Autowired annotation is not supported on static fields: private static final org.slf4j.Logger com.wu.studyniuke.controller.LoginController.LOGGER
2021-05-20 20:15:00,614 INFO [main] o.s.s.c.ThreadPoolTaskExecutor [ExecutorConfigurationSupport.java:181] Initializing ExecutorService 'applicationTaskExecutor'
2021-05-20 20:15:00,673 INFO [main] o.s.b.a.w.s.WelcomePageHandlerMapping [WelcomePageHandlerMapping.java:57] Adding welcome page template: index
2021-05-20 20:15:00,821 INFO [main] o.a.c.h.Http11NioProtocol [DirectJDKLog.java:173] Starting ProtocolHandler ["http-nio-9999"]
2021-05-20 20:15:00,849 INFO [main] o.s.b.w.e.t.TomcatWebServer [TomcatWebServer.java:220] Tomcat started on port(s): 9999 (http) with context path '/wu'
2021-05-20 20:15:00,863 INFO [main] c.w.s.StudyniukeApplication [StartupInfoLogger.java:61] Started StudyniukeApplication in 3.075 seconds (JVM running for 3.932)
2021-05-20 20:15:00,919 INFO [http-nio-9999-exec-1] o.a.c.c.C.[.[.[/wu] [DirectJDKLog.java:173] Initializing Spring DispatcherServlet 'dispatcherServlet'
2021-05-20 20:15:00,920 INFO [http-nio-9999-exec-1] o.s.w.s.DispatcherServlet [FrameworkServlet.java:525] Initializing Servlet 'dispatcherServlet'
2021-05-20 20:15:00,921 INFO [http-nio-9999-exec-1] o.s.w.s.DispatcherServlet [FrameworkServlet.java:547] Completed initialization in 1 ms
2021-05-20 20:15:00,990 INFO [http-nio-9999-exec-1] c.z.h.HikariDataSource [HikariDataSource.java:110] HikariPool-1 - Starting...
2021-05-20 20:15:01,146 INFO [http-nio-9999-exec-1] c.z.h.HikariDataSource [HikariDataSource.java:123] HikariPool-1 - Start completed.
2021-05-20 20:18:14,628 INFO [main] c.w.s.StudyniukeApplication [StartupInfoLogger.java:55] Starting StudyniukeApplication using Java 14.0.2 on LAPTOP-CCKROGRM with PID 14616 (D:\Softwares\IDEA\mavenProject\studyniuke\target\classes started by 吴彦淼 in D:\Softwares\IDEA\mavenProject\studyniuke)
2021-05-20 20:18:14,637 INFO [main] c.w.s.StudyniukeApplication [SpringApplication.java:675] No active profile set, falling back to default profiles: default
2021-05-20 20:18:15,953 INFO [main] o.s.b.w.e.t.TomcatWebServer [TomcatWebServer.java:108] Tomcat initialized with port(s): 9999 (http)
2021-05-20 20:18:15,961 INFO [main] o.a.c.h.Http11NioProtocol [DirectJDKLog.java:173] Initializing ProtocolHandler ["http-nio-9999"]
2021-05-20 20:18:15,962 INFO [main] o.a.c.c.StandardService [DirectJDKLog.java:173] Starting service [Tomcat]
2021-05-20 20:18:15,962 INFO [main] o.a.c.c.StandardEngine [DirectJDKLog.java:173] Starting Servlet engine: [Apache Tomcat/9.0.45]
2021-05-20 20:18:16,041 INFO [main] o.a.c.c.C.[.[.[/wu] [DirectJDKLog.java:173] Initializing Spring embedded WebApplicationContext
2021-05-20 20:18:16,042 INFO [main] o.s.b.w.s.c.ServletWebServerApplicationContext [ServletWebServerApplicationContext.java:289] Root WebApplicationContext: initialization completed in 1343 ms
2021-05-20 20:18:16,360 INFO [main] o.s.b.f.a.AutowiredAnnotationBeanPostProcessor [AutowiredAnnotationBeanPostProcessor.java:478] Autowired annotation is not supported on static fields: private static final org.slf4j.Logger com.wu.studyniuke.controller.LoginController.LOGGER
2021-05-20 20:18:16,472 INFO [main] o.s.s.c.ThreadPoolTaskExecutor [ExecutorConfigurationSupport.java:181] Initializing ExecutorService 'applicationTaskExecutor'
2021-05-20 20:18:16,532 INFO [main] o.s.b.a.w.s.WelcomePageHandlerMapping [WelcomePageHandlerMapping.java:57] Adding welcome page template: index
2021-05-20 20:18:16,643 INFO [main] o.a.c.h.Http11NioProtocol [DirectJDKLog.java:173] Starting ProtocolHandler ["http-nio-9999"]
2021-05-20 20:18:16,667 INFO [main] o.s.b.w.e.t.TomcatWebServer [TomcatWebServer.java:220] Tomcat started on port(s): 9999 (http) with context path '/wu'
2021-05-20 20:18:16,679 INFO [main] c.w.s.StudyniukeApplication [StartupInfoLogger.java:61] Started StudyniukeApplication in 2.976 seconds (JVM running for 4.076)
2021-05-20 20:18:19,217 INFO [http-nio-9999-exec-1] o.a.c.c.C.[.[.[/wu] [DirectJDKLog.java:173] Initializing Spring DispatcherServlet 'dispatcherServlet'
2021-05-20 20:18:19,217 INFO [http-nio-9999-exec-1] o.s.w.s.DispatcherServlet [FrameworkServlet.java:525] Initializing Servlet 'dispatcherServlet'
2021-05-20 20:18:19,219 INFO [http-nio-9999-exec-1] o.s.w.s.DispatcherServlet [FrameworkServlet.java:547] Completed initialization in 2 ms
2021-05-20 20:18:19,273 INFO [http-nio-9999-exec-1] c.z.h.HikariDataSource [HikariDataSource.java:110] HikariPool-1 - Starting...
2021-05-20 20:18:19,412 INFO [http-nio-9999-exec-1] c.z.h.HikariDataSource [HikariDataSource.java:123] HikariPool-1 - Start completed.
2021-05-20 20:19:04,234 INFO [main] c.w.s.StudyniukeApplication [StartupInfoLogger.java:55] Starting StudyniukeApplication using Java 14.0.2 on LAPTOP-CCKROGRM with PID 2728 (D:\Softwares\IDEA\mavenProject\studyniuke\target\classes started by 吴彦淼 in D:\Softwares\IDEA\mavenProject\studyniuke)
2021-05-20 20:19:04,239 INFO [main] c.w.s.StudyniukeApplication [SpringApplication.java:675] No active profile set, falling back to default profiles: default
2021-05-20 20:19:05,550 INFO [main] o.s.b.w.e.t.TomcatWebServer [TomcatWebServer.java:108] Tomcat initialized with port(s): 9999 (http)
2021-05-20 20:19:05,559 INFO [main] o.a.c.h.Http11NioProtocol [DirectJDKLog.java:173] Initializing ProtocolHandler ["http-nio-9999"]
2021-05-20 20:19:05,560 INFO [main] o.a.c.c.StandardService [DirectJDKLog.java:173] Starting service [Tomcat]
2021-05-20 20:19:05,560 INFO [main] o.a.c.c.StandardEngine [DirectJDKLog.java:173] Starting Servlet engine: [Apache Tomcat/9.0.45]
2021-05-20 20:19:05,661 INFO [main] o.a.c.c.C.[.[.[/wu] [DirectJDKLog.java:173] Initializing Spring embedded WebApplicationContext
2021-05-20 20:19:05,662 INFO [main] o.s.b.w.s.c.ServletWebServerApplicationContext [ServletWebServerApplicationContext.java:289] Root WebApplicationContext: initialization completed in 1354 ms
2021-05-20 20:19:06,034 INFO [main] o.s.b.f.a.AutowiredAnnotationBeanPostProcessor [AutowiredAnnotationBeanPostProcessor.java:478] Autowired annotation is not supported on static fields: private static final org.slf4j.Logger com.wu.studyniuke.controller.LoginController.LOGGER
2021-05-20 20:19:06,194 INFO [main] o.s.s.c.ThreadPoolTaskExecutor [ExecutorConfigurationSupport.java:181] Initializing ExecutorService 'applicationTaskExecutor'
2021-05-20 20:19:06,279 INFO [main] o.s.b.a.w.s.WelcomePageHandlerMapping [WelcomePageHandlerMapping.java:57] Adding welcome page template: index
2021-05-20 20:19:06,404 INFO [main] o.a.c.h.Http11NioProtocol [DirectJDKLog.java:173] Starting ProtocolHandler ["http-nio-9999"]
2021-05-20 20:19:06,430 INFO [main] o.s.b.w.e.t.TomcatWebServer [TomcatWebServer.java:220] Tomcat started on port(s): 9999 (http) with context path '/wu'
2021-05-20 20:19:06,441 INFO [main] c.w.s.StudyniukeApplication [StartupInfoLogger.java:61] Started StudyniukeApplication in 2.956 seconds (JVM running for 3.888)
2021-05-20 20:19:07,158 INFO [http-nio-9999-exec-1] o.a.c.c.C.[.[.[/wu] [DirectJDKLog.java:173] Initializing Spring DispatcherServlet 'dispatcherServlet'
2021-05-20 20:19:07,158 INFO [http-nio-9999-exec-1] o.s.w.s.DispatcherServlet [FrameworkServlet.java:525] Initializing Servlet 'dispatcherServlet'
2021-05-20 20:19:07,159 INFO [http-nio-9999-exec-1] o.s.w.s.DispatcherServlet [FrameworkServlet.java:547] Completed initialization in 1 ms
2021-05-20 20:19:07,210 INFO [http-nio-9999-exec-1] c.z.h.HikariDataSource [HikariDataSource.java:110] HikariPool-1 - Starting...
2021-05-20 20:19:07,379 INFO [http-nio-9999-exec-1] c.z.h.HikariDataSource [HikariDataSource.java:123] HikariPool-1 - Start completed.
2021-05-20 20:20:12,851 INFO [main] c.w.s.StudyniukeApplication [StartupInfoLogger.java:55] Starting StudyniukeApplication using Java 14.0.2 on LAPTOP-CCKROGRM with PID 1676 (D:\Softwares\IDEA\mavenProject\studyniuke\target\classes started by 吴彦淼 in D:\Softwares\IDEA\mavenProject\studyniuke)
2021-05-20 20:20:12,855 INFO [main] c.w.s.StudyniukeApplication [SpringApplication.java:675] No active profile set, falling back to default profiles: default
2021-05-20 20:20:13,983 INFO [main] o.s.b.w.e.t.TomcatWebServer [TomcatWebServer.java:108] Tomcat initialized with port(s): 9999 (http)
2021-05-20 20:20:13,991 INFO [main] o.a.c.h.Http11NioProtocol [DirectJDKLog.java:173] Initializing ProtocolHandler ["http-nio-9999"]
2021-05-20 20:20:13,992 INFO [main] o.a.c.c.StandardService [DirectJDKLog.java:173] Starting service [Tomcat]
2021-05-20 20:20:13,992 INFO [main] o.a.c.c.StandardEngine [DirectJDKLog.java:173] Starting Servlet engine: [Apache Tomcat/9.0.45]
2021-05-20 20:20:14,077 INFO [main] o.a.c.c.C.[.[.[/wu] [DirectJDKLog.java:173] Initializing Spring embedded WebApplicationContext
2021-05-20 20:20:14,078 INFO [main] o.s.b.w.s.c.ServletWebServerApplicationContext [ServletWebServerApplicationContext.java:289] Root WebApplicationContext: initialization completed in 1153 ms
2021-05-20 20:20:14,385 INFO [main] o.s.b.f.a.AutowiredAnnotationBeanPostProcessor [AutowiredAnnotationBeanPostProcessor.java:478] Autowired annotation is not supported on static fields: private static final org.slf4j.Logger com.wu.studyniuke.controller.LoginController.LOGGER
2021-05-20 20:20:14,494 INFO [main] o.s.s.c.ThreadPoolTaskExecutor [ExecutorConfigurationSupport.java:181] Initializing ExecutorService 'applicationTaskExecutor'
2021-05-20 20:20:14,550 INFO [main] o.s.b.a.w.s.WelcomePageHandlerMapping [WelcomePageHandlerMapping.java:57] Adding welcome page template: index
2021-05-20 20:20:14,666 INFO [main] o.a.c.h.Http11NioProtocol [DirectJDKLog.java:173] Starting ProtocolHandler ["http-nio-9999"]
2021-05-20 20:20:14,692 INFO [main] o.s.b.w.e.t.TomcatWebServer [TomcatWebServer.java:220] Tomcat started on port(s): 9999 (http) with context path '/wu'
2021-05-20 20:20:14,705 INFO [main] c.w.s.StudyniukeApplication [StartupInfoLogger.java:61] Started StudyniukeApplication in 2.587 seconds (JVM running for 3.649)
2021-05-20 20:20:14,850 INFO [http-nio-9999-exec-1] o.a.c.c.C.[.[.[/wu] [DirectJDKLog.java:173] Initializing Spring DispatcherServlet 'dispatcherServlet'
2021-05-20 20:20:14,850 INFO [http-nio-9999-exec-1] o.s.w.s.DispatcherServlet [FrameworkServlet.java:525] Initializing Servlet 'dispatcherServlet'
2021-05-20 20:20:14,851 INFO [http-nio-9999-exec-1] o.s.w.s.DispatcherServlet [FrameworkServlet.java:547] Completed initialization in 1 ms
2021-05-20 23:03:23,635 INFO [main] c.w.s.StudyniukeApplication [StartupInfoLogger.java:55] Starting StudyniukeApplication using Java 14.0.2 on LAPTOP-CCKROGRM with PID 15168 (D:\Softwares\IDEA\mavenProject\studyniuke\target\classes started by 吴彦淼 in D:\Softwares\IDEA\mavenProject\studyniuke)
2021-05-20 23:03:23,640 INFO [main] c.w.s.StudyniukeApplication [SpringApplication.java:675] No active profile set, falling back to default profiles: default
2021-05-20 23:03:25,089 INFO [main] o.s.b.w.e.t.TomcatWebServer [TomcatWebServer.java:108] Tomcat initialized with port(s): 9999 (http)
2021-05-20 23:03:25,098 INFO [main] o.a.c.h.Http11NioProtocol [DirectJDKLog.java:173] Initializing ProtocolHandler ["http-nio-9999"]
2021-05-20 23:03:25,098 INFO [main] o.a.c.c.StandardService [DirectJDKLog.java:173] Starting service [Tomcat]
2021-05-20 23:03:25,099 INFO [main] o.a.c.c.StandardEngine [DirectJDKLog.java:173] Starting Servlet engine: [Apache Tomcat/9.0.45]
2021-05-20 23:03:25,183 INFO [main] o.a.c.c.C.[.[.[/wu] [DirectJDKLog.java:173] Initializing Spring embedded WebApplicationContext
2021-05-20 23:03:25,184 INFO [main] o.s.b.w.s.c.ServletWebServerApplicationContext [ServletWebServerApplicationContext.java:289] Root WebApplicationContext: initialization completed in 1456 ms
2021-05-20 23:03:25,544 INFO [main] o.s.b.f.a.AutowiredAnnotationBeanPostProcessor [AutowiredAnnotationBeanPostProcessor.java:478] Autowired annotation is not supported on static fields: private static final org.slf4j.Logger com.wu.studyniuke.controller.LoginController.LOGGER
2021-05-20 23:03:25,670 INFO [main] o.s.s.c.ThreadPoolTaskExecutor [ExecutorConfigurationSupport.java:181] Initializing ExecutorService 'applicationTaskExecutor'
2021-05-20 23:03:25,729 INFO [main] o.s.b.a.w.s.WelcomePageHandlerMapping [WelcomePageHandlerMapping.java:57] Adding welcome page template: index
2021-05-20 23:03:25,866 INFO [main] o.a.c.h.Http11NioProtocol [DirectJDKLog.java:173] Starting ProtocolHandler ["http-nio-9999"]
2021-05-20 23:03:25,894 INFO [main] o.s.b.w.e.t.TomcatWebServer [TomcatWebServer.java:220] Tomcat started on port(s): 9999 (http) with context path '/wu'
2021-05-20 23:03:25,907 INFO [main] c.w.s.StudyniukeApplication [StartupInfoLogger.java:61] Started StudyniukeApplication in 3.326 seconds (JVM running for 4.45)
2021-05-20 23:03:29,753 INFO [http-nio-9999-exec-2] o.a.c.c.C.[.[.[/wu] [DirectJDKLog.java:173] Initializing Spring DispatcherServlet 'dispatcherServlet'
2021-05-20 23:03:29,753 INFO [http-nio-9999-exec-2] o.s.w.s.DispatcherServlet [FrameworkServlet.java:525] Initializing Servlet 'dispatcherServlet'
2021-05-20 23:03:29,754 INFO [http-nio-9999-exec-2] o.s.w.s.DispatcherServlet [FrameworkServlet.java:547] Completed initialization in 0 ms
2021-05-20 23:04:00,876 INFO [main] c.w.s.StudyniukeApplication [StartupInfoLogger.java:55] Starting StudyniukeApplication using Java 14.0.2 on LAPTOP-CCKROGRM with PID 14408 (D:\Softwares\IDEA\mavenProject\studyniuke\target\classes started by 吴彦淼 in D:\Softwares\IDEA\mavenProject\studyniuke)
2021-05-20 23:04:00,882 INFO [main] c.w.s.StudyniukeApplication [SpringApplication.java:675] No active profile set, falling back to default profiles: default
2021-05-20 23:04:03,142 INFO [main] o.s.b.w.e.t.TomcatWebServer [TomcatWebServer.java:108] Tomcat initialized with port(s): 9999 (http)
2021-05-20 23:04:03,158 INFO [main] o.a.c.h.Http11NioProtocol [DirectJDKLog.java:173] Initializing ProtocolHandler ["http-nio-9999"]
2021-05-20 23:04:03,159 INFO [main] o.a.c.c.StandardService [DirectJDKLog.java:173] Starting service [Tomcat]
2021-05-20 23:04:03,160 INFO [main] o.a.c.c.StandardEngine [DirectJDKLog.java:173] Starting Servlet engine: [Apache Tomcat/9.0.45]
2021-05-20 23:04:03,300 INFO [main] o.a.c.c.C.[.[.[/wu] [DirectJDKLog.java:173] Initializing Spring embedded WebApplicationContext
2021-05-20 23:04:03,300 INFO [main] o.s.b.w.s.c.ServletWebServerApplicationContext [ServletWebServerApplicationContext.java:289] Root WebApplicationContext: initialization completed in 2346 ms
2021-05-20 23:04:04,284 INFO [main] o.s.b.f.a.AutowiredAnnotationBeanPostProcessor [AutowiredAnnotationBeanPostProcessor.java:478] Autowired annotation is not supported on static fields: private static final org.slf4j.Logger com.wu.studyniuke.controller.LoginController.LOGGER
2021-05-20 23:04:04,443 INFO [main] o.s.s.c.ThreadPoolTaskExecutor [ExecutorConfigurationSupport.java:181] Initializing ExecutorService 'applicationTaskExecutor'
2021-05-20 23:04:04,523 INFO [main] o.s.b.a.w.s.WelcomePageHandlerMapping [WelcomePageHandlerMapping.java:57] Adding welcome page template: index
2021-05-20 23:04:04,650 INFO [main] o.a.c.h.Http11NioProtocol [DirectJDKLog.java:173] Starting ProtocolHandler ["http-nio-9999"]
2021-05-20 23:04:04,676 INFO [main] o.s.b.w.e.t.TomcatWebServer [TomcatWebServer.java:220] Tomcat started on port(s): 9999 (http) with context path '/wu'
2021-05-20 23:04:04,693 INFO [main] c.w.s.StudyniukeApplication [StartupInfoLogger.java:61] Started StudyniukeApplication in 4.738 seconds (JVM running for 5.819)
2021-05-20 23:04:04,727 INFO [http-nio-9999-exec-1] o.a.c.c.C.[.[.[/wu] [DirectJDKLog.java:173] Initializing Spring DispatcherServlet 'dispatcherServlet'
2021-05-20 23:04:04,728 INFO [http-nio-9999-exec-1] o.s.w.s.DispatcherServlet [FrameworkServlet.java:525] Initializing Servlet 'dispatcherServlet'
2021-05-20 23:04:04,728 INFO [http-nio-9999-exec-1] o.s.w.s.DispatcherServlet [FrameworkServlet.java:547] Completed initialization in 0 ms
