2021-07-11 00:00:05,065 INFO [http-nio-9999-exec-3] c.w.s.a.ServiceLogAspect [ServiceLogAspect.java:44] 用户[0:0:0:0:0:0:0:1],在[2021-07-11 00:00:05],访问了[com.wu.studyniuke.service.UserService.findLoginTicket].
2021-07-11 00:00:05,078 INFO [http-nio-9999-exec-3] c.w.s.a.ServiceLogAspect [ServiceLogAspect.java:44] 用户[0:0:0:0:0:0:0:1],在[2021-07-11 00:00:05],访问了[com.wu.studyniuke.service.UserService.findUserById].
2021-07-11 00:00:05,082 INFO [http-nio-9999-exec-3] c.w.s.a.ServiceLogAspect [ServiceLogAspect.java:44] 用户[0:0:0:0:0:0:0:1],在[2021-07-11 00:00:05],访问了[com.wu.studyniuke.service.DiscussPostService.selectDiscussPostRows].
2021-07-11 00:00:05,085 INFO [http-nio-9999-exec-3] c.w.s.a.ServiceLogAspect [ServiceLogAspect.java:44] 用户[0:0:0:0:0:0:0:1],在[2021-07-11 00:00:05],访问了[com.wu.studyniuke.service.DiscussPostService.selectDiscussPosts].
2021-07-11 00:00:05,096 INFO [http-nio-9999-exec-3] c.w.s.a.ServiceLogAspect [ServiceLogAspect.java:44] 用户[0:0:0:0:0:0:0:1],在[2021-07-11 00:00:05],访问了[com.wu.studyniuke.service.UserService.findUserById].
2021-07-11 00:00:05,098 INFO [http-nio-9999-exec-3] c.w.s.a.ServiceLogAspect [ServiceLogAspect.java:44] 用户[0:0:0:0:0:0:0:1],在[2021-07-11 00:00:05],访问了[com.wu.studyniuke.service.LikeService.findEntityLikeCount].
2021-07-11 00:00:05,100 INFO [http-nio-9999-exec-3] c.w.s.a.ServiceLogAspect [ServiceLogAspect.java:44] 用户[0:0:0:0:0:0:0:1],在[2021-07-11 00:00:05],访问了[com.wu.studyniuke.service.UserService.findUserById].
2021-07-11 00:00:05,104 INFO [http-nio-9999-exec-3] c.w.s.a.ServiceLogAspect [ServiceLogAspect.java:44] 用户[0:0:0:0:0:0:0:1],在[2021-07-11 00:00:05],访问了[com.wu.studyniuke.service.LikeService.findEntityLikeCount].
2021-07-11 00:00:05,107 INFO [http-nio-9999-exec-3] c.w.s.a.ServiceLogAspect [ServiceLogAspect.java:44] 用户[0:0:0:0:0:0:0:1],在[2021-07-11 00:00:05],访问了[com.wu.studyniuke.service.UserService.findUserById].
2021-07-11 00:00:05,109 INFO [http-nio-9999-exec-3] c.w.s.a.ServiceLogAspect [ServiceLogAspect.java:44] 用户[0:0:0:0:0:0:0:1],在[2021-07-11 00:00:05],访问了[com.wu.studyniuke.service.LikeService.findEntityLikeCount].
2021-07-11 00:00:05,111 INFO [http-nio-9999-exec-3] c.w.s.a.ServiceLogAspect [ServiceLogAspect.java:44] 用户[0:0:0:0:0:0:0:1],在[2021-07-11 00:00:05],访问了[com.wu.studyniuke.service.UserService.findUserById].
2021-07-11 00:00:05,113 INFO [http-nio-9999-exec-3] c.w.s.a.ServiceLogAspect [ServiceLogAspect.java:44] 用户[0:0:0:0:0:0:0:1],在[2021-07-11 00:00:05],访问了[com.wu.studyniuke.service.LikeService.findEntityLikeCount].
2021-07-11 00:00:05,114 INFO [http-nio-9999-exec-3] c.w.s.a.ServiceLogAspect [ServiceLogAspect.java:44] 用户[0:0:0:0:0:0:0:1],在[2021-07-11 00:00:05],访问了[com.wu.studyniuke.service.UserService.findUserById].
2021-07-11 00:00:05,116 INFO [http-nio-9999-exec-3] c.w.s.a.ServiceLogAspect [ServiceLogAspect.java:44] 用户[0:0:0:0:0:0:0:1],在[2021-07-11 00:00:05],访问了[com.wu.studyniuke.service.LikeService.findEntityLikeCount].
2021-07-11 00:00:05,118 INFO [http-nio-9999-exec-3] c.w.s.a.ServiceLogAspect [ServiceLogAspect.java:44] 用户[0:0:0:0:0:0:0:1],在[2021-07-11 00:00:05],访问了[com.wu.studyniuke.service.UserService.findUserById].
2021-07-11 00:00:05,121 INFO [http-nio-9999-exec-3] c.w.s.a.ServiceLogAspect [ServiceLogAspect.java:44] 用户[0:0:0:0:0:0:0:1],在[2021-07-11 00:00:05],访问了[com.wu.studyniuke.service.LikeService.findEntityLikeCount].
2021-07-11 00:00:05,123 INFO [http-nio-9999-exec-3] c.w.s.a.ServiceLogAspect [ServiceLogAspect.java:44] 用户[0:0:0:0:0:0:0:1],在[2021-07-11 00:00:05],访问了[com.wu.studyniuke.service.UserService.findUserById].
2021-07-11 00:00:05,125 INFO [http-nio-9999-exec-3] c.w.s.a.ServiceLogAspect [ServiceLogAspect.java:44] 用户[0:0:0:0:0:0:0:1],在[2021-07-11 00:00:05],访问了[com.wu.studyniuke.service.LikeService.findEntityLikeCount].
2021-07-11 00:00:05,126 INFO [http-nio-9999-exec-3] c.w.s.a.ServiceLogAspect [ServiceLogAspect.java:44] 用户[0:0:0:0:0:0:0:1],在[2021-07-11 00:00:05],访问了[com.wu.studyniuke.service.UserService.findUserById].
2021-07-11 00:00:05,128 INFO [http-nio-9999-exec-3] c.w.s.a.ServiceLogAspect [ServiceLogAspect.java:44] 用户[0:0:0:0:0:0:0:1],在[2021-07-11 00:00:05],访问了[com.wu.studyniuke.service.LikeService.findEntityLikeCount].
2021-07-11 00:00:05,129 INFO [http-nio-9999-exec-3] c.w.s.a.ServiceLogAspect [ServiceLogAspect.java:44] 用户[0:0:0:0:0:0:0:1],在[2021-07-11 00:00:05],访问了[com.wu.studyniuke.service.UserService.findUserById].
2021-07-11 00:00:05,132 INFO [http-nio-9999-exec-3] c.w.s.a.ServiceLogAspect [ServiceLogAspect.java:44] 用户[0:0:0:0:0:0:0:1],在[2021-07-11 00:00:05],访问了[com.wu.studyniuke.service.LikeService.findEntityLikeCount].
2021-07-11 00:00:05,133 INFO [http-nio-9999-exec-3] c.w.s.a.ServiceLogAspect [ServiceLogAspect.java:44] 用户[0:0:0:0:0:0:0:1],在[2021-07-11 00:00:05],访问了[com.wu.studyniuke.service.UserService.findUserById].
2021-07-11 00:00:05,135 INFO [http-nio-9999-exec-3] c.w.s.a.ServiceLogAspect [ServiceLogAspect.java:44] 用户[0:0:0:0:0:0:0:1],在[2021-07-11 00:00:05],访问了[com.wu.studyniuke.service.LikeService.findEntityLikeCount].
2021-07-11 00:00:05,164 INFO [http-nio-9999-exec-5] c.w.s.a.ServiceLogAspect [ServiceLogAspect.java:44] 用户[0:0:0:0:0:0:0:1],在[2021-07-11 00:00:05],访问了[com.wu.studyniuke.service.UserService.findLoginTicket].
2021-07-11 00:00:05,168 INFO [http-nio-9999-exec-5] c.w.s.a.ServiceLogAspect [ServiceLogAspect.java:44] 用户[0:0:0:0:0:0:0:1],在[2021-07-11 00:00:05],访问了[com.wu.studyniuke.service.UserService.findUserById].
2021-07-11 00:03:29,023 INFO [http-nio-9999-exec-8] c.w.s.a.ServiceLogAspect [ServiceLogAspect.java:44] 用户[0:0:0:0:0:0:0:1],在[2021-07-11 00:03:29],访问了[com.wu.studyniuke.service.UserService.findLoginTicket].
2021-07-11 00:03:29,028 INFO [http-nio-9999-exec-8] c.w.s.a.ServiceLogAspect [ServiceLogAspect.java:44] 用户[0:0:0:0:0:0:0:1],在[2021-07-11 00:03:29],访问了[com.wu.studyniuke.service.UserService.findUserById].
2021-07-11 00:03:29,031 INFO [http-nio-9999-exec-8] c.w.s.a.ServiceLogAspect [ServiceLogAspect.java:44] 用户[0:0:0:0:0:0:0:1],在[2021-07-11 00:03:29],访问了[com.wu.studyniuke.service.DiscussPostService.queryDiscussPost].
2021-07-11 00:03:29,034 INFO [http-nio-9999-exec-8] c.w.s.a.ServiceLogAspect [ServiceLogAspect.java:44] 用户[0:0:0:0:0:0:0:1],在[2021-07-11 00:03:29],访问了[com.wu.studyniuke.service.UserService.findUserById].
2021-07-11 00:03:29,036 INFO [http-nio-9999-exec-8] c.w.s.a.ServiceLogAspect [ServiceLogAspect.java:44] 用户[0:0:0:0:0:0:0:1],在[2021-07-11 00:03:29],访问了[com.wu.studyniuke.service.LikeService.findEntityLikeCount].
2021-07-11 00:03:29,037 INFO [http-nio-9999-exec-8] c.w.s.a.ServiceLogAspect [ServiceLogAspect.java:44] 用户[0:0:0:0:0:0:0:1],在[2021-07-11 00:03:29],访问了[com.wu.studyniuke.service.LikeService.findEntityLikeStatus].
2021-07-11 00:03:29,040 INFO [http-nio-9999-exec-8] c.w.s.a.ServiceLogAspect [ServiceLogAspect.java:44] 用户[0:0:0:0:0:0:0:1],在[2021-07-11 00:03:29],访问了[com.wu.studyniuke.service.CommentService.queryCommentByEntity].
2021-07-11 00:03:29,043 INFO [http-nio-9999-exec-8] c.w.s.a.ServiceLogAspect [ServiceLogAspect.java:44] 用户[0:0:0:0:0:0:0:1],在[2021-07-11 00:03:29],访问了[com.wu.studyniuke.service.UserService.findUserById].
2021-07-11 00:03:29,044 INFO [http-nio-9999-exec-8] c.w.s.a.ServiceLogAspect [ServiceLogAspect.java:44] 用户[0:0:0:0:0:0:0:1],在[2021-07-11 00:03:29],访问了[com.wu.studyniuke.service.LikeService.findEntityLikeCount].
2021-07-11 00:03:29,045 INFO [http-nio-9999-exec-8] c.w.s.a.ServiceLogAspect [ServiceLogAspect.java:44] 用户[0:0:0:0:0:0:0:1],在[2021-07-11 00:03:29],访问了[com.wu.studyniuke.service.LikeService.findEntityLikeStatus].
2021-07-11 00:03:29,047 INFO [http-nio-9999-exec-8] c.w.s.a.ServiceLogAspect [ServiceLogAspect.java:44] 用户[0:0:0:0:0:0:0:1],在[2021-07-11 00:03:29],访问了[com.wu.studyniuke.service.CommentService.queryCommentByEntity].
2021-07-11 00:03:29,049 INFO [http-nio-9999-exec-8] c.w.s.a.ServiceLogAspect [ServiceLogAspect.java:44] 用户[0:0:0:0:0:0:0:1],在[2021-07-11 00:03:29],访问了[com.wu.studyniuke.service.UserService.findUserById].
2021-07-11 00:03:29,051 INFO [http-nio-9999-exec-8] c.w.s.a.ServiceLogAspect [ServiceLogAspect.java:44] 用户[0:0:0:0:0:0:0:1],在[2021-07-11 00:03:29],访问了[com.wu.studyniuke.service.LikeService.findEntityLikeCount].
2021-07-11 00:03:29,052 INFO [http-nio-9999-exec-8] c.w.s.a.ServiceLogAspect [ServiceLogAspect.java:44] 用户[0:0:0:0:0:0:0:1],在[2021-07-11 00:03:29],访问了[com.wu.studyniuke.service.LikeService.findEntityLikeStatus].
2021-07-11 00:03:29,053 INFO [http-nio-9999-exec-8] c.w.s.a.ServiceLogAspect [ServiceLogAspect.java:44] 用户[0:0:0:0:0:0:0:1],在[2021-07-11 00:03:29],访问了[com.wu.studyniuke.service.UserService.findUserById].
2021-07-11 00:03:29,056 INFO [http-nio-9999-exec-8] c.w.s.a.ServiceLogAspect [ServiceLogAspect.java:44] 用户[0:0:0:0:0:0:0:1],在[2021-07-11 00:03:29],访问了[com.wu.studyniuke.service.LikeService.findEntityLikeCount].
2021-07-11 00:03:29,057 INFO [http-nio-9999-exec-8] c.w.s.a.ServiceLogAspect [ServiceLogAspect.java:44] 用户[0:0:0:0:0:0:0:1],在[2021-07-11 00:03:29],访问了[com.wu.studyniuke.service.LikeService.findEntityLikeStatus].
2021-07-11 00:03:29,058 INFO [http-nio-9999-exec-8] c.w.s.a.ServiceLogAspect [ServiceLogAspect.java:44] 用户[0:0:0:0:0:0:0:1],在[2021-07-11 00:03:29],访问了[com.wu.studyniuke.service.UserService.findUserById].
2021-07-11 00:03:29,061 INFO [http-nio-9999-exec-8] c.w.s.a.ServiceLogAspect [ServiceLogAspect.java:44] 用户[0:0:0:0:0:0:0:1],在[2021-07-11 00:03:29],访问了[com.wu.studyniuke.service.UserService.findUserById].
2021-07-11 00:03:29,063 INFO [http-nio-9999-exec-8] c.w.s.a.ServiceLogAspect [ServiceLogAspect.java:44] 用户[0:0:0:0:0:0:0:1],在[2021-07-11 00:03:29],访问了[com.wu.studyniuke.service.LikeService.findEntityLikeCount].
2021-07-11 00:03:29,065 INFO [http-nio-9999-exec-8] c.w.s.a.ServiceLogAspect [ServiceLogAspect.java:44] 用户[0:0:0:0:0:0:0:1],在[2021-07-11 00:03:29],访问了[com.wu.studyniuke.service.LikeService.findEntityLikeStatus].
2021-07-11 00:03:29,066 INFO [http-nio-9999-exec-8] c.w.s.a.ServiceLogAspect [ServiceLogAspect.java:44] 用户[0:0:0:0:0:0:0:1],在[2021-07-11 00:03:29],访问了[com.wu.studyniuke.service.UserService.findUserById].
2021-07-11 00:03:29,068 INFO [http-nio-9999-exec-8] c.w.s.a.ServiceLogAspect [ServiceLogAspect.java:44] 用户[0:0:0:0:0:0:0:1],在[2021-07-11 00:03:29],访问了[com.wu.studyniuke.service.UserService.findUserById].
2021-07-11 00:03:29,069 INFO [http-nio-9999-exec-8] c.w.s.a.ServiceLogAspect [ServiceLogAspect.java:44] 用户[0:0:0:0:0:0:0:1],在[2021-07-11 00:03:29],访问了[com.wu.studyniuke.service.LikeService.findEntityLikeCount].
2021-07-11 00:03:29,070 INFO [http-nio-9999-exec-8] c.w.s.a.ServiceLogAspect [ServiceLogAspect.java:44] 用户[0:0:0:0:0:0:0:1],在[2021-07-11 00:03:29],访问了[com.wu.studyniuke.service.LikeService.findEntityLikeStatus].
2021-07-11 00:03:29,072 INFO [http-nio-9999-exec-8] c.w.s.a.ServiceLogAspect [ServiceLogAspect.java:44] 用户[0:0:0:0:0:0:0:1],在[2021-07-11 00:03:29],访问了[com.wu.studyniuke.service.CommentService.queryCommentCount].
2021-07-11 00:03:29,074 INFO [http-nio-9999-exec-8] c.w.s.a.ServiceLogAspect [ServiceLogAspect.java:44] 用户[0:0:0:0:0:0:0:1],在[2021-07-11 00:03:29],访问了[com.wu.studyniuke.service.UserService.findUserById].
2021-07-11 00:03:29,075 INFO [http-nio-9999-exec-8] c.w.s.a.ServiceLogAspect [ServiceLogAspect.java:44] 用户[0:0:0:0:0:0:0:1],在[2021-07-11 00:03:29],访问了[com.wu.studyniuke.service.LikeService.findEntityLikeCount].
2021-07-11 00:03:29,076 INFO [http-nio-9999-exec-8] c.w.s.a.ServiceLogAspect [ServiceLogAspect.java:44] 用户[0:0:0:0:0:0:0:1],在[2021-07-11 00:03:29],访问了[com.wu.studyniuke.service.LikeService.findEntityLikeStatus].
2021-07-11 00:03:29,077 INFO [http-nio-9999-exec-8] c.w.s.a.ServiceLogAspect [ServiceLogAspect.java:44] 用户[0:0:0:0:0:0:0:1],在[2021-07-11 00:03:29],访问了[com.wu.studyniuke.service.CommentService.queryCommentByEntity].
2021-07-11 00:03:29,079 INFO [http-nio-9999-exec-8] c.w.s.a.ServiceLogAspect [ServiceLogAspect.java:44] 用户[0:0:0:0:0:0:0:1],在[2021-07-11 00:03:29],访问了[com.wu.studyniuke.service.UserService.findUserById].
2021-07-11 00:03:29,081 INFO [http-nio-9999-exec-8] c.w.s.a.ServiceLogAspect [ServiceLogAspect.java:44] 用户[0:0:0:0:0:0:0:1],在[2021-07-11 00:03:29],访问了[com.wu.studyniuke.service.UserService.findUserById].
2021-07-11 00:03:29,083 INFO [http-nio-9999-exec-8] c.w.s.a.ServiceLogAspect [ServiceLogAspect.java:44] 用户[0:0:0:0:0:0:0:1],在[2021-07-11 00:03:29],访问了[com.wu.studyniuke.service.LikeService.findEntityLikeCount].
2021-07-11 00:03:29,084 INFO [http-nio-9999-exec-8] c.w.s.a.ServiceLogAspect [ServiceLogAspect.java:44] 用户[0:0:0:0:0:0:0:1],在[2021-07-11 00:03:29],访问了[com.wu.studyniuke.service.LikeService.findEntityLikeStatus].
2021-07-11 00:03:29,085 INFO [http-nio-9999-exec-8] c.w.s.a.ServiceLogAspect [ServiceLogAspect.java:44] 用户[0:0:0:0:0:0:0:1],在[2021-07-11 00:03:29],访问了[com.wu.studyniuke.service.UserService.findUserById].
2021-07-11 00:03:29,086 INFO [http-nio-9999-exec-8] c.w.s.a.ServiceLogAspect [ServiceLogAspect.java:44] 用户[0:0:0:0:0:0:0:1],在[2021-07-11 00:03:29],访问了[com.wu.studyniuke.service.UserService.findUserById].
2021-07-11 00:03:29,088 INFO [http-nio-9999-exec-8] c.w.s.a.ServiceLogAspect [ServiceLogAspect.java:44] 用户[0:0:0:0:0:0:0:1],在[2021-07-11 00:03:29],访问了[com.wu.studyniuke.service.LikeService.findEntityLikeCount].
2021-07-11 00:03:29,090 INFO [http-nio-9999-exec-8] c.w.s.a.ServiceLogAspect [ServiceLogAspect.java:44] 用户[0:0:0:0:0:0:0:1],在[2021-07-11 00:03:29],访问了[com.wu.studyniuke.service.LikeService.findEntityLikeStatus].
2021-07-11 00:03:29,092 INFO [http-nio-9999-exec-8] c.w.s.a.ServiceLogAspect [ServiceLogAspect.java:44] 用户[0:0:0:0:0:0:0:1],在[2021-07-11 00:03:29],访问了[com.wu.studyniuke.service.CommentService.queryCommentCount].
2021-07-11 00:03:29,094 INFO [http-nio-9999-exec-8] c.w.s.a.ServiceLogAspect [ServiceLogAspect.java:44] 用户[0:0:0:0:0:0:0:1],在[2021-07-11 00:03:29],访问了[com.wu.studyniuke.service.UserService.findUserById].
2021-07-11 00:03:29,095 INFO [http-nio-9999-exec-8] c.w.s.a.ServiceLogAspect [ServiceLogAspect.java:44] 用户[0:0:0:0:0:0:0:1],在[2021-07-11 00:03:29],访问了[com.wu.studyniuke.service.LikeService.findEntityLikeCount].
2021-07-11 00:03:29,096 INFO [http-nio-9999-exec-8] c.w.s.a.ServiceLogAspect [ServiceLogAspect.java:44] 用户[0:0:0:0:0:0:0:1],在[2021-07-11 00:03:29],访问了[com.wu.studyniuke.service.LikeService.findEntityLikeStatus].
2021-07-11 00:03:29,098 INFO [http-nio-9999-exec-8] c.w.s.a.ServiceLogAspect [ServiceLogAspect.java:44] 用户[0:0:0:0:0:0:0:1],在[2021-07-11 00:03:29],访问了[com.wu.studyniuke.service.CommentService.queryCommentByEntity].
2021-07-11 00:03:29,099 INFO [http-nio-9999-exec-8] c.w.s.a.ServiceLogAspect [ServiceLogAspect.java:44] 用户[0:0:0:0:0:0:0:1],在[2021-07-11 00:03:29],访问了[com.wu.studyniuke.service.CommentService.queryCommentCount].
2021-07-11 00:03:29,101 INFO [http-nio-9999-exec-8] c.w.s.a.ServiceLogAspect [ServiceLogAspect.java:44] 用户[0:0:0:0:0:0:0:1],在[2021-07-11 00:03:29],访问了[com.wu.studyniuke.service.UserService.findUserById].
2021-07-11 00:03:29,103 INFO [http-nio-9999-exec-8] c.w.s.a.ServiceLogAspect [ServiceLogAspect.java:44] 用户[0:0:0:0:0:0:0:1],在[2021-07-11 00:03:29],访问了[com.wu.studyniuke.service.LikeService.findEntityLikeCount].
2021-07-11 00:03:29,104 INFO [http-nio-9999-exec-8] c.w.s.a.ServiceLogAspect [ServiceLogAspect.java:44] 用户[0:0:0:0:0:0:0:1],在[2021-07-11 00:03:29],访问了[com.wu.studyniuke.service.LikeService.findEntityLikeStatus].
2021-07-11 00:03:29,106 INFO [http-nio-9999-exec-8] c.w.s.a.ServiceLogAspect [ServiceLogAspect.java:44] 用户[0:0:0:0:0:0:0:1],在[2021-07-11 00:03:29],访问了[com.wu.studyniuke.service.CommentService.queryCommentByEntity].
2021-07-11 00:03:29,108 INFO [http-nio-9999-exec-8] c.w.s.a.ServiceLogAspect [ServiceLogAspect.java:44] 用户[0:0:0:0:0:0:0:1],在[2021-07-11 00:03:29],访问了[com.wu.studyniuke.service.CommentService.queryCommentCount].
2021-07-11 00:03:29,110 INFO [http-nio-9999-exec-8] c.w.s.a.ServiceLogAspect [ServiceLogAspect.java:44] 用户[0:0:0:0:0:0:0:1],在[2021-07-11 00:03:29],访问了[com.wu.studyniuke.service.UserService.findUserById].
2021-07-11 00:03:29,111 INFO [http-nio-9999-exec-8] c.w.s.a.ServiceLogAspect [ServiceLogAspect.java:44] 用户[0:0:0:0:0:0:0:1],在[2021-07-11 00:03:29],访问了[com.wu.studyniuke.service.LikeService.findEntityLikeCount].
2021-07-11 00:03:29,112 INFO [http-nio-9999-exec-8] c.w.s.a.ServiceLogAspect [ServiceLogAspect.java:44] 用户[0:0:0:0:0:0:0:1],在[2021-07-11 00:03:29],访问了[com.wu.studyniuke.service.LikeService.findEntityLikeStatus].
2021-07-11 00:03:29,113 INFO [http-nio-9999-exec-8] c.w.s.a.ServiceLogAspect [ServiceLogAspect.java:44] 用户[0:0:0:0:0:0:0:1],在[2021-07-11 00:03:29],访问了[com.wu.studyniuke.service.CommentService.queryCommentByEntity].
2021-07-11 00:03:29,115 INFO [http-nio-9999-exec-8] c.w.s.a.ServiceLogAspect [ServiceLogAspect.java:44] 用户[0:0:0:0:0:0:0:1],在[2021-07-11 00:03:29],访问了[com.wu.studyniuke.service.CommentService.queryCommentCount].
2021-07-11 00:03:29,151 INFO [http-nio-9999-exec-7] c.w.s.a.ServiceLogAspect [ServiceLogAspect.java:44] 用户[0:0:0:0:0:0:0:1],在[2021-07-11 00:03:29],访问了[com.wu.studyniuke.service.UserService.findLoginTicket].
2021-07-11 00:03:29,154 INFO [http-nio-9999-exec-7] c.w.s.a.ServiceLogAspect [ServiceLogAspect.java:44] 用户[0:0:0:0:0:0:0:1],在[2021-07-11 00:03:29],访问了[com.wu.studyniuke.service.UserService.findUserById].
2021-07-11 00:03:30,793 INFO [http-nio-9999-exec-9] c.w.s.a.ServiceLogAspect [ServiceLogAspect.java:44] 用户[0:0:0:0:0:0:0:1],在[2021-07-11 00:03:30],访问了[com.wu.studyniuke.service.UserService.findLoginTicket].
2021-07-11 00:03:30,796 INFO [http-nio-9999-exec-9] c.w.s.a.ServiceLogAspect [ServiceLogAspect.java:44] 用户[0:0:0:0:0:0:0:1],在[2021-07-11 00:03:30],访问了[com.wu.studyniuke.service.UserService.findUserById].
2021-07-11 00:03:30,799 INFO [http-nio-9999-exec-9] c.w.s.a.ServiceLogAspect [ServiceLogAspect.java:44] 用户[0:0:0:0:0:0:0:1],在[2021-07-11 00:03:30],访问了[com.wu.studyniuke.service.LikeService.like].
2021-07-11 00:03:30,847 INFO [http-nio-9999-exec-9] c.w.s.a.ServiceLogAspect [ServiceLogAspect.java:44] 用户[0:0:0:0:0:0:0:1],在[2021-07-11 00:03:30],访问了[com.wu.studyniuke.service.LikeService.findEntityLikeCount].
2021-07-11 00:03:30,848 INFO [http-nio-9999-exec-9] c.w.s.a.ServiceLogAspect [ServiceLogAspect.java:44] 用户[0:0:0:0:0:0:0:1],在[2021-07-11 00:03:30],访问了[com.wu.studyniuke.service.LikeService.findEntityLikeStatus].
2021-07-11 00:03:32,552 INFO [http-nio-9999-exec-10] c.w.s.a.ServiceLogAspect [ServiceLogAspect.java:44] 用户[0:0:0:0:0:0:0:1],在[2021-07-11 00:03:32],访问了[com.wu.studyniuke.service.UserService.findLoginTicket].
2021-07-11 00:03:32,555 INFO [http-nio-9999-exec-10] c.w.s.a.ServiceLogAspect [ServiceLogAspect.java:44] 用户[0:0:0:0:0:0:0:1],在[2021-07-11 00:03:32],访问了[com.wu.studyniuke.service.UserService.findUserById].
2021-07-11 00:03:32,558 INFO [http-nio-9999-exec-10] c.w.s.a.ServiceLogAspect [ServiceLogAspect.java:44] 用户[0:0:0:0:0:0:0:1],在[2021-07-11 00:03:32],访问了[com.wu.studyniuke.service.DiscussPostService.queryDiscussPost].
2021-07-11 00:03:32,561 INFO [http-nio-9999-exec-10] c.w.s.a.ServiceLogAspect [ServiceLogAspect.java:44] 用户[0:0:0:0:0:0:0:1],在[2021-07-11 00:03:32],访问了[com.wu.studyniuke.service.UserService.findUserById].
2021-07-11 00:03:32,564 INFO [http-nio-9999-exec-10] c.w.s.a.ServiceLogAspect [ServiceLogAspect.java:44] 用户[0:0:0:0:0:0:0:1],在[2021-07-11 00:03:32],访问了[com.wu.studyniuke.service.LikeService.findEntityLikeCount].
2021-07-11 00:03:32,566 INFO [http-nio-9999-exec-10] c.w.s.a.ServiceLogAspect [ServiceLogAspect.java:44] 用户[0:0:0:0:0:0:0:1],在[2021-07-11 00:03:32],访问了[com.wu.studyniuke.service.LikeService.findEntityLikeStatus].
2021-07-11 00:03:32,567 INFO [http-nio-9999-exec-10] c.w.s.a.ServiceLogAspect [ServiceLogAspect.java:44] 用户[0:0:0:0:0:0:0:1],在[2021-07-11 00:03:32],访问了[com.wu.studyniuke.service.CommentService.queryCommentByEntity].
2021-07-11 00:03:32,570 INFO [http-nio-9999-exec-10] c.w.s.a.ServiceLogAspect [ServiceLogAspect.java:44] 用户[0:0:0:0:0:0:0:1],在[2021-07-11 00:03:32],访问了[com.wu.studyniuke.service.UserService.findUserById].
2021-07-11 00:03:32,573 INFO [http-nio-9999-exec-10] c.w.s.a.ServiceLogAspect [ServiceLogAspect.java:44] 用户[0:0:0:0:0:0:0:1],在[2021-07-11 00:03:32],访问了[com.wu.studyniuke.service.LikeService.findEntityLikeCount].
2021-07-11 00:03:32,574 INFO [http-nio-9999-exec-10] c.w.s.a.ServiceLogAspect [ServiceLogAspect.java:44] 用户[0:0:0:0:0:0:0:1],在[2021-07-11 00:03:32],访问了[com.wu.studyniuke.service.LikeService.findEntityLikeStatus].
2021-07-11 00:03:32,575 INFO [http-nio-9999-exec-10] c.w.s.a.ServiceLogAspect [ServiceLogAspect.java:44] 用户[0:0:0:0:0:0:0:1],在[2021-07-11 00:03:32],访问了[com.wu.studyniuke.service.CommentService.queryCommentByEntity].
2021-07-11 00:03:32,577 INFO [http-nio-9999-exec-10] c.w.s.a.ServiceLogAspect [ServiceLogAspect.java:44] 用户[0:0:0:0:0:0:0:1],在[2021-07-11 00:03:32],访问了[com.wu.studyniuke.service.UserService.findUserById].
2021-07-11 00:03:32,579 INFO [http-nio-9999-exec-10] c.w.s.a.ServiceLogAspect [ServiceLogAspect.java:44] 用户[0:0:0:0:0:0:0:1],在[2021-07-11 00:03:32],访问了[com.wu.studyniuke.service.LikeService.findEntityLikeCount].
2021-07-11 00:03:32,581 INFO [http-nio-9999-exec-10] c.w.s.a.ServiceLogAspect [ServiceLogAspect.java:44] 用户[0:0:0:0:0:0:0:1],在[2021-07-11 00:03:32],访问了[com.wu.studyniuke.service.LikeService.findEntityLikeStatus].
2021-07-11 00:03:32,582 INFO [http-nio-9999-exec-10] c.w.s.a.ServiceLogAspect [ServiceLogAspect.java:44] 用户[0:0:0:0:0:0:0:1],在[2021-07-11 00:03:32],访问了[com.wu.studyniuke.service.UserService.findUserById].
2021-07-11 00:03:32,584 INFO [http-nio-9999-exec-10] c.w.s.a.ServiceLogAspect [ServiceLogAspect.java:44] 用户[0:0:0:0:0:0:0:1],在[2021-07-11 00:03:32],访问了[com.wu.studyniuke.service.LikeService.findEntityLikeCount].
2021-07-11 00:03:32,585 INFO [http-nio-9999-exec-10] c.w.s.a.ServiceLogAspect [ServiceLogAspect.java:44] 用户[0:0:0:0:0:0:0:1],在[2021-07-11 00:03:32],访问了[com.wu.studyniuke.service.LikeService.findEntityLikeStatus].
2021-07-11 00:03:32,586 INFO [http-nio-9999-exec-10] c.w.s.a.ServiceLogAspect [ServiceLogAspect.java:44] 用户[0:0:0:0:0:0:0:1],在[2021-07-11 00:03:32],访问了[com.wu.studyniuke.service.UserService.findUserById].
2021-07-11 00:03:32,587 INFO [http-nio-9999-exec-10] c.w.s.a.ServiceLogAspect [ServiceLogAspect.java:44] 用户[0:0:0:0:0:0:0:1],在[2021-07-11 00:03:32],访问了[com.wu.studyniuke.service.UserService.findUserById].
2021-07-11 00:03:32,589 INFO [http-nio-9999-exec-10] c.w.s.a.ServiceLogAspect [ServiceLogAspect.java:44] 用户[0:0:0:0:0:0:0:1],在[2021-07-11 00:03:32],访问了[com.wu.studyniuke.service.LikeService.findEntityLikeCount].
2021-07-11 00:03:32,590 INFO [http-nio-9999-exec-10] c.w.s.a.ServiceLogAspect [ServiceLogAspect.java:44] 用户[0:0:0:0:0:0:0:1],在[2021-07-11 00:03:32],访问了[com.wu.studyniuke.service.LikeService.findEntityLikeStatus].
2021-07-11 00:03:32,591 INFO [http-nio-9999-exec-10] c.w.s.a.ServiceLogAspect [ServiceLogAspect.java:44] 用户[0:0:0:0:0:0:0:1],在[2021-07-11 00:03:32],访问了[com.wu.studyniuke.service.UserService.findUserById].
2021-07-11 00:03:32,594 INFO [http-nio-9999-exec-10] c.w.s.a.ServiceLogAspect [ServiceLogAspect.java:44] 用户[0:0:0:0:0:0:0:1],在[2021-07-11 00:03:32],访问了[com.wu.studyniuke.service.UserService.findUserById].
2021-07-11 00:03:32,596 INFO [http-nio-9999-exec-10] c.w.s.a.ServiceLogAspect [ServiceLogAspect.java:44] 用户[0:0:0:0:0:0:0:1],在[2021-07-11 00:03:32],访问了[com.wu.studyniuke.service.LikeService.findEntityLikeCount].
2021-07-11 00:03:32,598 INFO [http-nio-9999-exec-10] c.w.s.a.ServiceLogAspect [ServiceLogAspect.java:44] 用户[0:0:0:0:0:0:0:1],在[2021-07-11 00:03:32],访问了[com.wu.studyniuke.service.LikeService.findEntityLikeStatus].
2021-07-11 00:03:32,599 INFO [http-nio-9999-exec-10] c.w.s.a.ServiceLogAspect [ServiceLogAspect.java:44] 用户[0:0:0:0:0:0:0:1],在[2021-07-11 00:03:32],访问了[com.wu.studyniuke.service.CommentService.queryCommentCount].
2021-07-11 00:03:32,600 INFO [http-nio-9999-exec-10] c.w.s.a.ServiceLogAspect [ServiceLogAspect.java:44] 用户[0:0:0:0:0:0:0:1],在[2021-07-11 00:03:32],访问了[com.wu.studyniuke.service.UserService.findUserById].
2021-07-11 00:03:32,602 INFO [http-nio-9999-exec-10] c.w.s.a.ServiceLogAspect [ServiceLogAspect.java:44] 用户[0:0:0:0:0:0:0:1],在[2021-07-11 00:03:32],访问了[com.wu.studyniuke.service.LikeService.findEntityLikeCount].
2021-07-11 00:03:32,603 INFO [http-nio-9999-exec-10] c.w.s.a.ServiceLogAspect [ServiceLogAspect.java:44] 用户[0:0:0:0:0:0:0:1],在[2021-07-11 00:03:32],访问了[com.wu.studyniuke.service.LikeService.findEntityLikeStatus].
2021-07-11 00:03:32,604 INFO [http-nio-9999-exec-10] c.w.s.a.ServiceLogAspect [ServiceLogAspect.java:44] 用户[0:0:0:0:0:0:0:1],在[2021-07-11 00:03:32],访问了[com.wu.studyniuke.service.CommentService.queryCommentByEntity].
2021-07-11 00:03:32,607 INFO [http-nio-9999-exec-10] c.w.s.a.ServiceLogAspect [ServiceLogAspect.java:44] 用户[0:0:0:0:0:0:0:1],在[2021-07-11 00:03:32],访问了[com.wu.studyniuke.service.UserService.findUserById].
2021-07-11 00:03:32,609 INFO [http-nio-9999-exec-10] c.w.s.a.ServiceLogAspect [ServiceLogAspect.java:44] 用户[0:0:0:0:0:0:0:1],在[2021-07-11 00:03:32],访问了[com.wu.studyniuke.service.UserService.findUserById].
2021-07-11 00:03:32,610 INFO [http-nio-9999-exec-10] c.w.s.a.ServiceLogAspect [ServiceLogAspect.java:44] 用户[0:0:0:0:0:0:0:1],在[2021-07-11 00:03:32],访问了[com.wu.studyniuke.service.LikeService.findEntityLikeCount].
2021-07-11 00:03:32,611 INFO [http-nio-9999-exec-10] c.w.s.a.ServiceLogAspect [ServiceLogAspect.java:44] 用户[0:0:0:0:0:0:0:1],在[2021-07-11 00:03:32],访问了[com.wu.studyniuke.service.LikeService.findEntityLikeStatus].
2021-07-11 00:03:32,612 INFO [http-nio-9999-exec-10] c.w.s.a.ServiceLogAspect [ServiceLogAspect.java:44] 用户[0:0:0:0:0:0:0:1],在[2021-07-11 00:03:32],访问了[com.wu.studyniuke.service.UserService.findUserById].
2021-07-11 00:03:32,614 INFO [http-nio-9999-exec-10] c.w.s.a.ServiceLogAspect [ServiceLogAspect.java:44] 用户[0:0:0:0:0:0:0:1],在[2021-07-11 00:03:32],访问了[com.wu.studyniuke.service.UserService.findUserById].
2021-07-11 00:03:32,616 INFO [http-nio-9999-exec-10] c.w.s.a.ServiceLogAspect [ServiceLogAspect.java:44] 用户[0:0:0:0:0:0:0:1],在[2021-07-11 00:03:32],访问了[com.wu.studyniuke.service.LikeService.findEntityLikeCount].
2021-07-11 00:03:32,617 INFO [http-nio-9999-exec-10] c.w.s.a.ServiceLogAspect [ServiceLogAspect.java:44] 用户[0:0:0:0:0:0:0:1],在[2021-07-11 00:03:32],访问了[com.wu.studyniuke.service.LikeService.findEntityLikeStatus].
2021-07-11 00:03:32,618 INFO [http-nio-9999-exec-10] c.w.s.a.ServiceLogAspect [ServiceLogAspect.java:44] 用户[0:0:0:0:0:0:0:1],在[2021-07-11 00:03:32],访问了[com.wu.studyniuke.service.CommentService.queryCommentCount].
2021-07-11 00:03:32,620 INFO [http-nio-9999-exec-10] c.w.s.a.ServiceLogAspect [ServiceLogAspect.java:44] 用户[0:0:0:0:0:0:0:1],在[2021-07-11 00:03:32],访问了[com.wu.studyniuke.service.UserService.findUserById].
2021-07-11 00:03:32,622 INFO [http-nio-9999-exec-10] c.w.s.a.ServiceLogAspect [ServiceLogAspect.java:44] 用户[0:0:0:0:0:0:0:1],在[2021-07-11 00:03:32],访问了[com.wu.studyniuke.service.LikeService.findEntityLikeCount].
2021-07-11 00:03:32,623 INFO [http-nio-9999-exec-10] c.w.s.a.ServiceLogAspect [ServiceLogAspect.java:44] 用户[0:0:0:0:0:0:0:1],在[2021-07-11 00:03:32],访问了[com.wu.studyniuke.service.LikeService.findEntityLikeStatus].
2021-07-11 00:03:32,624 INFO [http-nio-9999-exec-10] c.w.s.a.ServiceLogAspect [ServiceLogAspect.java:44] 用户[0:0:0:0:0:0:0:1],在[2021-07-11 00:03:32],访问了[com.wu.studyniuke.service.CommentService.queryCommentByEntity].
2021-07-11 00:03:32,626 INFO [http-nio-9999-exec-10] c.w.s.a.ServiceLogAspect [ServiceLogAspect.java:44] 用户[0:0:0:0:0:0:0:1],在[2021-07-11 00:03:32],访问了[com.wu.studyniuke.service.CommentService.queryCommentCount].
2021-07-11 00:03:32,628 INFO [http-nio-9999-exec-10] c.w.s.a.ServiceLogAspect [ServiceLogAspect.java:44] 用户[0:0:0:0:0:0:0:1],在[2021-07-11 00:03:32],访问了[com.wu.studyniuke.service.UserService.findUserById].
2021-07-11 00:03:32,629 INFO [http-nio-9999-exec-10] c.w.s.a.ServiceLogAspect [ServiceLogAspect.java:44] 用户[0:0:0:0:0:0:0:1],在[2021-07-11 00:03:32],访问了[com.wu.studyniuke.service.LikeService.findEntityLikeCount].
2021-07-11 00:03:32,630 INFO [http-nio-9999-exec-10] c.w.s.a.ServiceLogAspect [ServiceLogAspect.java:44] 用户[0:0:0:0:0:0:0:1],在[2021-07-11 00:03:32],访问了[com.wu.studyniuke.service.LikeService.findEntityLikeStatus].
2021-07-11 00:03:32,631 INFO [http-nio-9999-exec-10] c.w.s.a.ServiceLogAspect [ServiceLogAspect.java:44] 用户[0:0:0:0:0:0:0:1],在[2021-07-11 00:03:32],访问了[com.wu.studyniuke.service.CommentService.queryCommentByEntity].
2021-07-11 00:03:32,633 INFO [http-nio-9999-exec-10] c.w.s.a.ServiceLogAspect [ServiceLogAspect.java:44] 用户[0:0:0:0:0:0:0:1],在[2021-07-11 00:03:32],访问了[com.wu.studyniuke.service.CommentService.queryCommentCount].
2021-07-11 00:03:32,634 INFO [http-nio-9999-exec-10] c.w.s.a.ServiceLogAspect [ServiceLogAspect.java:44] 用户[0:0:0:0:0:0:0:1],在[2021-07-11 00:03:32],访问了[com.wu.studyniuke.service.UserService.findUserById].
2021-07-11 00:03:32,636 INFO [http-nio-9999-exec-10] c.w.s.a.ServiceLogAspect [ServiceLogAspect.java:44] 用户[0:0:0:0:0:0:0:1],在[2021-07-11 00:03:32],访问了[com.wu.studyniuke.service.LikeService.findEntityLikeCount].
2021-07-11 00:03:32,637 INFO [http-nio-9999-exec-10] c.w.s.a.ServiceLogAspect [ServiceLogAspect.java:44] 用户[0:0:0:0:0:0:0:1],在[2021-07-11 00:03:32],访问了[com.wu.studyniuke.service.LikeService.findEntityLikeStatus].
2021-07-11 00:03:32,638 INFO [http-nio-9999-exec-10] c.w.s.a.ServiceLogAspect [ServiceLogAspect.java:44] 用户[0:0:0:0:0:0:0:1],在[2021-07-11 00:03:32],访问了[com.wu.studyniuke.service.CommentService.queryCommentByEntity].
2021-07-11 00:03:32,640 INFO [http-nio-9999-exec-10] c.w.s.a.ServiceLogAspect [ServiceLogAspect.java:44] 用户[0:0:0:0:0:0:0:1],在[2021-07-11 00:03:32],访问了[com.wu.studyniuke.service.CommentService.queryCommentCount].
2021-07-11 00:03:32,666 INFO [http-nio-9999-exec-1] c.w.s.a.ServiceLogAspect [ServiceLogAspect.java:44] 用户[0:0:0:0:0:0:0:1],在[2021-07-11 00:03:32],访问了[com.wu.studyniuke.service.UserService.findLoginTicket].
2021-07-11 00:03:32,668 INFO [http-nio-9999-exec-1] c.w.s.a.ServiceLogAspect [ServiceLogAspect.java:44] 用户[0:0:0:0:0:0:0:1],在[2021-07-11 00:03:32],访问了[com.wu.studyniuke.service.UserService.findUserById].
2021-07-11 00:03:35,696 INFO [http-nio-9999-exec-3] c.w.s.a.ServiceLogAspect [ServiceLogAspect.java:44] 用户[0:0:0:0:0:0:0:1],在[2021-07-11 00:03:35],访问了[com.wu.studyniuke.service.UserService.findLoginTicket].
2021-07-11 00:03:35,699 INFO [http-nio-9999-exec-3] c.w.s.a.ServiceLogAspect [ServiceLogAspect.java:44] 用户[0:0:0:0:0:0:0:1],在[2021-07-11 00:03:35],访问了[com.wu.studyniuke.service.UserService.findUserById].
2021-07-11 00:03:35,701 INFO [http-nio-9999-exec-3] c.w.s.a.ServiceLogAspect [ServiceLogAspect.java:44] 用户[0:0:0:0:0:0:0:1],在[2021-07-11 00:03:35],访问了[com.wu.studyniuke.service.LikeService.like].
2021-07-11 00:03:35,708 INFO [http-nio-9999-exec-3] c.w.s.a.ServiceLogAspect [ServiceLogAspect.java:44] 用户[0:0:0:0:0:0:0:1],在[2021-07-11 00:03:35],访问了[com.wu.studyniuke.service.LikeService.findEntityLikeCount].
2021-07-11 00:03:35,709 INFO [http-nio-9999-exec-3] c.w.s.a.ServiceLogAspect [ServiceLogAspect.java:44] 用户[0:0:0:0:0:0:0:1],在[2021-07-11 00:03:35],访问了[com.wu.studyniuke.service.LikeService.findEntityLikeStatus].
2021-07-11 00:03:37,689 INFO [http-nio-9999-exec-5] c.w.s.a.ServiceLogAspect [ServiceLogAspect.java:44] 用户[0:0:0:0:0:0:0:1],在[2021-07-11 00:03:37],访问了[com.wu.studyniuke.service.UserService.findLoginTicket].
2021-07-11 00:03:37,692 INFO [http-nio-9999-exec-5] c.w.s.a.ServiceLogAspect [ServiceLogAspect.java:44] 用户[0:0:0:0:0:0:0:1],在[2021-07-11 00:03:37],访问了[com.wu.studyniuke.service.UserService.findUserById].
2021-07-11 00:03:37,695 INFO [http-nio-9999-exec-5] c.w.s.a.ServiceLogAspect [ServiceLogAspect.java:44] 用户[0:0:0:0:0:0:0:1],在[2021-07-11 00:03:37],访问了[com.wu.studyniuke.service.DiscussPostService.queryDiscussPost].
2021-07-11 00:03:37,698 INFO [http-nio-9999-exec-5] c.w.s.a.ServiceLogAspect [ServiceLogAspect.java:44] 用户[0:0:0:0:0:0:0:1],在[2021-07-11 00:03:37],访问了[com.wu.studyniuke.service.UserService.findUserById].
2021-07-11 00:03:37,700 INFO [http-nio-9999-exec-5] c.w.s.a.ServiceLogAspect [ServiceLogAspect.java:44] 用户[0:0:0:0:0:0:0:1],在[2021-07-11 00:03:37],访问了[com.wu.studyniuke.service.LikeService.findEntityLikeCount].
2021-07-11 00:03:37,701 INFO [http-nio-9999-exec-5] c.w.s.a.ServiceLogAspect [ServiceLogAspect.java:44] 用户[0:0:0:0:0:0:0:1],在[2021-07-11 00:03:37],访问了[com.wu.studyniuke.service.LikeService.findEntityLikeStatus].
2021-07-11 00:03:37,702 INFO [http-nio-9999-exec-5] c.w.s.a.ServiceLogAspect [ServiceLogAspect.java:44] 用户[0:0:0:0:0:0:0:1],在[2021-07-11 00:03:37],访问了[com.wu.studyniuke.service.CommentService.queryCommentByEntity].
2021-07-11 00:03:37,704 INFO [http-nio-9999-exec-5] c.w.s.a.ServiceLogAspect [ServiceLogAspect.java:44] 用户[0:0:0:0:0:0:0:1],在[2021-07-11 00:03:37],访问了[com.wu.studyniuke.service.UserService.findUserById].
2021-07-11 00:03:37,707 INFO [http-nio-9999-exec-5] c.w.s.a.ServiceLogAspect [ServiceLogAspect.java:44] 用户[0:0:0:0:0:0:0:1],在[2021-07-11 00:03:37],访问了[com.wu.studyniuke.service.LikeService.findEntityLikeCount].
2021-07-11 00:03:37,708 INFO [http-nio-9999-exec-5] c.w.s.a.ServiceLogAspect [ServiceLogAspect.java:44] 用户[0:0:0:0:0:0:0:1],在[2021-07-11 00:03:37],访问了[com.wu.studyniuke.service.LikeService.findEntityLikeStatus].
2021-07-11 00:03:37,709 INFO [http-nio-9999-exec-5] c.w.s.a.ServiceLogAspect [ServiceLogAspect.java:44] 用户[0:0:0:0:0:0:0:1],在[2021-07-11 00:03:37],访问了[com.wu.studyniuke.service.CommentService.queryCommentByEntity].
2021-07-11 00:03:37,712 INFO [http-nio-9999-exec-5] c.w.s.a.ServiceLogAspect [ServiceLogAspect.java:44] 用户[0:0:0:0:0:0:0:1],在[2021-07-11 00:03:37],访问了[com.wu.studyniuke.service.UserService.findUserById].
2021-07-11 00:03:37,714 INFO [http-nio-9999-exec-5] c.w.s.a.ServiceLogAspect [ServiceLogAspect.java:44] 用户[0:0:0:0:0:0:0:1],在[2021-07-11 00:03:37],访问了[com.wu.studyniuke.service.LikeService.findEntityLikeCount].
2021-07-11 00:03:37,715 INFO [http-nio-9999-exec-5] c.w.s.a.ServiceLogAspect [ServiceLogAspect.java:44] 用户[0:0:0:0:0:0:0:1],在[2021-07-11 00:03:37],访问了[com.wu.studyniuke.service.LikeService.findEntityLikeStatus].
2021-07-11 00:03:37,715 INFO [http-nio-9999-exec-5] c.w.s.a.ServiceLogAspect [ServiceLogAspect.java:44] 用户[0:0:0:0:0:0:0:1],在[2021-07-11 00:03:37],访问了[com.wu.studyniuke.service.UserService.findUserById].
2021-07-11 00:03:37,717 INFO [http-nio-9999-exec-5] c.w.s.a.ServiceLogAspect [ServiceLogAspect.java:44] 用户[0:0:0:0:0:0:0:1],在[2021-07-11 00:03:37],访问了[com.wu.studyniuke.service.LikeService.findEntityLikeCount].
2021-07-11 00:03:37,718 INFO [http-nio-9999-exec-5] c.w.s.a.ServiceLogAspect [ServiceLogAspect.java:44] 用户[0:0:0:0:0:0:0:1],在[2021-07-11 00:03:37],访问了[com.wu.studyniuke.service.LikeService.findEntityLikeStatus].
2021-07-11 00:03:37,718 INFO [http-nio-9999-exec-5] c.w.s.a.ServiceLogAspect [ServiceLogAspect.java:44] 用户[0:0:0:0:0:0:0:1],在[2021-07-11 00:03:37],访问了[com.wu.studyniuke.service.UserService.findUserById].
2021-07-11 00:03:37,720 INFO [http-nio-9999-exec-5] c.w.s.a.ServiceLogAspect [ServiceLogAspect.java:44] 用户[0:0:0:0:0:0:0:1],在[2021-07-11 00:03:37],访问了[com.wu.studyniuke.service.UserService.findUserById].
2021-07-11 00:03:37,722 INFO [http-nio-9999-exec-5] c.w.s.a.ServiceLogAspect [ServiceLogAspect.java:44] 用户[0:0:0:0:0:0:0:1],在[2021-07-11 00:03:37],访问了[com.wu.studyniuke.service.LikeService.findEntityLikeCount].
2021-07-11 00:03:37,724 INFO [http-nio-9999-exec-5] c.w.s.a.ServiceLogAspect [ServiceLogAspect.java:44] 用户[0:0:0:0:0:0:0:1],在[2021-07-11 00:03:37],访问了[com.wu.studyniuke.service.LikeService.findEntityLikeStatus].
2021-07-11 00:03:37,725 INFO [http-nio-9999-exec-5] c.w.s.a.ServiceLogAspect [ServiceLogAspect.java:44] 用户[0:0:0:0:0:0:0:1],在[2021-07-11 00:03:37],访问了[com.wu.studyniuke.service.UserService.findUserById].
2021-07-11 00:03:37,728 INFO [http-nio-9999-exec-5] c.w.s.a.ServiceLogAspect [ServiceLogAspect.java:44] 用户[0:0:0:0:0:0:0:1],在[2021-07-11 00:03:37],访问了[com.wu.studyniuke.service.UserService.findUserById].
2021-07-11 00:03:37,730 INFO [http-nio-9999-exec-5] c.w.s.a.ServiceLogAspect [ServiceLogAspect.java:44] 用户[0:0:0:0:0:0:0:1],在[2021-07-11 00:03:37],访问了[com.wu.studyniuke.service.LikeService.findEntityLikeCount].
2021-07-11 00:03:37,731 INFO [http-nio-9999-exec-5] c.w.s.a.ServiceLogAspect [ServiceLogAspect.java:44] 用户[0:0:0:0:0:0:0:1],在[2021-07-11 00:03:37],访问了[com.wu.studyniuke.service.LikeService.findEntityLikeStatus].
2021-07-11 00:03:37,732 INFO [http-nio-9999-exec-5] c.w.s.a.ServiceLogAspect [ServiceLogAspect.java:44] 用户[0:0:0:0:0:0:0:1],在[2021-07-11 00:03:37],访问了[com.wu.studyniuke.service.CommentService.queryCommentCount].
2021-07-11 00:03:37,734 INFO [http-nio-9999-exec-5] c.w.s.a.ServiceLogAspect [ServiceLogAspect.java:44] 用户[0:0:0:0:0:0:0:1],在[2021-07-11 00:03:37],访问了[com.wu.studyniuke.service.UserService.findUserById].
2021-07-11 00:03:37,735 INFO [http-nio-9999-exec-5] c.w.s.a.ServiceLogAspect [ServiceLogAspect.java:44] 用户[0:0:0:0:0:0:0:1],在[2021-07-11 00:03:37],访问了[com.wu.studyniuke.service.LikeService.findEntityLikeCount].
2021-07-11 00:03:37,736 INFO [http-nio-9999-exec-5] c.w.s.a.ServiceLogAspect [ServiceLogAspect.java:44] 用户[0:0:0:0:0:0:0:1],在[2021-07-11 00:03:37],访问了[com.wu.studyniuke.service.LikeService.findEntityLikeStatus].
2021-07-11 00:03:37,737 INFO [http-nio-9999-exec-5] c.w.s.a.ServiceLogAspect [ServiceLogAspect.java:44] 用户[0:0:0:0:0:0:0:1],在[2021-07-11 00:03:37],访问了[com.wu.studyniuke.service.CommentService.queryCommentByEntity].
2021-07-11 00:03:37,739 INFO [http-nio-9999-exec-5] c.w.s.a.ServiceLogAspect [ServiceLogAspect.java:44] 用户[0:0:0:0:0:0:0:1],在[2021-07-11 00:03:37],访问了[com.wu.studyniuke.service.UserService.findUserById].
2021-07-11 00:03:37,741 INFO [http-nio-9999-exec-5] c.w.s.a.ServiceLogAspect [ServiceLogAspect.java:44] 用户[0:0:0:0:0:0:0:1],在[2021-07-11 00:03:37],访问了[com.wu.studyniuke.service.UserService.findUserById].
2021-07-11 00:03:37,743 INFO [http-nio-9999-exec-5] c.w.s.a.ServiceLogAspect [ServiceLogAspect.java:44] 用户[0:0:0:0:0:0:0:1],在[2021-07-11 00:03:37],访问了[com.wu.studyniuke.service.LikeService.findEntityLikeCount].
2021-07-11 00:03:37,744 INFO [http-nio-9999-exec-5] c.w.s.a.ServiceLogAspect [ServiceLogAspect.java:44] 用户[0:0:0:0:0:0:0:1],在[2021-07-11 00:03:37],访问了[com.wu.studyniuke.service.LikeService.findEntityLikeStatus].
2021-07-11 00:03:37,745 INFO [http-nio-9999-exec-5] c.w.s.a.ServiceLogAspect [ServiceLogAspect.java:44] 用户[0:0:0:0:0:0:0:1],在[2021-07-11 00:03:37],访问了[com.wu.studyniuke.service.UserService.findUserById].
2021-07-11 00:03:37,747 INFO [http-nio-9999-exec-5] c.w.s.a.ServiceLogAspect [ServiceLogAspect.java:44] 用户[0:0:0:0:0:0:0:1],在[2021-07-11 00:03:37],访问了[com.wu.studyniuke.service.UserService.findUserById].
2021-07-11 00:03:37,749 INFO [http-nio-9999-exec-5] c.w.s.a.ServiceLogAspect [ServiceLogAspect.java:44] 用户[0:0:0:0:0:0:0:1],在[2021-07-11 00:03:37],访问了[com.wu.studyniuke.service.LikeService.findEntityLikeCount].
2021-07-11 00:03:37,750 INFO [http-nio-9999-exec-5] c.w.s.a.ServiceLogAspect [ServiceLogAspect.java:44] 用户[0:0:0:0:0:0:0:1],在[2021-07-11 00:03:37],访问了[com.wu.studyniuke.service.LikeService.findEntityLikeStatus].
2021-07-11 00:03:37,751 INFO [http-nio-9999-exec-5] c.w.s.a.ServiceLogAspect [ServiceLogAspect.java:44] 用户[0:0:0:0:0:0:0:1],在[2021-07-11 00:03:37],访问了[com.wu.studyniuke.service.CommentService.queryCommentCount].
2021-07-11 00:03:37,753 INFO [http-nio-9999-exec-5] c.w.s.a.ServiceLogAspect [ServiceLogAspect.java:44] 用户[0:0:0:0:0:0:0:1],在[2021-07-11 00:03:37],访问了[com.wu.studyniuke.service.UserService.findUserById].
2021-07-11 00:03:37,754 INFO [http-nio-9999-exec-5] c.w.s.a.ServiceLogAspect [ServiceLogAspect.java:44] 用户[0:0:0:0:0:0:0:1],在[2021-07-11 00:03:37],访问了[com.wu.studyniuke.service.LikeService.findEntityLikeCount].
2021-07-11 00:03:37,756 INFO [http-nio-9999-exec-5] c.w.s.a.ServiceLogAspect [ServiceLogAspect.java:44] 用户[0:0:0:0:0:0:0:1],在[2021-07-11 00:03:37],访问了[com.wu.studyniuke.service.LikeService.findEntityLikeStatus].
2021-07-11 00:03:37,757 INFO [http-nio-9999-exec-5] c.w.s.a.ServiceLogAspect [ServiceLogAspect.java:44] 用户[0:0:0:0:0:0:0:1],在[2021-07-11 00:03:37],访问了[com.wu.studyniuke.service.CommentService.queryCommentByEntity].
2021-07-11 00:03:37,759 INFO [http-nio-9999-exec-5] c.w.s.a.ServiceLogAspect [ServiceLogAspect.java:44] 用户[0:0:0:0:0:0:0:1],在[2021-07-11 00:03:37],访问了[com.wu.studyniuke.service.CommentService.queryCommentCount].
2021-07-11 00:03:37,761 INFO [http-nio-9999-exec-5] c.w.s.a.ServiceLogAspect [ServiceLogAspect.java:44] 用户[0:0:0:0:0:0:0:1],在[2021-07-11 00:03:37],访问了[com.wu.studyniuke.service.UserService.findUserById].
2021-07-11 00:03:37,763 INFO [http-nio-9999-exec-5] c.w.s.a.ServiceLogAspect [ServiceLogAspect.java:44] 用户[0:0:0:0:0:0:0:1],在[2021-07-11 00:03:37],访问了[com.wu.studyniuke.service.LikeService.findEntityLikeCount].
2021-07-11 00:03:37,763 INFO [http-nio-9999-exec-5] c.w.s.a.ServiceLogAspect [ServiceLogAspect.java:44] 用户[0:0:0:0:0:0:0:1],在[2021-07-11 00:03:37],访问了[com.wu.studyniuke.service.LikeService.findEntityLikeStatus].
2021-07-11 00:03:37,765 INFO [http-nio-9999-exec-5] c.w.s.a.ServiceLogAspect [ServiceLogAspect.java:44] 用户[0:0:0:0:0:0:0:1],在[2021-07-11 00:03:37],访问了[com.wu.studyniuke.service.CommentService.queryCommentByEntity].
2021-07-11 00:03:37,767 INFO [http-nio-9999-exec-5] c.w.s.a.ServiceLogAspect [ServiceLogAspect.java:44] 用户[0:0:0:0:0:0:0:1],在[2021-07-11 00:03:37],访问了[com.wu.studyniuke.service.CommentService.queryCommentCount].
2021-07-11 00:03:37,768 INFO [http-nio-9999-exec-5] c.w.s.a.ServiceLogAspect [ServiceLogAspect.java:44] 用户[0:0:0:0:0:0:0:1],在[2021-07-11 00:03:37],访问了[com.wu.studyniuke.service.UserService.findUserById].
2021-07-11 00:03:37,769 INFO [http-nio-9999-exec-5] c.w.s.a.ServiceLogAspect [ServiceLogAspect.java:44] 用户[0:0:0:0:0:0:0:1],在[2021-07-11 00:03:37],访问了[com.wu.studyniuke.service.LikeService.findEntityLikeCount].
2021-07-11 00:03:37,770 INFO [http-nio-9999-exec-5] c.w.s.a.ServiceLogAspect [ServiceLogAspect.java:44] 用户[0:0:0:0:0:0:0:1],在[2021-07-11 00:03:37],访问了[com.wu.studyniuke.service.LikeService.findEntityLikeStatus].
2021-07-11 00:03:37,771 INFO [http-nio-9999-exec-5] c.w.s.a.ServiceLogAspect [ServiceLogAspect.java:44] 用户[0:0:0:0:0:0:0:1],在[2021-07-11 00:03:37],访问了[com.wu.studyniuke.service.CommentService.queryCommentByEntity].
2021-07-11 00:03:37,773 INFO [http-nio-9999-exec-5] c.w.s.a.ServiceLogAspect [ServiceLogAspect.java:44] 用户[0:0:0:0:0:0:0:1],在[2021-07-11 00:03:37],访问了[com.wu.studyniuke.service.CommentService.queryCommentCount].
2021-07-11 00:03:37,798 INFO [http-nio-9999-exec-4] c.w.s.a.ServiceLogAspect [ServiceLogAspect.java:44] 用户[0:0:0:0:0:0:0:1],在[2021-07-11 00:03:37],访问了[com.wu.studyniuke.service.UserService.findLoginTicket].
2021-07-11 00:03:37,800 INFO [http-nio-9999-exec-4] c.w.s.a.ServiceLogAspect [ServiceLogAspect.java:44] 用户[0:0:0:0:0:0:0:1],在[2021-07-11 00:03:37],访问了[com.wu.studyniuke.service.UserService.findUserById].
2021-07-11 00:03:39,385 INFO [http-nio-9999-exec-7] c.w.s.a.ServiceLogAspect [ServiceLogAspect.java:44] 用户[0:0:0:0:0:0:0:1],在[2021-07-11 00:03:39],访问了[com.wu.studyniuke.service.UserService.findLoginTicket].
2021-07-11 00:03:39,387 INFO [http-nio-9999-exec-7] c.w.s.a.ServiceLogAspect [ServiceLogAspect.java:44] 用户[0:0:0:0:0:0:0:1],在[2021-07-11 00:03:39],访问了[com.wu.studyniuke.service.UserService.findUserById].
2021-07-11 00:03:39,390 INFO [http-nio-9999-exec-7] c.w.s.a.ServiceLogAspect [ServiceLogAspect.java:44] 用户[0:0:0:0:0:0:0:1],在[2021-07-11 00:03:39],访问了[com.wu.studyniuke.service.DiscussPostService.queryDiscussPost].
2021-07-11 00:03:39,393 INFO [http-nio-9999-exec-7] c.w.s.a.ServiceLogAspect [ServiceLogAspect.java:44] 用户[0:0:0:0:0:0:0:1],在[2021-07-11 00:03:39],访问了[com.wu.studyniuke.service.UserService.findUserById].
2021-07-11 00:03:39,395 INFO [http-nio-9999-exec-7] c.w.s.a.ServiceLogAspect [ServiceLogAspect.java:44] 用户[0:0:0:0:0:0:0:1],在[2021-07-11 00:03:39],访问了[com.wu.studyniuke.service.LikeService.findEntityLikeCount].
2021-07-11 00:03:39,396 INFO [http-nio-9999-exec-7] c.w.s.a.ServiceLogAspect [ServiceLogAspect.java:44] 用户[0:0:0:0:0:0:0:1],在[2021-07-11 00:03:39],访问了[com.wu.studyniuke.service.LikeService.findEntityLikeStatus].
2021-07-11 00:03:39,398 INFO [http-nio-9999-exec-7] c.w.s.a.ServiceLogAspect [ServiceLogAspect.java:44] 用户[0:0:0:0:0:0:0:1],在[2021-07-11 00:03:39],访问了[com.wu.studyniuke.service.CommentService.queryCommentByEntity].
2021-07-11 00:03:39,400 INFO [http-nio-9999-exec-7] c.w.s.a.ServiceLogAspect [ServiceLogAspect.java:44] 用户[0:0:0:0:0:0:0:1],在[2021-07-11 00:03:39],访问了[com.wu.studyniuke.service.UserService.findUserById].
2021-07-11 00:03:39,402 INFO [http-nio-9999-exec-7] c.w.s.a.ServiceLogAspect [ServiceLogAspect.java:44] 用户[0:0:0:0:0:0:0:1],在[2021-07-11 00:03:39],访问了[com.wu.studyniuke.service.LikeService.findEntityLikeCount].
2021-07-11 00:03:39,402 INFO [http-nio-9999-exec-7] c.w.s.a.ServiceLogAspect [ServiceLogAspect.java:44] 用户[0:0:0:0:0:0:0:1],在[2021-07-11 00:03:39],访问了[com.wu.studyniuke.service.LikeService.findEntityLikeStatus].
2021-07-11 00:03:39,403 INFO [http-nio-9999-exec-7] c.w.s.a.ServiceLogAspect [ServiceLogAspect.java:44] 用户[0:0:0:0:0:0:0:1],在[2021-07-11 00:03:39],访问了[com.wu.studyniuke.service.CommentService.queryCommentByEntity].
2021-07-11 00:03:39,406 INFO [http-nio-9999-exec-7] c.w.s.a.ServiceLogAspect [ServiceLogAspect.java:44] 用户[0:0:0:0:0:0:0:1],在[2021-07-11 00:03:39],访问了[com.wu.studyniuke.service.UserService.findUserById].
2021-07-11 00:03:39,408 INFO [http-nio-9999-exec-7] c.w.s.a.ServiceLogAspect [ServiceLogAspect.java:44] 用户[0:0:0:0:0:0:0:1],在[2021-07-11 00:03:39],访问了[com.wu.studyniuke.service.LikeService.findEntityLikeCount].
2021-07-11 00:03:39,409 INFO [http-nio-9999-exec-7] c.w.s.a.ServiceLogAspect [ServiceLogAspect.java:44] 用户[0:0:0:0:0:0:0:1],在[2021-07-11 00:03:39],访问了[com.wu.studyniuke.service.LikeService.findEntityLikeStatus].
2021-07-11 00:03:39,410 INFO [http-nio-9999-exec-7] c.w.s.a.ServiceLogAspect [ServiceLogAspect.java:44] 用户[0:0:0:0:0:0:0:1],在[2021-07-11 00:03:39],访问了[com.wu.studyniuke.service.UserService.findUserById].
2021-07-11 00:03:39,413 INFO [http-nio-9999-exec-7] c.w.s.a.ServiceLogAspect [ServiceLogAspect.java:44] 用户[0:0:0:0:0:0:0:1],在[2021-07-11 00:03:39],访问了[com.wu.studyniuke.service.LikeService.findEntityLikeCount].
2021-07-11 00:03:39,413 INFO [http-nio-9999-exec-7] c.w.s.a.ServiceLogAspect [ServiceLogAspect.java:44] 用户[0:0:0:0:0:0:0:1],在[2021-07-11 00:03:39],访问了[com.wu.studyniuke.service.LikeService.findEntityLikeStatus].
2021-07-11 00:03:39,414 INFO [http-nio-9999-exec-7] c.w.s.a.ServiceLogAspect [ServiceLogAspect.java:44] 用户[0:0:0:0:0:0:0:1],在[2021-07-11 00:03:39],访问了[com.wu.studyniuke.service.UserService.findUserById].
2021-07-11 00:03:39,416 INFO [http-nio-9999-exec-7] c.w.s.a.ServiceLogAspect [ServiceLogAspect.java:44] 用户[0:0:0:0:0:0:0:1],在[2021-07-11 00:03:39],访问了[com.wu.studyniuke.service.UserService.findUserById].
2021-07-11 00:03:39,417 INFO [http-nio-9999-exec-7] c.w.s.a.ServiceLogAspect [ServiceLogAspect.java:44] 用户[0:0:0:0:0:0:0:1],在[2021-07-11 00:03:39],访问了[com.wu.studyniuke.service.LikeService.findEntityLikeCount].
2021-07-11 00:03:39,418 INFO [http-nio-9999-exec-7] c.w.s.a.ServiceLogAspect [ServiceLogAspect.java:44] 用户[0:0:0:0:0:0:0:1],在[2021-07-11 00:03:39],访问了[com.wu.studyniuke.service.LikeService.findEntityLikeStatus].
2021-07-11 00:03:39,418 INFO [http-nio-9999-exec-7] c.w.s.a.ServiceLogAspect [ServiceLogAspect.java:44] 用户[0:0:0:0:0:0:0:1],在[2021-07-11 00:03:39],访问了[com.wu.studyniuke.service.UserService.findUserById].
2021-07-11 00:03:39,420 INFO [http-nio-9999-exec-7] c.w.s.a.ServiceLogAspect [ServiceLogAspect.java:44] 用户[0:0:0:0:0:0:0:1],在[2021-07-11 00:03:39],访问了[com.wu.studyniuke.service.UserService.findUserById].
2021-07-11 00:03:39,422 INFO [http-nio-9999-exec-7] c.w.s.a.ServiceLogAspect [ServiceLogAspect.java:44] 用户[0:0:0:0:0:0:0:1],在[2021-07-11 00:03:39],访问了[com.wu.studyniuke.service.LikeService.findEntityLikeCount].
2021-07-11 00:03:39,423 INFO [http-nio-9999-exec-7] c.w.s.a.ServiceLogAspect [ServiceLogAspect.java:44] 用户[0:0:0:0:0:0:0:1],在[2021-07-11 00:03:39],访问了[com.wu.studyniuke.service.LikeService.findEntityLikeStatus].
2021-07-11 00:03:39,424 INFO [http-nio-9999-exec-7] c.w.s.a.ServiceLogAspect [ServiceLogAspect.java:44] 用户[0:0:0:0:0:0:0:1],在[2021-07-11 00:03:39],访问了[com.wu.studyniuke.service.CommentService.queryCommentCount].
2021-07-11 00:03:39,426 INFO [http-nio-9999-exec-7] c.w.s.a.ServiceLogAspect [ServiceLogAspect.java:44] 用户[0:0:0:0:0:0:0:1],在[2021-07-11 00:03:39],访问了[com.wu.studyniuke.service.UserService.findUserById].
2021-07-11 00:03:39,428 INFO [http-nio-9999-exec-7] c.w.s.a.ServiceLogAspect [ServiceLogAspect.java:44] 用户[0:0:0:0:0:0:0:1],在[2021-07-11 00:03:39],访问了[com.wu.studyniuke.service.LikeService.findEntityLikeCount].
2021-07-11 00:03:39,429 INFO [http-nio-9999-exec-7] c.w.s.a.ServiceLogAspect [ServiceLogAspect.java:44] 用户[0:0:0:0:0:0:0:1],在[2021-07-11 00:03:39],访问了[com.wu.studyniuke.service.LikeService.findEntityLikeStatus].
2021-07-11 00:03:39,430 INFO [http-nio-9999-exec-7] c.w.s.a.ServiceLogAspect [ServiceLogAspect.java:44] 用户[0:0:0:0:0:0:0:1],在[2021-07-11 00:03:39],访问了[com.wu.studyniuke.service.CommentService.queryCommentByEntity].
2021-07-11 00:03:39,432 INFO [http-nio-9999-exec-7] c.w.s.a.ServiceLogAspect [ServiceLogAspect.java:44] 用户[0:0:0:0:0:0:0:1],在[2021-07-11 00:03:39],访问了[com.wu.studyniuke.service.UserService.findUserById].
2021-07-11 00:03:39,433 INFO [http-nio-9999-exec-7] c.w.s.a.ServiceLogAspect [ServiceLogAspect.java:44] 用户[0:0:0:0:0:0:0:1],在[2021-07-11 00:03:39],访问了[com.wu.studyniuke.service.UserService.findUserById].
2021-07-11 00:03:39,435 INFO [http-nio-9999-exec-7] c.w.s.a.ServiceLogAspect [ServiceLogAspect.java:44] 用户[0:0:0:0:0:0:0:1],在[2021-07-11 00:03:39],访问了[com.wu.studyniuke.service.LikeService.findEntityLikeCount].
2021-07-11 00:03:39,435 INFO [http-nio-9999-exec-7] c.w.s.a.ServiceLogAspect [ServiceLogAspect.java:44] 用户[0:0:0:0:0:0:0:1],在[2021-07-11 00:03:39],访问了[com.wu.studyniuke.service.LikeService.findEntityLikeStatus].
2021-07-11 00:03:39,436 INFO [http-nio-9999-exec-7] c.w.s.a.ServiceLogAspect [ServiceLogAspect.java:44] 用户[0:0:0:0:0:0:0:1],在[2021-07-11 00:03:39],访问了[com.wu.studyniuke.service.UserService.findUserById].
2021-07-11 00:03:39,438 INFO [http-nio-9999-exec-7] c.w.s.a.ServiceLogAspect [ServiceLogAspect.java:44] 用户[0:0:0:0:0:0:0:1],在[2021-07-11 00:03:39],访问了[com.wu.studyniuke.service.UserService.findUserById].
2021-07-11 00:03:39,441 INFO [http-nio-9999-exec-7] c.w.s.a.ServiceLogAspect [ServiceLogAspect.java:44] 用户[0:0:0:0:0:0:0:1],在[2021-07-11 00:03:39],访问了[com.wu.studyniuke.service.LikeService.findEntityLikeCount].
2021-07-11 00:03:39,441 INFO [http-nio-9999-exec-7] c.w.s.a.ServiceLogAspect [ServiceLogAspect.java:44] 用户[0:0:0:0:0:0:0:1],在[2021-07-11 00:03:39],访问了[com.wu.studyniuke.service.LikeService.findEntityLikeStatus].
2021-07-11 00:03:39,442 INFO [http-nio-9999-exec-7] c.w.s.a.ServiceLogAspect [ServiceLogAspect.java:44] 用户[0:0:0:0:0:0:0:1],在[2021-07-11 00:03:39],访问了[com.wu.studyniuke.service.CommentService.queryCommentCount].
2021-07-11 00:03:39,445 INFO [http-nio-9999-exec-7] c.w.s.a.ServiceLogAspect [ServiceLogAspect.java:44] 用户[0:0:0:0:0:0:0:1],在[2021-07-11 00:03:39],访问了[com.wu.studyniuke.service.UserService.findUserById].
2021-07-11 00:03:39,446 INFO [http-nio-9999-exec-7] c.w.s.a.ServiceLogAspect [ServiceLogAspect.java:44] 用户[0:0:0:0:0:0:0:1],在[2021-07-11 00:03:39],访问了[com.wu.studyniuke.service.LikeService.findEntityLikeCount].
2021-07-11 00:03:39,447 INFO [http-nio-9999-exec-7] c.w.s.a.ServiceLogAspect [ServiceLogAspect.java:44] 用户[0:0:0:0:0:0:0:1],在[2021-07-11 00:03:39],访问了[com.wu.studyniuke.service.LikeService.findEntityLikeStatus].
2021-07-11 00:03:39,448 INFO [http-nio-9999-exec-7] c.w.s.a.ServiceLogAspect [ServiceLogAspect.java:44] 用户[0:0:0:0:0:0:0:1],在[2021-07-11 00:03:39],访问了[com.wu.studyniuke.service.CommentService.queryCommentByEntity].
2021-07-11 00:03:39,449 INFO [http-nio-9999-exec-7] c.w.s.a.ServiceLogAspect [ServiceLogAspect.java:44] 用户[0:0:0:0:0:0:0:1],在[2021-07-11 00:03:39],访问了[com.wu.studyniuke.service.CommentService.queryCommentCount].
2021-07-11 00:03:39,451 INFO [http-nio-9999-exec-7] c.w.s.a.ServiceLogAspect [ServiceLogAspect.java:44] 用户[0:0:0:0:0:0:0:1],在[2021-07-11 00:03:39],访问了[com.wu.studyniuke.service.UserService.findUserById].
2021-07-11 00:03:39,452 INFO [http-nio-9999-exec-7] c.w.s.a.ServiceLogAspect [ServiceLogAspect.java:44] 用户[0:0:0:0:0:0:0:1],在[2021-07-11 00:03:39],访问了[com.wu.studyniuke.service.LikeService.findEntityLikeCount].
2021-07-11 00:03:39,453 INFO [http-nio-9999-exec-7] c.w.s.a.ServiceLogAspect [ServiceLogAspect.java:44] 用户[0:0:0:0:0:0:0:1],在[2021-07-11 00:03:39],访问了[com.wu.studyniuke.service.LikeService.findEntityLikeStatus].
2021-07-11 00:03:39,454 INFO [http-nio-9999-exec-7] c.w.s.a.ServiceLogAspect [ServiceLogAspect.java:44] 用户[0:0:0:0:0:0:0:1],在[2021-07-11 00:03:39],访问了[com.wu.studyniuke.service.CommentService.queryCommentByEntity].
2021-07-11 00:03:39,456 INFO [http-nio-9999-exec-7] c.w.s.a.ServiceLogAspect [ServiceLogAspect.java:44] 用户[0:0:0:0:0:0:0:1],在[2021-07-11 00:03:39],访问了[com.wu.studyniuke.service.CommentService.queryCommentCount].
2021-07-11 00:03:39,458 INFO [http-nio-9999-exec-7] c.w.s.a.ServiceLogAspect [ServiceLogAspect.java:44] 用户[0:0:0:0:0:0:0:1],在[2021-07-11 00:03:39],访问了[com.wu.studyniuke.service.UserService.findUserById].
2021-07-11 00:03:39,460 INFO [http-nio-9999-exec-7] c.w.s.a.ServiceLogAspect [ServiceLogAspect.java:44] 用户[0:0:0:0:0:0:0:1],在[2021-07-11 00:03:39],访问了[com.wu.studyniuke.service.LikeService.findEntityLikeCount].
2021-07-11 00:03:39,461 INFO [http-nio-9999-exec-7] c.w.s.a.ServiceLogAspect [ServiceLogAspect.java:44] 用户[0:0:0:0:0:0:0:1],在[2021-07-11 00:03:39],访问了[com.wu.studyniuke.service.LikeService.findEntityLikeStatus].
2021-07-11 00:03:39,462 INFO [http-nio-9999-exec-7] c.w.s.a.ServiceLogAspect [ServiceLogAspect.java:44] 用户[0:0:0:0:0:0:0:1],在[2021-07-11 00:03:39],访问了[com.wu.studyniuke.service.CommentService.queryCommentByEntity].
2021-07-11 00:03:39,464 INFO [http-nio-9999-exec-7] c.w.s.a.ServiceLogAspect [ServiceLogAspect.java:44] 用户[0:0:0:0:0:0:0:1],在[2021-07-11 00:03:39],访问了[com.wu.studyniuke.service.CommentService.queryCommentCount].
2021-07-11 00:03:39,488 INFO [http-nio-9999-exec-9] c.w.s.a.ServiceLogAspect [ServiceLogAspect.java:44] 用户[0:0:0:0:0:0:0:1],在[2021-07-11 00:03:39],访问了[com.wu.studyniuke.service.UserService.findLoginTicket].
2021-07-11 00:03:39,492 INFO [http-nio-9999-exec-9] c.w.s.a.ServiceLogAspect [ServiceLogAspect.java:44] 用户[0:0:0:0:0:0:0:1],在[2021-07-11 00:03:39],访问了[com.wu.studyniuke.service.UserService.findUserById].
